*** Deployment Log ***
Result: SUCCESS
Date: June 9, 2017 10:53:43 AM EDT

# Deployed From:
   Project name: EUFULL-OPT_IN_FLSREMOVAL
   Username: murugesh.naidu@bms.eu.eufull
   Endpoint: test.salesforce.com

# Deployed To:
   Username: murugesh.naidu@bms.eu
   Endpoint: login.salesforce.com

# Deploy Results:
   File Name:    package.xml
   Full Name:  package.xml
   Action:  UPDATED
   Result:  SUCCESS
   Problem: n/a

   File Name:    permissionsets/EM_V3_Basic.permissionset
   Full Name:  EM_V3_Basic
   Action:  UPDATED
   Result:  SUCCESS
   Problem: n/a

   File Name:    profiles/BMS - EMEA - BE - HQ Access User.profile
   Full Name:  BMS - EMEA - BE - HQ Access User
   Action:  UPDATED
   Result:  SUCCESS
   Problem: n/a

   File Name:    profiles/BMS - EMEA - BE - HQ MSM User.profile
   Full Name:  BMS - EMEA - BE - HQ MSM User
   Action:  UPDATED
   Result:  SUCCESS
   Problem: n/a

   File Name:    profiles/BMS - EMEA - BE - HQ Sales User.profile
   Full Name:  BMS - EMEA - BE - HQ Sales User
   Action:  UPDATED
   Result:  SUCCESS
   Problem: n/a

   File Name:    profiles/BMS - EMEA - BE - REP - ACCESS.profile
   Full Name:  BMS - EMEA - BE - REP - ACCESS
   Action:  UPDATED
   Result:  SUCCESS
   Problem: n/a

   File Name:    profiles/BMS - EMEA - BE - REP - EPM.profile
   Full Name:  BMS - EMEA - BE - REP - EPM
   Action:  UPDATED
   Result:  SUCCESS
   Problem: n/a

   File Name:    profiles/BMS - EMEA - BE - REP - MSL.profile
   Full Name:  BMS - EMEA - BE - REP - MSL
   Action:  UPDATED
   Result:  SUCCESS
   Problem: n/a

   File Name:    profiles/BMS - EMEA - BE - REP - SALES.profile
   Full Name:  BMS - EMEA - BE - REP - SALES
   Action:  UPDATED
   Result:  SUCCESS
   Problem: n/a

   File Name:    profiles/BMS - EMEA - NL - HQ Access User.profile
   Full Name:  BMS - EMEA - NL - HQ Access User
   Action:  UPDATED
   Result:  SUCCESS
   Problem: n/a

   File Name:    profiles/BMS - EMEA - NL - HQ MSM User.profile
   Full Name:  BMS - EMEA - NL - HQ MSM User
   Action:  UPDATED
   Result:  SUCCESS
   Problem: n/a

   File Name:    profiles/BMS - EMEA - NL - HQ Sales User.profile
   Full Name:  BMS - EMEA - NL - HQ Sales User
   Action:  UPDATED
   Result:  SUCCESS
   Problem: n/a

   File Name:    profiles/BMS - EMEA - NL - REP - ACCESS.profile
   Full Name:  BMS - EMEA - NL - REP - ACCESS
   Action:  UPDATED
   Result:  SUCCESS
   Problem: n/a

   File Name:    profiles/BMS - EMEA - NL - REP - EPM.profile
   Full Name:  BMS - EMEA - NL - REP - EPM
   Action:  UPDATED
   Result:  SUCCESS
   Problem: n/a

   File Name:    profiles/BMS - EMEA - NL - REP - MSL.profile
   Full Name:  BMS - EMEA - NL - REP - MSL
   Action:  UPDATED
   Result:  SUCCESS
   Problem: n/a

   File Name:    profiles/BMS - EMEA - NL - REP - SALES.profile
   Full Name:  BMS - EMEA - NL - REP - SALES
   Action:  UPDATED
   Result:  SUCCESS
   Problem: n/a

   File Name:    profiles/BMS - EMEA - UKI - HQ Access User.profile
   Full Name:  BMS - EMEA - UKI - HQ Access User
   Action:  UPDATED
   Result:  SUCCESS
   Problem: n/a

   File Name:    profiles/BMS - EMEA - UKI - HQ MSM User.profile
   Full Name:  BMS - EMEA - UKI - HQ MSM User
   Action:  UPDATED
   Result:  SUCCESS
   Problem: n/a

   File Name:    profiles/BMS - EMEA - UKI - HQ Sales User.profile
   Full Name:  BMS - EMEA - UKI - HQ Sales User
   Action:  UPDATED
   Result:  SUCCESS
   Problem: n/a

   File Name:    profiles/BMS - EMEA - UKI - REP - KCM.profile
   Full Name:  BMS - EMEA - UKI - REP - KCM
   Action:  UPDATED
   Result:  SUCCESS
   Problem: n/a

   File Name:    profiles/BMS - EMEA - UKI - REP - MSL.profile
   Full Name:  BMS - EMEA - UKI - REP - MSL
   Action:  UPDATED
   Result:  SUCCESS
   Problem: n/a

   File Name:    profiles/BMS - EMEA - UKI - REP - SALES.profile
   Full Name:  BMS - EMEA - UKI - REP - SALES
   Action:  UPDATED
   Result:  SUCCESS
   Problem: n/a

# Test Results:
   n/a

n/a