*** Deployment Log ***
Result: SUCCESS
Date: June 9, 2017 3:16:51 PM EDT

# Deployed From:
   Project name: murugesh.naidu@EUFULL-TrackerUpdates
   Username: murugesh.naidu@bms.eu.eufull
   Endpoint: test.salesforce.com

# Deployed To:
   Username: murugesh.naidu@bms.eu
   Endpoint: login.salesforce.com

# Deploy Results:
   File Name:    email/unfiled$public/Activity_Team_Member_Template.email
   Full Name:  unfiled$public/Activity_Team_Member_Template
   Action:  UPDATED
   Result:  SUCCESS
   Problem: n/a

   File Name:    email/unfiled$public/EM_7_Days_Post_Event.email
   Full Name:  unfiled$public/EM_7_Days_Post_Event
   Action:  NO ACTION
   Result:  SUCCESS
   Problem: n/a

   File Name:    email/unfiled$public/EM_Activity_Canceled.email
   Full Name:  unfiled$public/EM_Activity_Canceled
   Action:  NO ACTION
   Result:  SUCCESS
   Problem: n/a

   File Name:    email/unfiled$public/Event_Status_Update.email
   Full Name:  unfiled$public/Event_Status_Update
   Action:  NO ACTION
   Result:  SUCCESS
   Problem: n/a

   File Name:    email/unfiled$public/Event_Team_Member_Template_2_0.email
   Full Name:  unfiled$public/Event_Team_Member_Template_2_0
   Action:  NO ACTION
   Result:  SUCCESS
   Problem: n/a

   File Name:    layouts/Company_Code_Details_HCPTS__c-Company Code Details Layout.layout
   Full Name:  Company_Code_Details_HCPTS__c-Company Code Details Layout
   Action:  NO ACTION
   Result:  SUCCESS
   Problem: n/a

   File Name:    layouts/EM_Vendor_vod__c-BMS Simple Payee Layout.layout
   Full Name:  EM_Vendor_vod__c-BMS Simple Payee Layout
   Action:  NO ACTION
   Result:  SUCCESS
   Problem: n/a

   File Name:    objectTranslations/EM_Attendee_vod__c-en_US.objectTranslation
   Full Name:  EM_Attendee_vod__c-en_US
   Action:  UPDATED
   Result:  SUCCESS
   Problem: n/a

   File Name:    objectTranslations/EM_Budget_vod__c-en_US.objectTranslation
   Full Name:  EM_Budget_vod__c-en_US
   Action:  NO ACTION
   Result:  SUCCESS
   Problem: n/a

   File Name:    objectTranslations/EM_Event_History_vod__c-en_US.objectTranslation
   Full Name:  EM_Event_History_vod__c-en_US
   Action:  NO ACTION
   Result:  SUCCESS
   Problem: n/a

   File Name:    objectTranslations/EM_Event_Speaker_vod__c-en_US.objectTranslation
   Full Name:  EM_Event_Speaker_vod__c-en_US
   Action:  UPDATED
   Result:  SUCCESS
   Problem: n/a

   File Name:    objectTranslations/EM_Event_Team_Member_vod__c-en_US.objectTranslation
   Full Name:  EM_Event_Team_Member_vod__c-en_US
   Action:  NO ACTION
   Result:  SUCCESS
   Problem: n/a

   File Name:    objectTranslations/EM_Event_vod__c-en_US.objectTranslation
   Full Name:  EM_Event_vod__c-en_US
   Action:  NO ACTION
   Result:  SUCCESS
   Problem: n/a

   File Name:    objectTranslations/Expense_Header_vod__c-en_US.objectTranslation
   Full Name:  Expense_Header_vod__c-en_US
   Action:  UPDATED
   Result:  SUCCESS
   Problem: n/a

   File Name:    objectTranslations/Expense_Line_vod__c-en_US.objectTranslation
   Full Name:  Expense_Line_vod__c-en_US
   Action:  NO ACTION
   Result:  SUCCESS
   Problem: n/a

   File Name:    objects/Company_Code_Details_HCPTS__c.object
   Full Name:  Company_Code_Details_HCPTS__c.Country_Code_HCPTS__c
   Action:  NO ACTION
   Result:  SUCCESS
   Problem: n/a

   File Name:    objects/EM_Attendee_vod__c.object
   Full Name:  EM_Attendee_vod__c.Employer_Consent_Required_HCPTS__c
   Action:  NO ACTION
   Result:  SUCCESS
   Problem: n/a

   File Name:    objects/EM_Attendee_vod__c.object
   Full Name:  EM_Attendee_vod__c.Status_vod__c
   Action:  UPDATED
   Result:  SUCCESS
   Problem: n/a

   File Name:    objects/EM_Attendee_vod__c.object
   Full Name:  EM_Attendee_vod__c.Simple_Attendee_HCPTS
   Action:  UPDATED
   Result:  SUCCESS
   Problem: n/a

   File Name:    objects/EM_Budget_vod__c.object
   Full Name:  EM_Budget_vod__c.Reviewing_User_HCPTS__c
   Action:  NO ACTION
   Result:  SUCCESS
   Problem: n/a

   File Name:    objects/EM_Budget_vod__c.object
   Full Name:  EM_Budget_vod__c.SC_Needs_HCPTS__c
   Action:  NO ACTION
   Result:  SUCCESS
   Problem: n/a

   File Name:    objects/EM_Budget_vod__c.object
   Full Name:  EM_Budget_vod__c.Scope_HCPTS__c
   Action:  NO ACTION
   Result:  SUCCESS
   Problem: n/a

   File Name:    objects/EM_Budget_vod__c.object
   Full Name:  EM_Budget_vod__c.Start_Date_vod__c
   Action:  NO ACTION
   Result:  SUCCESS
   Problem: n/a

   File Name:    objects/EM_Budget_vod__c.object
   Full Name:  EM_Budget_vod__c.Initiating_BU_HCPTS__c
   Action:  NO ACTION
   Result:  SUCCESS
   Problem: n/a

   File Name:    objects/EM_Budget_vod__c.object
   Full Name:  EM_Budget_vod__c.Is_Joint_Venture_Activity_HCPTS__c
   Action:  NO ACTION
   Result:  SUCCESS
   Problem: n/a

   File Name:    objects/EM_Budget_vod__c.object
   Full Name:  EM_Budget_vod__c.Joint_Venture_Detail_HCPTS__c
   Action:  NO ACTION
   Result:  SUCCESS
   Problem: n/a

   File Name:    objects/EM_Budget_vod__c.object
   Full Name:  EM_Budget_vod__c.Last_Modified_By_HCPTS__c
   Action:  NO ACTION
   Result:  SUCCESS
   Problem: n/a

   File Name:    objects/EM_Budget_vod__c.object
   Full Name:  EM_Budget_vod__c.Need_ID_HCPTS__c
   Action:  NO ACTION
   Result:  SUCCESS
   Problem: n/a

   File Name:    objects/EM_Budget_vod__c.object
   Full Name:  EM_Budget_vod__c.Need_Owner_HCPTS__c
   Action:  NO ACTION
   Result:  SUCCESS
   Problem: n/a

   File Name:    objects/EM_Budget_vod__c.object
   Full Name:  EM_Budget_vod__c.Parent_Budget_vod__c
   Action:  UPDATED
   Result:  SUCCESS
   Problem: n/a

   File Name:    objects/EM_Budget_vod__c.object
   Full Name:  EM_Budget_vod__c.Participant_Count_HCPTS__c
   Action:  NO ACTION
   Result:  SUCCESS
   Problem: n/a

   File Name:    objects/EM_Budget_vod__c.object
   Full Name:  EM_Budget_vod__c.Processor_HCPTS__c
   Action:  NO ACTION
   Result:  SUCCESS
   Problem: n/a

   File Name:    objects/EM_Budget_vod__c.object
   Full Name:  EM_Budget_vod__c.Product_vod__c
   Action:  NO ACTION
   Result:  SUCCESS
   Problem: n/a

   File Name:    objects/EM_Budget_vod__c.object
   Full Name:  EM_Budget_vod__c.Promotional_HCPTS__c
   Action:  NO ACTION
   Result:  SUCCESS
   Problem: n/a

   File Name:    objects/EM_Budget_vod__c.object
   Full Name:  EM_Budget_vod__c.Regulatory_Reviwer_HCPTS__c
   Action:  NO ACTION
   Result:  SUCCESS
   Problem: n/a

   File Name:    objects/EM_Budget_vod__c.object
   Full Name:  EM_Budget_vod__c.Status_vod__c
   Action:  NO ACTION
   Result:  SUCCESS
   Problem: n/a

   File Name:    objects/EM_Budget_vod__c.object
   Full Name:  EM_Budget_vod__c.Territory_vod__c
   Action:  NO ACTION
   Result:  SUCCESS
   Problem: n/a

   File Name:    objects/EM_Budget_vod__c.object
   Full Name:  EM_Budget_vod__c.Therapeutic_Area_HCPTS__c
   Action:  NO ACTION
   Result:  SUCCESS
   Problem: n/a

   File Name:    objects/EM_Budget_vod__c.object
   Full Name:  EM_Budget_vod__c.Topic_HCPTS__c
   Action:  NO ACTION
   Result:  SUCCESS
   Problem: n/a

   File Name:    objects/EM_Budget_vod__c.object
   Full Name:  EM_Budget_vod__c.Total_Budget_vod__c
   Action:  NO ACTION
   Result:  SUCCESS
   Problem: n/a

   File Name:    objects/EM_Budget_vod__c.object
   Full Name:  EM_Budget_vod__c.Version_HCPTS__c
   Action:  NO ACTION
   Result:  SUCCESS
   Problem: n/a

   File Name:    objects/EM_Budget_vod__c.object
   Full Name:  EM_Budget_vod__c.WBS_Number_HCPTS__c
   Action:  NO ACTION
   Result:  SUCCESS
   Problem: n/a

   File Name:    objects/EM_Budget_vod__c.object
   Full Name:  EM_Budget_vod__c.Activity_Country_HCPTS__c
   Action:  NO ACTION
   Result:  SUCCESS
   Problem: n/a

   File Name:    objects/EM_Budget_vod__c.object
   Full Name:  EM_Budget_vod__c.Committed_Remaining_vod__c
   Action:  NO ACTION
   Result:  SUCCESS
   Problem: n/a

   File Name:    objects/EM_Budget_vod__c.object
   Full Name:  EM_Budget_vod__c.Company_Code_Currency_HCPTS__c
   Action:  NO ACTION
   Result:  SUCCESS
   Problem: n/a

   File Name:    objects/EM_Budget_vod__c.object
   Full Name:  EM_Budget_vod__c.Company_Code_HCPTS__c
   Action:  NO ACTION
   Result:  SUCCESS
   Problem: n/a

   File Name:    objects/EM_Budget_vod__c.object
   Full Name:  EM_Budget_vod__c.Congress_Address_Line_1__c
   Action:  NO ACTION
   Result:  SUCCESS
   Problem: n/a

   File Name:    objects/EM_Budget_vod__c.object
   Full Name:  EM_Budget_vod__c.Congress_Address_Line_2_HCPTS__c
   Action:  NO ACTION
   Result:  SUCCESS
   Problem: n/a

   File Name:    objects/EM_Budget_vod__c.object
   Full Name:  EM_Budget_vod__c.Congress_City_HCPTS__c
   Action:  NO ACTION
   Result:  SUCCESS
   Problem: n/a

   File Name:    objects/EM_Budget_vod__c.object
   Full Name:  EM_Budget_vod__c.Congress_Name_HCPTS__c
   Action:  NO ACTION
   Result:  SUCCESS
   Problem: n/a

   File Name:    objects/EM_Budget_vod__c.object
   Full Name:  EM_Budget_vod__c.Congress_Postal_Code_HCPTS__c
   Action:  NO ACTION
   Result:  SUCCESS
   Problem: n/a

   File Name:    objects/EM_Budget_vod__c.object
   Full Name:  EM_Budget_vod__c.Congress_State_Province_HCPTS__c
   Action:  NO ACTION
   Result:  SUCCESS
   Problem: n/a

   File Name:    objects/EM_Budget_vod__c.object
   Full Name:  EM_Budget_vod__c.Copayment_HCPTS__c
   Action:  NO ACTION
   Result:  SUCCESS
   Problem: n/a

   File Name:    objects/EM_Budget_vod__c.object
   Full Name:  EM_Budget_vod__c.Cost_Center_Code_HCPTS__c
   Action:  NO ACTION
   Result:  SUCCESS
   Problem: n/a

   File Name:    objects/EM_Budget_vod__c.object
   Full Name:  EM_Budget_vod__c.Created_By_HCTPS__c
   Action:  NO ACTION
   Result:  SUCCESS
   Problem: n/a

   File Name:    objects/EM_Budget_vod__c.object
   Full Name:  EM_Budget_vod__c.Currency_HCPTS__c
   Action:  NO ACTION
   Result:  SUCCESS
   Problem: n/a

   File Name:    objects/EM_Budget_vod__c.object
   Full Name:  EM_Budget_vod__c.Cybergrant_ID_HCPTS__c
   Action:  NO ACTION
   Result:  SUCCESS
   Problem: n/a

   File Name:    objects/EM_Budget_vod__c.object
   Full Name:  EM_Budget_vod__c.Delegate_Sharing_rights_to_Processor__c
   Action:  NO ACTION
   Result:  SUCCESS
   Problem: n/a

   File Name:    objects/EM_Budget_vod__c.object
   Full Name:  EM_Budget_vod__c.Description_HCPTS__c
   Action:  NO ACTION
   Result:  SUCCESS
   Problem: n/a

   File Name:    objects/EM_Budget_vod__c.object
   Full Name:  EM_Budget_vod__c.End_Date_vod__c
   Action:  NO ACTION
   Result:  SUCCESS
   Problem: n/a

   File Name:    objects/EM_Budget_vod__c.object
   Full Name:  EM_Budget_vod__c.Estimated_Expenses_vod__c
   Action:  NO ACTION
   Result:  SUCCESS
   Problem: n/a

   File Name:    objects/EM_Budget_vod__c.object
   Full Name:  EM_Budget_vod__c.Estimated_Number_of_Activities_HCPTS__c
   Action:  NO ACTION
   Result:  SUCCESS
   Problem: n/a

   File Name:    objects/EM_Budget_vod__c.object
   Full Name:  EM_Budget_vod__c.Estimated_Remaining_vod__c
   Action:  NO ACTION
   Result:  SUCCESS
   Problem: n/a

   File Name:    objects/EM_Budget_vod__c.object
   Full Name:  EM_Budget_vod__c.External_ID_vod__c
   Action:  NO ACTION
   Result:  SUCCESS
   Problem: n/a

   File Name:    objects/EM_Budget_vod__c.object
   Full Name:  EM_Budget_vod__c.Fields_For_Approval_1_HCPTS__c
   Action:  NO ACTION
   Result:  SUCCESS
   Problem: n/a

   File Name:    objects/EM_Budget_vod__c.object
   Full Name:  EM_Budget_vod__c.Fields_For_Approval_HCPTS__c
   Action:  NO ACTION
   Result:  SUCCESS
   Problem: n/a

   File Name:    objects/EM_Budget_vod__c.object
   Full Name:  EM_Budget_vod__c.Funding_Country_HCPTS__c
   Action:  NO ACTION
   Result:  SUCCESS
   Problem: n/a

   File Name:    objects/EM_Budget_vod__c.object
   Full Name:  EM_Budget_vod__c.Activity_Format_HCPTS__c
   Action:  NO ACTION
   Result:  SUCCESS
   Problem: n/a

   File Name:    objects/EM_Budget_vod__c.object
   Full Name:  EM_Budget_vod__c.Activity_Type_HCPTS__c
   Action:  NO ACTION
   Result:  SUCCESS
   Problem: n/a

   File Name:    objects/EM_Budget_vod__c.object
   Full Name:  EM_Budget_vod__c.Actual_Expenses_vod__c
   Action:  NO ACTION
   Result:  SUCCESS
   Problem: n/a

   File Name:    objects/EM_Budget_vod__c.object
   Full Name:  EM_Budget_vod__c.Actual_Remaining_vod__c
   Action:  NO ACTION
   Result:  SUCCESS
   Problem: n/a

   File Name:    objects/EM_Budget_vod__c.object
   Full Name:  EM_Budget_vod__c.Approval_Status_HCPTS__c
   Action:  NO ACTION
   Result:  SUCCESS
   Problem: n/a

   File Name:    objects/EM_Budget_vod__c.object
   Full Name:  EM_Budget_vod__c.Approving_User_HCPTS__c
   Action:  NO ACTION
   Result:  SUCCESS
   Problem: n/a

   File Name:    objects/EM_Budget_vod__c.object
   Full Name:  EM_Budget_vod__c.Budget_Identifier_vod__c
   Action:  NO ACTION
   Result:  SUCCESS
   Problem: n/a

   File Name:    objects/EM_Budget_vod__c.object
   Full Name:  EM_Budget_vod__c.Child_Budget_Allocation_vod__c
   Action:  NO ACTION
   Result:  SUCCESS
   Problem: n/a

   File Name:    objects/EM_Budget_vod__c.object
   Full Name:  EM_Budget_vod__c.Committed_Expenses_vod__c
   Action:  NO ACTION
   Result:  SUCCESS
   Problem: n/a

   File Name:    objects/EM_Budget_vod__c.object
   Full Name:  EM_Budget_vod__c.Budget_vod
   Action:  NO ACTION
   Result:  SUCCESS
   Problem: n/a

   File Name:    objects/EM_Budget_vod__c.object
   Full Name:  EM_Budget_vod__c.Budget_with_HCP_Sponsorship_Guidance
   Action:  NO ACTION
   Result:  SUCCESS
   Problem: n/a

   File Name:    objects/EM_Budget_vod__c.object
   Full Name:  EM_Budget_vod__c.Budget_with_Speaker_Meeting_Serial_Guidance
   Action:  NO ACTION
   Result:  SUCCESS
   Problem: n/a

   File Name:    objects/EM_Budget_vod__c.object
   Full Name:  EM_Budget_vod__c.Initiative_HCPTS
   Action:  NO ACTION
   Result:  SUCCESS
   Problem: n/a

   File Name:    objects/EM_Budget_vod__c.object
   Full Name:  EM_Budget_vod__c.Need_HCPTS
   Action:  NO ACTION
   Result:  SUCCESS
   Problem: n/a

   File Name:    objects/EM_Budget_vod__c.object
   Full Name:  EM_Budget_vod__c.Simple_Budget_No_Guidance
   Action:  NO ACTION
   Result:  SUCCESS
   Problem: n/a

   File Name:    objects/EM_Budget_vod__c.object
   Full Name:  EM_Budget_vod__c.Speaker_Meeting_PartiallyLocked
   Action:  NO ACTION
   Result:  SUCCESS
   Problem: n/a

   File Name:    objects/EM_Budget_vod__c.object
   Full Name:  EM_Budget_vod__c.All
   Action:  NO ACTION
   Result:  SUCCESS
   Problem: n/a

   File Name:    objects/EM_Budget_vod__c.object
   Full Name:  EM_Budget_vod__c.All_Needs
   Action:  NO ACTION
   Result:  SUCCESS
   Problem: n/a

   File Name:    objects/EM_Budget_vod__c.object
   Full Name:  EM_Budget_vod__c.All_Needs_DE
   Action:  NO ACTION
   Result:  SUCCESS
   Problem: n/a

   File Name:    objects/EM_Budget_vod__c.object
   Full Name:  EM_Budget_vod__c.My_Needs
   Action:  NO ACTION
   Result:  SUCCESS
   Problem: n/a

   File Name:    objects/EM_Budget_vod__c.object
   Full Name:  EM_Budget_vod__c.My_Needs_DE
   Action:  NO ACTION
   Result:  SUCCESS
   Problem: n/a

   File Name:    objects/EM_Budget_vod__c.object
   Full Name:  EM_Budget_vod__c.Approver_HCPTS__c
   Action:  NO ACTION
   Result:  SUCCESS
   Problem: n/a

   File Name:    objects/EM_Budget_vod__c.object
   Full Name:  EM_Budget_vod__c.Certifier_HCPTS__c
   Action:  NO ACTION
   Result:  SUCCESS
   Problem: n/a

   File Name:    objects/EM_Budget_vod__c.object
   Full Name:  EM_Budget_vod__c.Need_Owner_HCPTS__c
   Action:  NO ACTION
   Result:  SUCCESS
   Problem: n/a

   File Name:    objects/EM_Budget_vod__c.object
   Full Name:  EM_Budget_vod__c.Processor_HCPTS__c
   Action:  NO ACTION
   Result:  SUCCESS
   Problem: n/a

   File Name:    objects/EM_Budget_vod__c.object
   Full Name:  EM_Budget_vod__c.Reviewer_HCPTS__c
   Action:  NO ACTION
   Result:  SUCCESS
   Problem: n/a

   File Name:    objects/EM_Budget_vod__c.object
   Full Name:  EM_Budget_vod__c.Submit_for_Approval_BMS
   Action:  NO ACTION
   Result:  SUCCESS
   Problem: n/a

   File Name:    objects/EM_Budget_vod__c.object
   Full Name:  EM_Budget_vod__c.Approver_cannot_be_Need_Owner
   Action:  NO ACTION
   Result:  SUCCESS
   Problem: n/a

   File Name:    objects/EM_Budget_vod__c.object
   Full Name:  EM_Budget_vod__c.Cannot_chose_both_WBS_Cost_Center
   Action:  NO ACTION
   Result:  SUCCESS
   Problem: n/a

   File Name:    objects/EM_Budget_vod__c.object
   Full Name:  EM_Budget_vod__c.Company_Cd_Required_for_Available_Budget
   Action:  NO ACTION
   Result:  SUCCESS
   Problem: n/a

   File Name:    objects/EM_Budget_vod__c.object
   Full Name:  EM_Budget_vod__c.End_Date_cannot_be_later_than_Start_Date
   Action:  NO ACTION
   Result:  SUCCESS
   Problem: n/a

   File Name:    objects/EM_Budget_vod__c.object
   Full Name:  EM_Budget_vod__c.Must_Have_Company_Code
   Action:  NO ACTION
   Result:  SUCCESS
   Problem: n/a

   File Name:    objects/EM_Budget_vod__c.object
   Full Name:  EM_Budget_vod__c
   Action:  NO ACTION
   Result:  SUCCESS
   Problem: n/a

   File Name:    objects/EM_Event_History_vod__c.object
   Full Name:  EM_Event_History_vod__c.Created_By_HCTPS__c
   Action:  NO ACTION
   Result:  SUCCESS
   Problem: n/a

   File Name:    objects/EM_Event_History_vod__c.object
   Full Name:  EM_Event_History_vod__c.End_Time_HCPTS__c
   Action:  NO ACTION
   Result:  SUCCESS
   Problem: n/a

   File Name:    objects/EM_Event_History_vod__c.object
   Full Name:  EM_Event_History_vod__c.Action_Date_HCTPS__c
   Action:  NO ACTION
   Result:  SUCCESS
   Problem: n/a

   File Name:    objects/EM_Event_History_vod__c.object
   Full Name:  EM_Event_History_vod__c.Action_Datetime_vod__c
   Action:  NO ACTION
   Result:  SUCCESS
   Problem: n/a

   File Name:    objects/EM_Event_History_vod__c.object
   Full Name:  EM_Event_History_vod__c.Action_Type_vod__c
   Action:  NO ACTION
   Result:  SUCCESS
   Problem: n/a

   File Name:    objects/EM_Event_History_vod__c.object
   Full Name:  EM_Event_History_vod__c.Activity_ID_HCPTS__c
   Action:  NO ACTION
   Result:  SUCCESS
   Problem: n/a

   File Name:    objects/EM_Event_History_vod__c.object
   Full Name:  EM_Event_History_vod__c.Activity_Name_HCPTS__c
   Action:  NO ACTION
   Result:  SUCCESS
   Problem: n/a

   File Name:    objects/EM_Event_History_vod__c.object
   Full Name:  EM_Event_History_vod__c.Approver_IDs_vod__c
   Action:  NO ACTION
   Result:  SUCCESS
   Problem: n/a

   File Name:    objects/EM_Event_History_vod__c.object
   Full Name:  EM_Event_History_vod__c.Comment_vod__c
   Action:  NO ACTION
   Result:  SUCCESS
   Problem: n/a

   File Name:    objects/EM_Event_History_vod__c.object
   Full Name:  EM_Event_History_vod__c.Ending_Status_vod__c
   Action:  NO ACTION
   Result:  SUCCESS
   Problem: n/a

   File Name:    objects/EM_Event_History_vod__c.object
   Full Name:  EM_Event_History_vod__c.Ending_Status_Simple_HCPTS__c
   Action:  NO ACTION
   Result:  SUCCESS
   Problem: n/a

   File Name:    objects/EM_Event_History_vod__c.object
   Full Name:  EM_Event_History_vod__c.Event_Creator_Email_HCPTS__c
   Action:  NO ACTION
   Result:  SUCCESS
   Problem: n/a

   File Name:    objects/EM_Event_History_vod__c.object
   Full Name:  EM_Event_History_vod__c.Event_vod__c
   Action:  NO ACTION
   Result:  SUCCESS
   Problem: n/a

   File Name:    objects/EM_Event_History_vod__c.object
   Full Name:  EM_Event_History_vod__c.External_ID_vod__c
   Action:  NO ACTION
   Result:  SUCCESS
   Problem: n/a

   File Name:    objects/EM_Event_History_vod__c.object
   Full Name:  EM_Event_History_vod__c.Last_Modified_By_HCPTS__c
   Action:  NO ACTION
   Result:  SUCCESS
   Problem: n/a

   File Name:    objects/EM_Event_History_vod__c.object
   Full Name:  EM_Event_History_vod__c.Next_Approver_Group_vod__c
   Action:  NO ACTION
   Result:  SUCCESS
   Problem: n/a

   File Name:    objects/EM_Event_History_vod__c.object
   Full Name:  EM_Event_History_vod__c.Next_Approver_Role_vod__c
   Action:  NO ACTION
   Result:  SUCCESS
   Problem: n/a

   File Name:    objects/EM_Event_History_vod__c.object
   Full Name:  EM_Event_History_vod__c.Next_Approver_vod__c
   Action:  NO ACTION
   Result:  SUCCESS
   Problem: n/a

   File Name:    objects/EM_Event_History_vod__c.object
   Full Name:  EM_Event_History_vod__c.User_vod__c
   Action:  NO ACTION
   Result:  SUCCESS
   Problem: n/a

   File Name:    objects/EM_Event_History_vod__c.object
   Full Name:  EM_Event_History_vod__c.Override_Lock_vod__c
   Action:  NO ACTION
   Result:  SUCCESS
   Problem: n/a

   File Name:    objects/EM_Event_History_vod__c.object
   Full Name:  EM_Event_History_vod__c.Parent_Activity_ID_HCPTS__c
   Action:  NO ACTION
   Result:  SUCCESS
   Problem: n/a

   File Name:    objects/EM_Event_History_vod__c.object
   Full Name:  EM_Event_History_vod__c.Processor_Email_HCPTS__c
   Action:  NO ACTION
   Result:  SUCCESS
   Problem: n/a

   File Name:    objects/EM_Event_History_vod__c.object
   Full Name:  EM_Event_History_vod__c.Product_TA_HCPTS__c
   Action:  NO ACTION
   Result:  SUCCESS
   Problem: n/a

   File Name:    objects/EM_Event_History_vod__c.object
   Full Name:  EM_Event_History_vod__c.Project_Owner_HCPTS__c
   Action:  NO ACTION
   Result:  SUCCESS
   Problem: n/a

   File Name:    objects/EM_Event_History_vod__c.object
   Full Name:  EM_Event_History_vod__c.Start_Date_HCPTS__c
   Action:  NO ACTION
   Result:  SUCCESS
   Problem: n/a

   File Name:    objects/EM_Event_History_vod__c.object
   Full Name:  EM_Event_History_vod__c.Starting_Status_Simple_HCPTS__c
   Action:  NO ACTION
   Result:  SUCCESS
   Problem: n/a

   File Name:    objects/EM_Event_History_vod__c.object
   Full Name:  EM_Event_History_vod__c.Starting_Status_vod__c
   Action:  NO ACTION
   Result:  SUCCESS
   Problem: n/a

   File Name:    objects/EM_Event_History_vod__c.object
   Full Name:  EM_Event_History_vod__c
   Action:  NO ACTION
   Result:  SUCCESS
   Problem: n/a

   File Name:    objects/EM_Event_History_vod__c.object
   Full Name:  EM_Event_History_vod__c.Event_History_vod
   Action:  UPDATED
   Result:  SUCCESS
   Problem: n/a

   File Name:    objects/EM_Event_History_vod__c.object
   Full Name:  EM_Event_History_vod__c.Event_Team_Member_vod__c
   Action:  NO ACTION
   Result:  SUCCESS
   Problem: n/a

   File Name:    objects/EM_Event_Speaker_vod__c.object
   Full Name:  EM_Event_Speaker_vod__c.Employer_Consent_Required_HCPTS__c
   Action:  NO ACTION
   Result:  SUCCESS
   Problem: n/a

   File Name:    objects/EM_Event_Speaker_vod__c.object
   Full Name:  EM_Event_Speaker_vod__c.Status_vod__c
   Action:  NO ACTION
   Result:  SUCCESS
   Problem: n/a

   File Name:    objects/EM_Event_Speaker_vod__c.object
   Full Name:  EM_Event_Speaker_vod__c.Simplified_Event_Speaker_HCPTS
   Action:  UPDATED
   Result:  SUCCESS
   Problem: n/a

   File Name:    objects/EM_Event_Team_Member_vod__c.object
   Full Name:  EM_Event_Team_Member_vod__c.External_ID_vod__c
   Action:  NO ACTION
   Result:  SUCCESS
   Problem: n/a

   File Name:    objects/EM_Event_Team_Member_vod__c.object
   Full Name:  EM_Event_Team_Member_vod__c.Group_Name_vod__c
   Action:  NO ACTION
   Result:  SUCCESS
   Problem: n/a

   File Name:    objects/EM_Event_Team_Member_vod__c.object
   Full Name:  EM_Event_Team_Member_vod__c.Last_Modified_By_HCPTS__c
   Action:  NO ACTION
   Result:  SUCCESS
   Problem: n/a

   File Name:    objects/EM_Event_Team_Member_vod__c.object
   Full Name:  EM_Event_Team_Member_vod__c.Mobile_ID_vod__c
   Action:  NO ACTION
   Result:  SUCCESS
   Problem: n/a

   File Name:    objects/EM_Event_Team_Member_vod__c.object
   Full Name:  EM_Event_Team_Member_vod__c.Override_Lock_vod__c
   Action:  NO ACTION
   Result:  SUCCESS
   Problem: n/a

   File Name:    objects/EM_Event_Team_Member_vod__c.object
   Full Name:  EM_Event_Team_Member_vod__c.Phone_HCPTS__c
   Action:  NO ACTION
   Result:  SUCCESS
   Problem: n/a

   File Name:    objects/EM_Event_Team_Member_vod__c.object
   Full Name:  EM_Event_Team_Member_vod__c.Phone_Number_vod__c
   Action:  NO ACTION
   Result:  SUCCESS
   Problem: n/a

   File Name:    objects/EM_Event_Team_Member_vod__c.object
   Full Name:  EM_Event_Team_Member_vod__c.Role_vod__c
   Action:  NO ACTION
   Result:  SUCCESS
   Problem: n/a

   File Name:    objects/EM_Event_Team_Member_vod__c.object
   Full Name:  EM_Event_Team_Member_vod__c.Team_Member_vod__c
   Action:  NO ACTION
   Result:  SUCCESS
   Problem: n/a

   File Name:    objects/EM_Event_Team_Member_vod__c.object
   Full Name:  EM_Event_Team_Member_vod__c.Type_HCPTS__c
   Action:  NO ACTION
   Result:  SUCCESS
   Problem: n/a

   File Name:    objects/EM_Event_Team_Member_vod__c.object
   Full Name:  EM_Event_Team_Member_vod__c.Event_vod__c
   Action:  NO ACTION
   Result:  SUCCESS
   Problem: n/a

   File Name:    objects/EM_Event_Team_Member_vod__c.object
   Full Name:  EM_Event_Team_Member_vod__c.Country_HCPTS__c
   Action:  NO ACTION
   Result:  SUCCESS
   Problem: n/a

   File Name:    objects/EM_Event_Team_Member_vod__c.object
   Full Name:  EM_Event_Team_Member_vod__c.Created_By_HCTPS__c
   Action:  NO ACTION
   Result:  SUCCESS
   Problem: n/a

   File Name:    objects/EM_Event_Team_Member_vod__c.object
   Full Name:  EM_Event_Team_Member_vod__c.Description_HCPTS__c
   Action:  NO ACTION
   Result:  SUCCESS
   Problem: n/a

   File Name:    objects/EM_Event_Team_Member_vod__c.object
   Full Name:  EM_Event_Team_Member_vod__c.Email_HCPTS__c
   Action:  NO ACTION
   Result:  SUCCESS
   Problem: n/a

   File Name:    objects/EM_Event_Team_Member_vod__c.object
   Full Name:  EM_Event_Team_Member_vod__c.Email_vod__c
   Action:  NO ACTION
   Result:  SUCCESS
   Problem: n/a

   File Name:    objects/EM_Event_Team_Member_vod__c.object
   Full Name:  EM_Event_Team_Member_vod__c
   Action:  NO ACTION
   Result:  SUCCESS
   Problem: n/a

   File Name:    objects/EM_Event_Team_Member_vod__c.object
   Full Name:  EM_Event_Team_Member_vod__c.Activity_Team_Member_Simple_HCPTS
   Action:  NO ACTION
   Result:  SUCCESS
   Problem: n/a

   File Name:    objects/EM_Event_Team_Member_vod__c.object
   Full Name:  EM_Event_Team_Member_vod__c.Event_Team_Member_vod
   Action:  NO ACTION
   Result:  SUCCESS
   Problem: n/a

   File Name:    objects/EM_Event_Team_Member_vod__c.object
   Full Name:  EM_Event_Team_Member_vod__c.Group_vod
   Action:  NO ACTION
   Result:  SUCCESS
   Problem: n/a

   File Name:    objects/EM_Event_Team_Member_vod__c.object
   Full Name:  EM_Event_Team_Member_vod__c.Person_Group_vod
   Action:  NO ACTION
   Result:  SUCCESS
   Problem: n/a

   File Name:    objects/EM_Event_Team_Member_vod__c.object
   Full Name:  EM_Event_Team_Member_vod__c.Prevent_Role_Updates_to_existing_records
   Action:  NO ACTION
   Result:  SUCCESS
   Problem: n/a

   File Name:    objects/EM_Event_vod__c.object
   Full Name:  EM_Event_vod__c.Account_Attendee_Fields_vod__c
   Action:  NO ACTION
   Result:  SUCCESS
   Problem: n/a

   File Name:    objects/EM_Event_vod__c.object
   Full Name:  EM_Event_vod__c.Activity_Format_HCPTS__c
   Action:  NO ACTION
   Result:  SUCCESS
   Problem: n/a

   File Name:    objects/EM_Event_vod__c.object
   Full Name:  EM_Event_vod__c.Activity_ID_2_HCPTS__c
   Action:  NO ACTION
   Result:  SUCCESS
   Problem: n/a

   File Name:    objects/EM_Event_vod__c.object
   Full Name:  EM_Event_vod__c.Activity_Id_HCPTS__c
   Action:  NO ACTION
   Result:  SUCCESS
   Problem: n/a

   File Name:    objects/EM_Event_vod__c.object
   Full Name:  EM_Event_vod__c.Activity_Status_HCPTS__c
   Action:  NO ACTION
   Result:  SUCCESS
   Problem: n/a

   File Name:    objects/EM_Event_vod__c.object
   Full Name:  EM_Event_vod__c.Activity_Type_Formula_HCPTS__c
   Action:  NO ACTION
   Result:  SUCCESS
   Problem: n/a

   File Name:    objects/EM_Event_vod__c.object
   Full Name:  EM_Event_vod__c.Activity_Type_Simple_HCPTS__c
   Action:  NO ACTION
   Result:  SUCCESS
   Problem: n/a

   File Name:    objects/EM_Event_vod__c.object
   Full Name:  EM_Event_vod__c.Actual_Attendance_vod__c
   Action:  NO ACTION
   Result:  SUCCESS
   Problem: n/a

   File Name:    objects/EM_Event_vod__c.object
   Full Name:  EM_Event_vod__c.Actual_Cost_vod__c
   Action:  NO ACTION
   Result:  SUCCESS
   Problem: n/a

   File Name:    objects/EM_Event_vod__c.object
   Full Name:  EM_Event_vod__c.Actual_Meal_Cost_Per_Person_vod__c
   Action:  NO ACTION
   Result:  SUCCESS
   Problem: n/a

   File Name:    objects/EM_Event_vod__c.object
   Full Name:  EM_Event_vod__c.Additional_Venue_Details_HCPTS__c
   Action:  NO ACTION
   Result:  SUCCESS
   Problem: n/a

   File Name:    objects/EM_Event_vod__c.object
   Full Name:  EM_Event_vod__c.Advisory_Board_HCPTS__c
   Action:  NO ACTION
   Result:  SUCCESS
   Problem: n/a

   File Name:    objects/EM_Event_vod__c.object
   Full Name:  EM_Event_vod__c.Age_HCPTS__c
   Action:  NO ACTION
   Result:  SUCCESS
   Problem: n/a

   File Name:    objects/EM_Event_vod__c.object
   Full Name:  EM_Event_vod__c.Alliance_Name_HCPTS__c
   Action:  NO ACTION
   Result:  SUCCESS
   Problem: n/a

   File Name:    objects/EM_Event_vod__c.object
   Full Name:  EM_Event_vod__c.Before_during_or_after_a_Congress__c
   Action:  NO ACTION
   Result:  SUCCESS
   Problem: n/a

   File Name:    objects/EM_Event_vod__c.object
   Full Name:  EM_Event_vod__c.Certifier_Formula_HCPTS__c
   Action:  NO ACTION
   Result:  SUCCESS
   Problem: n/a

   File Name:    objects/EM_Event_vod__c.object
   Full Name:  EM_Event_vod__c.Checklist_Complete_HCPTS__c
   Action:  NO ACTION
   Result:  SUCCESS
   Problem: n/a

   File Name:    objects/EM_Event_vod__c.object
   Full Name:  EM_Event_vod__c.City_Confirmed_HCPTS__c
   Action:  NO ACTION
   Result:  SUCCESS
   Problem: n/a

   File Name:    objects/EM_Event_vod__c.object
   Full Name:  EM_Event_vod__c.City_vod__c
   Action:  NO ACTION
   Result:  SUCCESS
   Problem: n/a

   File Name:    objects/EM_Event_vod__c.object
   Full Name:  EM_Event_vod__c.Committed_Cost_vod__c
   Action:  NO ACTION
   Result:  SUCCESS
   Problem: n/a

   File Name:    objects/EM_Event_vod__c.object
   Full Name:  EM_Event_vod__c.Confirmed_Venue_Postal_Code_HCPTS__c
   Action:  NO ACTION
   Result:  SUCCESS
   Problem: n/a

   File Name:    objects/EM_Event_vod__c.object
   Full Name:  EM_Event_vod__c.Congress_Names_HCPTS__c
   Action:  NO ACTION
   Result:  SUCCESS
   Problem: n/a

   File Name:    objects/EM_Event_vod__c.object
   Full Name:  EM_Event_vod__c.Contact_Attendee_Fields_vod__c
   Action:  NO ACTION
   Result:  SUCCESS
   Problem: n/a

   File Name:    objects/EM_Event_vod__c.object
   Full Name:  EM_Event_vod__c.Country_Confirmed_HCPTS__c
   Action:  NO ACTION
   Result:  SUCCESS
   Problem: n/a

   File Name:    objects/EM_Event_vod__c.object
   Full Name:  EM_Event_vod__c.Country_HCPTS__c
   Action:  NO ACTION
   Result:  SUCCESS
   Problem: n/a

   File Name:    objects/EM_Event_vod__c.object
   Full Name:  EM_Event_vod__c.Country_vod__c
   Action:  NO ACTION
   Result:  SUCCESS
   Problem: n/a

   File Name:    objects/EM_Event_vod__c.object
   Full Name:  EM_Event_vod__c.Created_By_Formula_HCPTS__c
   Action:  NO ACTION
   Result:  SUCCESS
   Problem: n/a

   File Name:    objects/EM_Event_vod__c.object
   Full Name:  EM_Event_vod__c.Created_By__c
   Action:  NO ACTION
   Result:  SUCCESS
   Problem: n/a

   File Name:    objects/EM_Event_vod__c.object
   Full Name:  EM_Event_vod__c.Cybergrant_ID_HCPTS__c
   Action:  NO ACTION
   Result:  SUCCESS
   Problem: n/a

   File Name:    objects/EM_Event_vod__c.object
   Full Name:  EM_Event_vod__c.Date_Put_In_Processor_Review__c
   Action:  NO ACTION
   Result:  SUCCESS
   Problem: n/a

   File Name:    objects/EM_Event_vod__c.object
   Full Name:  EM_Event_vod__c.Days_In_Processor_Review__c
   Action:  NO ACTION
   Result:  SUCCESS
   Problem: n/a

   File Name:    objects/EM_Event_vod__c.object
   Full Name:  EM_Event_vod__c.Description_vod__c
   Action:  NO ACTION
   Result:  SUCCESS
   Problem: n/a

   File Name:    objects/EM_Event_vod__c.object
   Full Name:  EM_Event_vod__c.Disclaimer_SRP_HCPTS__c
   Action:  NO ACTION
   Result:  SUCCESS
   Problem: n/a

   File Name:    objects/EM_Event_vod__c.object
   Full Name:  EM_Event_vod__c.Duration_in_Days_HCPTS__c
   Action:  NO ACTION
   Result:  SUCCESS
   Problem: n/a

   File Name:    objects/EM_Event_vod__c.object
   Full Name:  EM_Event_vod__c.Duration_of_Event_In_Hours_HCPTS__c
   Action:  NO ACTION
   Result:  SUCCESS
   Problem: n/a

   File Name:    objects/EM_Event_vod__c.object
   Full Name:  EM_Event_vod__c.End_Date_Formula_HCPTS__c
   Action:  NO ACTION
   Result:  SUCCESS
   Problem: n/a

   File Name:    objects/EM_Event_vod__c.object
   Full Name:  EM_Event_vod__c.End_Date_HCPTS__c
   Action:  NO ACTION
   Result:  SUCCESS
   Problem: n/a

   File Name:    objects/EM_Event_vod__c.object
   Full Name:  EM_Event_vod__c.End_Time_vod__c
   Action:  NO ACTION
   Result:  SUCCESS
   Problem: n/a

   File Name:    objects/EM_Event_vod__c.object
   Full Name:  EM_Event_vod__c.Estimated_Attendance_vod__c
   Action:  NO ACTION
   Result:  SUCCESS
   Problem: n/a

   File Name:    objects/EM_Event_vod__c.object
   Full Name:  EM_Event_vod__c.Estimated_Cost_vod__c
   Action:  NO ACTION
   Result:  SUCCESS
   Problem: n/a

   File Name:    objects/EM_Event_vod__c.object
   Full Name:  EM_Event_vod__c.Event_Configuration_vod__c
   Action:  NO ACTION
   Result:  SUCCESS
   Problem: n/a

   File Name:    objects/EM_Event_vod__c.object
   Full Name:  EM_Event_vod__c.Event_Display_Name_vod__c
   Action:  NO ACTION
   Result:  SUCCESS
   Problem: n/a

   File Name:    objects/EM_Event_vod__c.object
   Full Name:  EM_Event_vod__c.Exhibits_Booths_Displays__c
   Action:  NO ACTION
   Result:  SUCCESS
   Problem: n/a

   File Name:    objects/EM_Event_vod__c.object
   Full Name:  EM_Event_vod__c.External_ID_vod__c
   Action:  NO ACTION
   Result:  SUCCESS
   Problem: n/a

   File Name:    objects/EM_Event_vod__c.object
   Full Name:  EM_Event_vod__c.Food_and_Beverage_HCPTS__c
   Action:  NO ACTION
   Result:  SUCCESS
   Problem: n/a

   File Name:    objects/EM_Event_vod__c.object
   Full Name:  EM_Event_vod__c.Full_Location_HCPTS__c
   Action:  NO ACTION
   Result:  SUCCESS
   Problem: n/a

   File Name:    objects/EM_Event_vod__c.object
   Full Name:  EM_Event_vod__c.Amex_Support_Needed_HCPTS__c
   Action:  NO ACTION
   Result:  SUCCESS
   Problem: n/a

   File Name:    objects/EM_Event_vod__c.object
   Full Name:  EM_Event_vod__c.Approver_Email_HCPTS__c
   Action:  NO ACTION
   Result:  SUCCESS
   Problem: n/a

   File Name:    objects/EM_Event_vod__c.object
   Full Name:  EM_Event_vod__c.Approver_ID_HCPTS__c
   Action:  NO ACTION
   Result:  SUCCESS
   Problem: n/a

   File Name:    objects/EM_Event_vod__c.object
   Full Name:  EM_Event_vod__c.Attendee_Reconciliation_Complete_vod__c
   Action:  NO ACTION
   Result:  SUCCESS
   Problem: n/a

   File Name:    objects/EM_Event_vod__c.object
   Full Name:  EM_Event_vod__c.Attendees_Requesting_Meals_vod__c
   Action:  NO ACTION
   Result:  SUCCESS
   Problem: n/a

   File Name:    objects/EM_Event_vod__c.object
   Full Name:  EM_Event_vod__c.Attendees_With_Meals_vod__c
   Action:  NO ACTION
   Result:  SUCCESS
   Problem: n/a

   File Name:    objects/EM_Event_vod__c.object
   Full Name:  EM_Event_vod__c.Audio_Visual_Support_HCPTS__c
   Action:  NO ACTION
   Result:  SUCCESS
   Problem: n/a

   File Name:    objects/EM_Event_vod__c.object
   Full Name:  EM_Event_vod__c.Ground_Transportation_HCPTS__c
   Action:  NO ACTION
   Result:  SUCCESS
   Problem: n/a

   File Name:    objects/EM_Event_vod__c.object
   Full Name:  EM_Event_vod__c.HCO_Address_HCPTS__c
   Action:  NO ACTION
   Result:  SUCCESS
   Problem: n/a

   File Name:    objects/EM_Event_vod__c.object
   Full Name:  EM_Event_vod__c.HCO_HCPTS__c
   Action:  NO ACTION
   Result:  SUCCESS
   Problem: n/a

   File Name:    objects/EM_Event_vod__c.object
   Full Name:  EM_Event_vod__c.HCP_Sponsorship_HCPTS__c
   Action:  NO ACTION
   Result:  SUCCESS
   Problem: n/a

   File Name:    objects/EM_Event_vod__c.object
   Full Name:  EM_Event_vod__c.HCPs_With_Meals_vod__c
   Action:  NO ACTION
   Result:  SUCCESS
   Problem: n/a

   File Name:    objects/EM_Event_vod__c.object
   Full Name:  EM_Event_vod__c.Inherit_Expense_Esimates__c
   Action:  NO ACTION
   Result:  SUCCESS
   Problem: n/a

   File Name:    objects/EM_Event_vod__c.object
   Full Name:  EM_Event_vod__c.Product_HCPTS__c
   Action:  NO ACTION
   Result:  SUCCESS
   Problem: n/a

   File Name:    objects/EM_Event_vod__c.object
   Full Name:  EM_Event_vod__c.Postal_Code_vod__c
   Action:  NO ACTION
   Result:  SUCCESS
   Problem: n/a

   File Name:    objects/EM_Event_vod__c.object
   Full Name:  EM_Event_vod__c.Processor_Country_HCPTS__c
   Action:  NO ACTION
   Result:  SUCCESS
   Problem: n/a

   File Name:    objects/EM_Event_vod__c.object
   Full Name:  EM_Event_vod__c.Processor_Email_HCPTS__c
   Action:  NO ACTION
   Result:  SUCCESS
   Problem: n/a

   File Name:    objects/EM_Event_vod__c.object
   Full Name:  EM_Event_vod__c.Processor_HCPTS__c
   Action:  NO ACTION
   Result:  SUCCESS
   Problem: n/a

   File Name:    objects/EM_Event_vod__c.object
   Full Name:  EM_Event_vod__c.Processor_Phone_HCPTS__c
   Action:  NO ACTION
   Result:  SUCCESS
   Problem: n/a

   File Name:    objects/EM_Event_vod__c.object
   Full Name:  EM_Event_vod__c.Promotional_HCPTS__c
   Action:  NO ACTION
   Result:  SUCCESS
   Problem: n/a

   File Name:    objects/EM_Event_vod__c.object
   Full Name:  EM_Event_vod__c.Secondary_Product_TA_Simplified__c
   Action:  NO ACTION
   Result:  SUCCESS
   Problem: n/a

   File Name:    objects/EM_Event_vod__c.object
   Full Name:  EM_Event_vod__c.Send_Activity_Details_Report_Email__c
   Action:  NO ACTION
   Result:  SUCCESS
   Problem: n/a

   File Name:    objects/EM_Event_vod__c.object
   Full Name:  EM_Event_vod__c.Speaker_Meeting_HCPTS__c
   Action:  NO ACTION
   Result:  SUCCESS
   Problem: n/a

   File Name:    objects/EM_Event_vod__c.object
   Full Name:  EM_Event_vod__c.Sponsor_vod__c
   Action:  NO ACTION
   Result:  SUCCESS
   Problem: n/a

   File Name:    objects/EM_Event_vod__c.object
   Full Name:  EM_Event_vod__c.Starcite_ID_HCPTS__c
   Action:  NO ACTION
   Result:  SUCCESS
   Problem: n/a

   File Name:    objects/EM_Event_vod__c.object
   Full Name:  EM_Event_vod__c.Starcite_Id_2_HCPTS__c
   Action:  NO ACTION
   Result:  SUCCESS
   Problem: n/a

   File Name:    objects/EM_Event_vod__c.object
   Full Name:  EM_Event_vod__c.Starcite_Request_Status__c
   Action:  NO ACTION
   Result:  SUCCESS
   Problem: n/a

   File Name:    objects/EM_Event_vod__c.object
   Full Name:  EM_Event_vod__c.Start_Date_Formula_HCPTS__c
   Action:  NO ACTION
   Result:  SUCCESS
   Problem: n/a

   File Name:    objects/EM_Event_vod__c.object
   Full Name:  EM_Event_vod__c.Start_Date_HCPTS__c
   Action:  NO ACTION
   Result:  SUCCESS
   Problem: n/a

   File Name:    objects/EM_Event_vod__c.object
   Full Name:  EM_Event_vod__c.Start_Time_vod__c
   Action:  NO ACTION
   Result:  SUCCESS
   Problem: n/a

   File Name:    objects/EM_Event_vod__c.object
   Full Name:  EM_Event_vod__c.State_Province_HCPTS__c
   Action:  NO ACTION
   Result:  SUCCESS
   Problem: n/a

   File Name:    objects/EM_Event_vod__c.object
   Full Name:  EM_Event_vod__c.Invited_Attendees_vod__c
   Action:  NO ACTION
   Result:  SUCCESS
   Problem: n/a

   File Name:    objects/EM_Event_vod__c.object
   Full Name:  EM_Event_vod__c.Is_Joint_Venture_Activity_HCPTS__c
   Action:  NO ACTION
   Result:  SUCCESS
   Problem: n/a

   File Name:    objects/EM_Event_vod__c.object
   Full Name:  EM_Event_vod__c.Is_On_Weekend__c
   Action:  NO ACTION
   Result:  SUCCESS
   Problem: n/a

   File Name:    objects/EM_Event_vod__c.object
   Full Name:  EM_Event_vod__c.Joint_Venture_Detail_HCPTS__c
   Action:  NO ACTION
   Result:  SUCCESS
   Problem: n/a

   File Name:    objects/EM_Event_vod__c.object
   Full Name:  EM_Event_vod__c.Inherited_Budget_Need_HCPTS__c
   Action:  NO ACTION
   Result:  SUCCESS
   Problem: n/a

   File Name:    objects/EM_Event_vod__c.object
   Full Name:  EM_Event_vod__c.KOL_External_Id_vod__c
   Action:  NO ACTION
   Result:  SUCCESS
   Problem: n/a

   File Name:    objects/EM_Event_vod__c.object
   Full Name:  EM_Event_vod__c.Last_Comment_vod__c
   Action:  NO ACTION
   Result:  SUCCESS
   Problem: n/a

   File Name:    objects/EM_Event_vod__c.object
   Full Name:  EM_Event_vod__c.Last_Modified_By__c
   Action:  NO ACTION
   Result:  SUCCESS
   Problem: n/a

   File Name:    objects/EM_Event_vod__c.object
   Full Name:  EM_Event_vod__c.Location_Address_Confirmed_HCPTS__c
   Action:  NO ACTION
   Result:  SUCCESS
   Problem: n/a

   File Name:    objects/EM_Event_vod__c.object
   Full Name:  EM_Event_vod__c.Location_Address_Line_2_Confirmed_HCPTS__c
   Action:  NO ACTION
   Result:  SUCCESS
   Problem: n/a

   File Name:    objects/EM_Event_vod__c.object
   Full Name:  EM_Event_vod__c.Location_Address_Line_2_vod__c
   Action:  NO ACTION
   Result:  SUCCESS
   Problem: n/a

   File Name:    objects/EM_Event_vod__c.object
   Full Name:  EM_Event_vod__c.Location_Address_vod__c
   Action:  NO ACTION
   Result:  SUCCESS
   Problem: n/a

   File Name:    objects/EM_Event_vod__c.object
   Full Name:  EM_Event_vod__c.Location_vod_HCPTS__c
   Action:  NO ACTION
   Result:  SUCCESS
   Problem: n/a

   File Name:    objects/EM_Event_vod__c.object
   Full Name:  EM_Event_vod__c.Location_vod__c
   Action:  NO ACTION
   Result:  SUCCESS
   Problem: n/a

   File Name:    objects/EM_Event_vod__c.object
   Full Name:  EM_Event_vod__c.Lock_vod__c
   Action:  NO ACTION
   Result:  SUCCESS
   Problem: n/a

   File Name:    objects/EM_Event_vod__c.object
   Full Name:  EM_Event_vod__c.Logistics_Information_HCPTS__c
   Action:  NO ACTION
   Result:  SUCCESS
   Problem: n/a

   File Name:    objects/EM_Event_vod__c.object
   Full Name:  EM_Event_vod__c.Meeting_Attendee_Sheet__c
   Action:  NO ACTION
   Result:  SUCCESS
   Problem: n/a

   File Name:    objects/EM_Event_vod__c.object
   Full Name:  EM_Event_vod__c.Meeting_Rooms_HCPTS__c
   Action:  NO ACTION
   Result:  SUCCESS
   Problem: n/a

   File Name:    objects/EM_Event_vod__c.object
   Full Name:  EM_Event_vod__c.Mobile_ID_vod__c
   Action:  NO ACTION
   Result:  SUCCESS
   Problem: n/a

   File Name:    objects/EM_Event_vod__c.object
   Full Name:  EM_Event_vod__c.Need_Definition_HCPTS__c
   Action:  NO ACTION
   Result:  SUCCESS
   Problem: n/a

   File Name:    objects/EM_Event_vod__c.object
   Full Name:  EM_Event_vod__c.Need_ID__c
   Action:  NO ACTION
   Result:  SUCCESS
   Problem: n/a

   File Name:    objects/EM_Event_vod__c.object
   Full Name:  EM_Event_vod__c.Online_Registrant_Count_vod__c
   Action:  NO ACTION
   Result:  SUCCESS
   Problem: n/a

   File Name:    objects/EM_Event_vod__c.object
   Full Name:  EM_Event_vod__c.Online_Registration_Fields_vod__c
   Action:  NO ACTION
   Result:  SUCCESS
   Problem: n/a

   File Name:    objects/EM_Event_vod__c.object
   Full Name:  EM_Event_vod__c.Override_Lock_vod__c
   Action:  NO ACTION
   Result:  SUCCESS
   Problem: n/a

   File Name:    objects/EM_Event_vod__c.object
   Full Name:  EM_Event_vod__c.Owner_Name_Formula_HCPTS__c
   Action:  NO ACTION
   Result:  SUCCESS
   Problem: n/a

   File Name:    objects/EM_Event_vod__c.object
   Full Name:  EM_Event_vod__c.Parent_Event_vod__c
   Action:  NO ACTION
   Result:  SUCCESS
   Problem: n/a

   File Name:    objects/EM_Event_vod__c.object
   Full Name:  EM_Event_vod__c.Phase_HCPTS__c
   Action:  NO ACTION
   Result:  SUCCESS
   Problem: n/a

   File Name:    objects/EM_Event_vod__c.object
   Full Name:  EM_Event_vod__c.State_Province_vod__c
   Action:  NO ACTION
   Result:  SUCCESS
   Problem: n/a

   File Name:    objects/EM_Event_vod__c.object
   Full Name:  EM_Event_vod__c.Status_vod__c
   Action:  NO ACTION
   Result:  SUCCESS
   Problem: n/a

   File Name:    objects/EM_Event_vod__c.object
   Full Name:  EM_Event_vod__c.Stub_Mobile_Id_vod__c
   Action:  NO ACTION
   Result:  SUCCESS
   Problem: n/a

   File Name:    objects/EM_Event_vod__c.object
   Full Name:  EM_Event_vod__c.Stub_SFDC_Id_vod__c
   Action:  NO ACTION
   Result:  SUCCESS
   Problem: n/a

   File Name:    objects/EM_Event_vod__c.object
   Full Name:  EM_Event_vod__c.Subtype_HCPTS__c
   Action:  NO ACTION
   Result:  SUCCESS
   Problem: n/a

   File Name:    objects/EM_Event_vod__c.object
   Full Name:  EM_Event_vod__c.Topic_vod__c
   Action:  NO ACTION
   Result:  SUCCESS
   Problem: n/a

   File Name:    objects/EM_Event_vod__c.object
   Full Name:  EM_Event_vod__c.Travel_Accomodations_HCPTS__c
   Action:  NO ACTION
   Result:  SUCCESS
   Problem: n/a

   File Name:    objects/EM_Event_vod__c.object
   Full Name:  EM_Event_vod__c.User_Attendee_Fields_vod__c
   Action:  NO ACTION
   Result:  SUCCESS
   Problem: n/a

   File Name:    objects/EM_Event_vod__c.object
   Full Name:  EM_Event_vod__c.Vendor_vod__c
   Action:  NO ACTION
   Result:  SUCCESS
   Problem: n/a

   File Name:    objects/EM_Event_vod__c.object
   Full Name:  EM_Event_vod__c.Venue_Support_HCPTS__c
   Action:  NO ACTION
   Result:  SUCCESS
   Problem: n/a

   File Name:    objects/EM_Event_vod__c.object
   Full Name:  EM_Event_vod__c.Venue_vod__c
   Action:  NO ACTION
   Result:  SUCCESS
   Problem: n/a

   File Name:    objects/EM_Event_vod__c.object
   Full Name:  EM_Event_vod__c.Walk_In_Count_vod__c
   Action:  NO ACTION
   Result:  SUCCESS
   Problem: n/a

   File Name:    objects/EM_Event_vod__c.object
   Full Name:  EM_Event_vod__c.Walk_In_Fields_vod__c
   Action:  NO ACTION
   Result:  SUCCESS
   Problem: n/a

   File Name:    objects/EM_Event_vod__c.object
   Full Name:  EM_Event_vod__c.WasApproved_HCPTS__c
   Action:  NO ACTION
   Result:  SUCCESS
   Problem: n/a

   File Name:    objects/EM_Event_vod__c.object
   Full Name:  EM_Event_vod__c.Web_Source_vod__c
   Action:  NO ACTION
   Result:  SUCCESS
   Problem: n/a

   File Name:    objects/EM_Event_vod__c.object
   Full Name:  EM_Event_vod__c.zvod_Event_Layout_vod__c
   Action:  NO ACTION
   Result:  SUCCESS
   Problem: n/a

   File Name:    objects/EM_Event_vod__c.object
   Full Name:  EM_Event_vod__c
   Action:  NO ACTION
   Result:  SUCCESS
   Problem: n/a

   File Name:    objects/EM_Event_vod__c.object
   Full Name:  EM_Event_vod__c.In_Closeout
   Action:  NO ACTION
   Result:  SUCCESS
   Problem: n/a

   File Name:    objects/EM_Event_vod__c.object
   Full Name:  EM_Event_vod__c.All
   Action:  NO ACTION
   Result:  SUCCESS
   Problem: n/a

   File Name:    objects/EM_Event_vod__c.object
   Full Name:  EM_Event_vod__c.All_Activities
   Action:  NO ACTION
   Result:  SUCCESS
   Problem: n/a

   File Name:    objects/EM_Event_vod__c.object
   Full Name:  EM_Event_vod__c.All_Events_DE
   Action:  NO ACTION
   Result:  SUCCESS
   Problem: n/a

   File Name:    objects/EM_Event_vod__c.object
   Full Name:  EM_Event_vod__c.Approved
   Action:  NO ACTION
   Result:  SUCCESS
   Problem: n/a

   File Name:    objects/EM_Event_vod__c.object
   Full Name:  EM_Event_vod__c.Archived
   Action:  NO ACTION
   Result:  SUCCESS
   Problem: n/a

   File Name:    objects/EM_Event_vod__c.object
   Full Name:  EM_Event_vod__c.Canceled
   Action:  NO ACTION
   Result:  SUCCESS
   Problem: n/a

   File Name:    objects/EM_Event_vod__c.object
   Full Name:  EM_Event_vod__c.In_Draft
   Action:  NO ACTION
   Result:  SUCCESS
   Problem: n/a

   File Name:    objects/EM_Event_vod__c.object
   Full Name:  EM_Event_vod__c.In_Execution
   Action:  NO ACTION
   Result:  SUCCESS
   Problem: n/a

   File Name:    objects/EM_Event_vod__c.object
   Full Name:  EM_Event_vod__c.In_Planning
   Action:  NO ACTION
   Result:  SUCCESS
   Problem: n/a

   File Name:    objects/EM_Event_vod__c.object
   Full Name:  EM_Event_vod__c.In_Post_Execution
   Action:  NO ACTION
   Result:  SUCCESS
   Problem: n/a

   File Name:    objects/EM_Event_vod__c.object
   Full Name:  EM_Event_vod__c.In_Service_Coordinator_Review
   Action:  NO ACTION
   Result:  SUCCESS
   Problem: n/a

   File Name:    objects/EM_Event_vod__c.object
   Full Name:  EM_Event_vod__c.Pending_Approval
   Action:  NO ACTION
   Result:  SUCCESS
   Problem: n/a

   File Name:    objects/EM_Event_vod__c.object
   Full Name:  EM_Event_vod__c.Post_Event
   Action:  NO ACTION
   Result:  SUCCESS
   Problem: n/a

   File Name:    objects/EM_Event_vod__c.object
   Full Name:  EM_Event_vod__c.Pre_Event
   Action:  NO ACTION
   Result:  SUCCESS
   Problem: n/a

   File Name:    objects/EM_Event_vod__c.object
   Full Name:  EM_Event_vod__c.Rejected
   Action:  NO ACTION
   Result:  SUCCESS
   Problem: n/a

   File Name:    objects/EM_Event_vod__c.object
   Full Name:  EM_Event_vod__c.To_Approve
   Action:  NO ACTION
   Result:  SUCCESS
   Problem: n/a

   File Name:    objects/EM_Event_vod__c.object
   Full Name:  EM_Event_vod__c.Need_Related_Activities
   Action:  NO ACTION
   Result:  SUCCESS
   Problem: n/a

   File Name:    objects/EM_Event_vod__c.object
   Full Name:  EM_Event_vod__c.Start_Date_after_End_Date
   Action:  NO ACTION
   Result:  SUCCESS
   Problem: n/a

   File Name:    objects/EM_Event_vod__c.object
   Full Name:  EM_Event_vod__c.Event_Team_Member_vod__c
   Action:  NO ACTION
   Result:  SUCCESS
   Problem: n/a

   File Name:    objects/EM_Event_vod__c.object
   Full Name:  EM_Event_vod__c.Advisory_Board
   Action:  NO ACTION
   Result:  SUCCESS
   Problem: n/a

   File Name:    objects/EM_Event_vod__c.object
   Full Name:  EM_Event_vod__c.Congress_vod
   Action:  NO ACTION
   Result:  SUCCESS
   Problem: n/a

   File Name:    objects/EM_Event_vod__c.object
   Full Name:  EM_Event_vod__c.Cross_Org
   Action:  NO ACTION
   Result:  SUCCESS
   Problem: n/a

   File Name:    objects/EM_Event_vod__c.object
   Full Name:  EM_Event_vod__c.Event_Purchase
   Action:  NO ACTION
   Result:  SUCCESS
   Problem: n/a

   File Name:    objects/EM_Event_vod__c.object
   Full Name:  EM_Event_vod__c.Exhibits_Booths_and_Displays
   Action:  NO ACTION
   Result:  SUCCESS
   Problem: n/a

   File Name:    objects/EM_Event_vod__c.object
   Full Name:  EM_Event_vod__c.HCP_Sponsorship
   Action:  NO ACTION
   Result:  SUCCESS
   Problem: n/a

   File Name:    objects/EM_Event_vod__c.object
   Full Name:  EM_Event_vod__c.Internal_Speaking
   Action:  NO ACTION
   Result:  SUCCESS
   Problem: n/a

   File Name:    objects/EM_Event_vod__c.object
   Full Name:  EM_Event_vod__c.Investigator_Meeting_vod
   Action:  NO ACTION
   Result:  SUCCESS
   Problem: n/a

   File Name:    objects/EM_Event_vod__c.object
   Full Name:  EM_Event_vod__c.Other_Consulting
   Action:  NO ACTION
   Result:  SUCCESS
   Problem: n/a

   File Name:    objects/EM_Event_vod__c.object
   Full Name:  EM_Event_vod__c.Preceptorship
   Action:  NO ACTION
   Result:  SUCCESS
   Problem: n/a

   File Name:    objects/EM_Event_vod__c.object
   Full Name:  EM_Event_vod__c.R_D_Committee
   Action:  NO ACTION
   Result:  SUCCESS
   Problem: n/a

   File Name:    objects/EM_Event_vod__c.object
   Full Name:  EM_Event_vod__c.Round_Table_vod
   Action:  NO ACTION
   Result:  SUCCESS
   Problem: n/a

   File Name:    objects/EM_Event_vod__c.object
   Full Name:  EM_Event_vod__c.Simple_Activity_HCPTS
   Action:  NO ACTION
   Result:  SUCCESS
   Problem: n/a

   File Name:    objects/EM_Event_vod__c.object
   Full Name:  EM_Event_vod__c.Speaker_Meeting
   Action:  NO ACTION
   Result:  SUCCESS
   Problem: n/a

   File Name:    objects/EM_Event_vod__c.object
   Full Name:  EM_Event_vod__c.Speaker_Program_vod
   Action:  NO ACTION
   Result:  SUCCESS
   Problem: n/a

   File Name:    objects/EM_Event_vod__c.object
   Full Name:  EM_Event_vod__c.Speaker_Series
   Action:  NO ACTION
   Result:  SUCCESS
   Problem: n/a

   File Name:    objects/EM_Event_vod__c.object
   Full Name:  EM_Event_vod__c.Speaker_Training
   Action:  NO ACTION
   Result:  SUCCESS
   Problem: n/a

   File Name:    objects/EM_Event_vod__c.object
   Full Name:  EM_Event_vod__c.Standard_Rep_Presentation
   Action:  NO ACTION
   Result:  SUCCESS
   Problem: n/a

   File Name:    objects/EM_Event_vod__c.object
   Full Name:  EM_Event_vod__c.Execute_BMS
   Action:  NO ACTION
   Result:  SUCCESS
   Problem: n/a

   File Name:    objects/EM_Event_vod__c.object
   Full Name:  EM_Event_vod__c.Generate_Invitations_vod
   Action:  NO ACTION
   Result:  SUCCESS
   Problem: n/a

   File Name:    objects/EM_Event_vod__c.object
   Full Name:  EM_Event_vod__c.Generate_Sign_In_vod
   Action:  NO ACTION
   Result:  SUCCESS
   Problem: n/a

   File Name:    objects/EM_Event_vod__c.object
   Full Name:  EM_Event_vod__c.In_Planning_BMS
   Action:  NO ACTION
   Result:  SUCCESS
   Problem: n/a

   File Name:    objects/EM_Event_vod__c.object
   Full Name:  EM_Event_vod__c.Manage_Attendees_vod
   Action:  NO ACTION
   Result:  SUCCESS
   Problem: n/a

   File Name:    objects/EM_Event_vod__c.object
   Full Name:  EM_Event_vod__c.Meeting_Attendees
   Action:  NO ACTION
   Result:  SUCCESS
   Problem: n/a

   File Name:    objects/EM_Event_vod__c.object
   Full Name:  EM_Event_vod__c.Approve_vod
   Action:  NO ACTION
   Result:  SUCCESS
   Problem: n/a

   File Name:    objects/EM_Event_vod__c.object
   Full Name:  EM_Event_vod__c.Attendee_Reconciliation_vod
   Action:  NO ACTION
   Result:  SUCCESS
   Problem: n/a

   File Name:    objects/EM_Event_vod__c.object
   Full Name:  EM_Event_vod__c.Cancel_Event_vod
   Action:  NO ACTION
   Result:  SUCCESS
   Problem: n/a

   File Name:    objects/EM_Event_vod__c.object
   Full Name:  EM_Event_vod__c.Close_vod
   Action:  NO ACTION
   Result:  SUCCESS
   Problem: n/a

   File Name:    objects/EM_Event_vod__c.object
   Full Name:  EM_Event_vod__c.Closeout_BMS
   Action:  NO ACTION
   Result:  SUCCESS
   Problem: n/a

   File Name:    objects/EM_Event_vod__c.object
   Full Name:  EM_Event_vod__c.PostEvent
   Action:  NO ACTION
   Result:  SUCCESS
   Problem: n/a

   File Name:    objects/EM_Event_vod__c.object
   Full Name:  EM_Event_vod__c.PostEventPostApproval
   Action:  NO ACTION
   Result:  SUCCESS
   Problem: n/a

   File Name:    objects/EM_Event_vod__c.object
   Full Name:  EM_Event_vod__c.Post_Execution_BMS
   Action:  NO ACTION
   Result:  SUCCESS
   Problem: n/a

   File Name:    objects/EM_Event_vod__c.object
   Full Name:  EM_Event_vod__c.Reapprove_BMS
   Action:  NO ACTION
   Result:  SUCCESS
   Problem: n/a

   File Name:    objects/EM_Event_vod__c.object
   Full Name:  EM_Event_vod__c.Recall_Approval_Request_vod
   Action:  NO ACTION
   Result:  SUCCESS
   Problem: n/a

   File Name:    objects/EM_Event_vod__c.object
   Full Name:  EM_Event_vod__c.Recall_BMS
   Action:  NO ACTION
   Result:  SUCCESS
   Problem: n/a

   File Name:    objects/EM_Event_vod__c.object
   Full Name:  EM_Event_vod__c.Record_a_Call_vod
   Action:  NO ACTION
   Result:  SUCCESS
   Problem: n/a

   File Name:    objects/EM_Event_vod__c.object
   Full Name:  EM_Event_vod__c.Reject_vod
   Action:  NO ACTION
   Result:  SUCCESS
   Problem: n/a

   File Name:    objects/EM_Event_vod__c.object
   Full Name:  EM_Event_vod__c.Replan_BMS
   Action:  NO ACTION
   Result:  SUCCESS
   Problem: n/a

   File Name:    objects/EM_Event_vod__c.object
   Full Name:  EM_Event_vod__c.Reschedule_vod
   Action:  NO ACTION
   Result:  SUCCESS
   Problem: n/a

   File Name:    objects/EM_Event_vod__c.object
   Full Name:  EM_Event_vod__c.Send_Email_vod
   Action:  NO ACTION
   Result:  SUCCESS
   Problem: n/a

   File Name:    objects/EM_Event_vod__c.object
   Full Name:  EM_Event_vod__c.Submit_for_Approval_vod
   Action:  NO ACTION
   Result:  SUCCESS
   Problem: n/a

   File Name:    objects/EM_Event_vod__c.object
   Full Name:  EM_Event_vod__c.Submit_for_SFDC_Approval_BMS
   Action:  NO ACTION
   Result:  SUCCESS
   Problem: n/a

   File Name:    objects/EM_Event_vod__c.object
   Full Name:  EM_Event_vod__c.Unlock_PostApproval
   Action:  NO ACTION
   Result:  SUCCESS
   Problem: n/a

   File Name:    objects/EM_Event_vod__c.object
   Full Name:  EM_Event_vod__c.Unlock_vod
   Action:  NO ACTION
   Result:  SUCCESS
   Problem: n/a

   File Name:    objects/EM_Event_vod__c.object
   Full Name:  EM_Event_vod__c.View_Signatures_vod
   Action:  NO ACTION
   Result:  SUCCESS
   Problem: n/a

   File Name:    objects/EM_Event_vod__c.object
   Full Name:  EM_Event_vod__c.Contract_Metadata_Submit_for_Approval
   Action:  NO ACTION
   Result:  SUCCESS
   Problem: n/a

   File Name:    objects/EM_Event_vod__c.object
   Full Name:  EM_Event_vod__c.Estimate_Cannot_Exceed_Budget
   Action:  NO ACTION
   Result:  SUCCESS
   Problem: n/a

   File Name:    objects/EM_Event_vod__c.object
   Full Name:  EM_Event_vod__c.Must_Provider_Venue_Country
   Action:  NO ACTION
   Result:  SUCCESS
   Problem: n/a

   File Name:    objects/EM_Event_vod__c.object
   Full Name:  EM_Event_vod__c.Must_fill_Congress_Info
   Action:  NO ACTION
   Result:  SUCCESS
   Problem: n/a

   File Name:    objects/EM_Event_vod__c.object
   Full Name:  EM_Event_vod__c.Must_fill_Congress_Info_2
   Action:  NO ACTION
   Result:  SUCCESS
   Problem: n/a

   File Name:    objects/EM_Event_vod__c.object
   Full Name:  EM_Event_vod__c.Must_have_a_Primary_Assigned_Need
   Action:  NO ACTION
   Result:  SUCCESS
   Problem: n/a

   File Name:    objects/EM_Event_vod__c.object
   Full Name:  EM_Event_vod__c.Required_Fields_For_Business_Approval
   Action:  NO ACTION
   Result:  SUCCESS
   Problem: n/a

   File Name:    objects/Expense_Header_vod__c.object
   Full Name:  Expense_Header_vod__c.Last_Modified_Date_HCPTS__c
   Action:  NO ACTION
   Result:  SUCCESS
   Problem: n/a

   File Name:    objects/Expense_Header_vod__c.object
   Full Name:  Expense_Header_vod__c.Material_Group__c
   Action:  NO ACTION
   Result:  SUCCESS
   Problem: n/a

   File Name:    objects/Expense_Header_vod__c.object
   Full Name:  Expense_Header_vod__c.Mobile_ID_vod__c
   Action:  NO ACTION
   Result:  SUCCESS
   Problem: n/a

   File Name:    objects/Expense_Header_vod__c.object
   Full Name:  Expense_Header_vod__c.OriginatingSystemReferenceID_HCPTS__c
   Action:  NO ACTION
   Result:  SUCCESS
   Problem: n/a

   File Name:    objects/Expense_Header_vod__c.object
   Full Name:  Expense_Header_vod__c.Override_Lock_vod__c
   Action:  NO ACTION
   Result:  SUCCESS
   Problem: n/a

   File Name:    objects/Expense_Header_vod__c.object
   Full Name:  Expense_Header_vod__c.PO_Create_Date_HCPTS__c
   Action:  NO ACTION
   Result:  SUCCESS
   Problem: n/a

   File Name:    objects/Expense_Header_vod__c.object
   Full Name:  Expense_Header_vod__c.Payee_Account_vod__c
   Action:  NO ACTION
   Result:  SUCCESS
   Problem: n/a

   File Name:    objects/Expense_Header_vod__c.object
   Full Name:  Expense_Header_vod__c.Payee_Attendee_vod__c
   Action:  NO ACTION
   Result:  SUCCESS
   Problem: n/a

   File Name:    objects/Expense_Header_vod__c.object
   Full Name:  Expense_Header_vod__c.Payee_Speaker_vod__c
   Action:  NO ACTION
   Result:  SUCCESS
   Problem: n/a

   File Name:    objects/Expense_Header_vod__c.object
   Full Name:  Expense_Header_vod__c.Payee_Team_Member_vod__c
   Action:  NO ACTION
   Result:  SUCCESS
   Problem: n/a

   File Name:    objects/Expense_Header_vod__c.object
   Full Name:  Expense_Header_vod__c.Payee_Vendor_vod__c
   Action:  NO ACTION
   Result:  SUCCESS
   Problem: n/a

   File Name:    objects/Expense_Header_vod__c.object
   Full Name:  Expense_Header_vod__c.Payee_Venue_vod__c
   Action:  NO ACTION
   Result:  SUCCESS
   Problem: n/a

   File Name:    objects/Expense_Header_vod__c.object
   Full Name:  Expense_Header_vod__c.Payee_vod__c
   Action:  NO ACTION
   Result:  SUCCESS
   Problem: n/a

   File Name:    objects/Expense_Header_vod__c.object
   Full Name:  Expense_Header_vod__c.Payment_Date_vod__c
   Action:  NO ACTION
   Result:  SUCCESS
   Problem: n/a

   File Name:    objects/Expense_Header_vod__c.object
   Full Name:  Expense_Header_vod__c.Payment_Due_Date_vod__c
   Action:  NO ACTION
   Result:  SUCCESS
   Problem: n/a

   File Name:    objects/Expense_Header_vod__c.object
   Full Name:  Expense_Header_vod__c.Payment_Status_HCPTS_S1__c
   Action:  NO ACTION
   Result:  SUCCESS
   Problem: n/a

   File Name:    objects/Expense_Header_vod__c.object
   Full Name:  Expense_Header_vod__c.Plant_Code_Name_HCPTS__c
   Action:  NO ACTION
   Result:  SUCCESS
   Problem: n/a

   File Name:    objects/Expense_Header_vod__c.object
   Full Name:  Expense_Header_vod__c.Processor_ID_HCPTS__c
   Action:  NO ACTION
   Result:  SUCCESS
   Problem: n/a

   File Name:    objects/Expense_Header_vod__c.object
   Full Name:  Expense_Header_vod__c.Purchase_Order_Number__c
   Action:  NO ACTION
   Result:  SUCCESS
   Problem: n/a

   File Name:    objects/Expense_Header_vod__c.object
   Full Name:  Expense_Header_vod__c.Purchase_Org_HCPTS__c
   Action:  NO ACTION
   Result:  SUCCESS
   Problem: n/a

   File Name:    objects/Expense_Header_vod__c.object
   Full Name:  Expense_Header_vod__c.Requested_Currency_HCPTS__c
   Action:  NO ACTION
   Result:  SUCCESS
   Problem: n/a

   File Name:    objects/Expense_Header_vod__c.object
   Full Name:  Expense_Header_vod__c.SAP_Company_Code_HCPTS__c
   Action:  NO ACTION
   Result:  SUCCESS
   Problem: n/a

   File Name:    objects/Expense_Header_vod__c.object
   Full Name:  Expense_Header_vod__c.SAP_Cost_Center_Code_HCPTS__c
   Action:  NO ACTION
   Result:  SUCCESS
   Problem: n/a

   File Name:    objects/Expense_Header_vod__c.object
   Full Name:  Expense_Header_vod__c.SAP_WBS_Code_HCPTS__c
   Action:  NO ACTION
   Result:  SUCCESS
   Problem: n/a

   File Name:    objects/Expense_Header_vod__c.object
   Full Name:  Expense_Header_vod__c.SFDC_ID_HCPTS__c
   Action:  NO ACTION
   Result:  SUCCESS
   Problem: n/a

   File Name:    objects/Expense_Header_vod__c.object
   Full Name:  Expense_Header_vod__c.Split_Lines_vod__c
   Action:  NO ACTION
   Result:  SUCCESS
   Problem: n/a

   File Name:    objects/Expense_Header_vod__c.object
   Full Name:  Expense_Header_vod__c.Status_vod__c
   Action:  NO ACTION
   Result:  SUCCESS
   Problem: n/a

   File Name:    objects/Expense_Header_vod__c.object
   Full Name:  Expense_Header_vod__c.Tax_Code_HCPTS__c
   Action:  NO ACTION
   Result:  SUCCESS
   Problem: n/a

   File Name:    objects/Expense_Header_vod__c.object
   Full Name:  Expense_Header_vod__c.Tax_Market_HCPTS__c
   Action:  NO ACTION
   Result:  SUCCESS
   Problem: n/a

   File Name:    objects/Expense_Header_vod__c.object
   Full Name:  Expense_Header_vod__c.Title_HCPTS__c
   Action:  NO ACTION
   Result:  SUCCESS
   Problem: n/a

   File Name:    objects/Expense_Header_vod__c.object
   Full Name:  Expense_Header_vod__c.VAT_Liable_Simple_HCPTS__c
   Action:  NO ACTION
   Result:  SUCCESS
   Problem: n/a

   File Name:    objects/Expense_Header_vod__c.object
   Full Name:  Expense_Header_vod__c.Vendor_ID_2_HCPTS__c
   Action:  NO ACTION
   Result:  SUCCESS
   Problem: n/a

   File Name:    objects/Expense_Header_vod__c.object
   Full Name:  Expense_Header_vod__c.Vendor_ID_HCPTS__c
   Action:  NO ACTION
   Result:  SUCCESS
   Problem: n/a

   File Name:    objects/Expense_Header_vod__c.object
   Full Name:  Expense_Header_vod__c.Vendor_Mat_Group_Concat_HCPTS__c
   Action:  NO ACTION
   Result:  SUCCESS
   Problem: n/a

   File Name:    objects/Expense_Header_vod__c.object
   Full Name:  Expense_Header_vod__c.WBS_Code_HCPTS__c
   Action:  NO ACTION
   Result:  SUCCESS
   Problem: n/a

   File Name:    objects/Expense_Header_vod__c.object
   Full Name:  Expense_Header_vod__c.Event_vod__c
   Action:  UPDATED
   Result:  SUCCESS
   Problem: n/a

   File Name:    objects/Expense_Header_vod__c.object
   Full Name:  Expense_Header_vod__c.External_ID_vod__c
   Action:  NO ACTION
   Result:  SUCCESS
   Problem: n/a

   File Name:    objects/Expense_Header_vod__c.object
   Full Name:  Expense_Header_vod__c.Generate_Invoice_Validation_HCPTS__c
   Action:  NO ACTION
   Result:  SUCCESS
   Problem: n/a

   File Name:    objects/Expense_Header_vod__c.object
   Full Name:  Expense_Header_vod__c.Generate_Invoice__c
   Action:  NO ACTION
   Result:  SUCCESS
   Problem: n/a

   File Name:    objects/Expense_Header_vod__c.object
   Full Name:  Expense_Header_vod__c.Incurred_Expense_Account_vod__c
   Action:  NO ACTION
   Result:  SUCCESS
   Problem: n/a

   File Name:    objects/Expense_Header_vod__c.object
   Full Name:  Expense_Header_vod__c.Incurred_Expense_Attendee_vod__c
   Action:  NO ACTION
   Result:  SUCCESS
   Problem: n/a

   File Name:    objects/Expense_Header_vod__c.object
   Full Name:  Expense_Header_vod__c.Incurred_Expense_Speaker_vod__c
   Action:  NO ACTION
   Result:  SUCCESS
   Problem: n/a

   File Name:    objects/Expense_Header_vod__c.object
   Full Name:  Expense_Header_vod__c.Incurred_Expense_Team_Member_vod__c
   Action:  NO ACTION
   Result:  SUCCESS
   Problem: n/a

   File Name:    objects/Expense_Header_vod__c.object
   Full Name:  Expense_Header_vod__c.Incurred_Expense_Vendor_vod__c
   Action:  NO ACTION
   Result:  SUCCESS
   Problem: n/a

   File Name:    objects/Expense_Header_vod__c.object
   Full Name:  Expense_Header_vod__c.Incurred_Expense_Venue_vod__c
   Action:  NO ACTION
   Result:  SUCCESS
   Problem: n/a

   File Name:    objects/Expense_Header_vod__c.object
   Full Name:  Expense_Header_vod__c.Incurred_Expense_vod__c
   Action:  NO ACTION
   Result:  SUCCESS
   Problem: n/a

   File Name:    objects/Expense_Header_vod__c.object
   Full Name:  Expense_Header_vod__c.Invoice_Simple_Formula_HCPTS__c
   Action:  NO ACTION
   Result:  SUCCESS
   Problem: n/a

   File Name:    objects/Expense_Header_vod__c.object
   Full Name:  Expense_Header_vod__c.Last_Modified_By_HCPTS__c
   Action:  NO ACTION
   Result:  SUCCESS
   Problem: n/a

   File Name:    objects/Expense_Header_vod__c.object
   Full Name:  Expense_Header_vod__c.Company_Code_HCPTS__c
   Action:  NO ACTION
   Result:  SUCCESS
   Problem: n/a

   File Name:    objects/Expense_Header_vod__c.object
   Full Name:  Expense_Header_vod__c.Conga_Invoice_Group__c
   Action:  NO ACTION
   Result:  SUCCESS
   Problem: n/a

   File Name:    objects/Expense_Header_vod__c.object
   Full Name:  Expense_Header_vod__c.Contract_Party_Name_2_HCPTS__c
   Action:  NO ACTION
   Result:  SUCCESS
   Problem: n/a

   File Name:    objects/Expense_Header_vod__c.object
   Full Name:  Expense_Header_vod__c.Cost_Center_Code_HCPTS__c
   Action:  NO ACTION
   Result:  SUCCESS
   Problem: n/a

   File Name:    objects/Expense_Header_vod__c.object
   Full Name:  Expense_Header_vod__c.Country_vod__c
   Action:  NO ACTION
   Result:  SUCCESS
   Problem: n/a

   File Name:    objects/Expense_Header_vod__c.object
   Full Name:  Expense_Header_vod__c.Created_By_HCTPS__c
   Action:  NO ACTION
   Result:  SUCCESS
   Problem: n/a

   File Name:    objects/Expense_Header_vod__c.object
   Full Name:  Expense_Header_vod__c.Currency_HCPTS__c
   Action:  NO ACTION
   Result:  SUCCESS
   Problem: n/a

   File Name:    objects/Expense_Header_vod__c.object
   Full Name:  Expense_Header_vod__c.Document_Type_HCPTS__c
   Action:  NO ACTION
   Result:  SUCCESS
   Problem: n/a

   File Name:    objects/Expense_Header_vod__c.object
   Full Name:  Expense_Header_vod__c.Event_Canceled_vod__c
   Action:  NO ACTION
   Result:  SUCCESS
   Problem: n/a

   File Name:    objects/Expense_Header_vod__c.object
   Full Name:  Expense_Header_vod__c.Event_Recordtype_Dev_Name_Simple_HCPTS__c
   Action:  NO ACTION
   Result:  SUCCESS
   Problem: n/a

   File Name:    objects/Expense_Header_vod__c.object
   Full Name:  Expense_Header_vod__c.Activity_Agreement_HCPTS__c
   Action:  NO ACTION
   Result:  SUCCESS
   Problem: n/a

   File Name:    objects/Expense_Header_vod__c.object
   Full Name:  Expense_Header_vod__c.Actual_vod__c
   Action:  NO ACTION
   Result:  SUCCESS
   Problem: n/a

   File Name:    objects/Expense_Header_vod__c.object
   Full Name:  Expense_Header_vod__c.Committed_Requested_Currency_HCPTS__c
   Action:  NO ACTION
   Result:  SUCCESS
   Problem: n/a

   File Name:    objects/Expense_Header_vod__c.object
   Full Name:  Expense_Header_vod__c.Committed_vod__c
   Action:  NO ACTION
   Result:  SUCCESS
   Problem: n/a

   File Name:    objects/Expense_Header_vod__c.object
   Full Name:  Expense_Header_vod__c.Expense_Line_Items_Number_HCPTS__c
   Action:  NO ACTION
   Result:  SUCCESS
   Problem: n/a

   File Name:    objects/Expense_Header_vod__c.object
   Full Name:  Expense_Header_vod__c.Event_Team_Member_vod__c
   Action:  NO ACTION
   Result:  SUCCESS
   Problem: n/a

   File Name:    objects/Expense_Header_vod__c.object
   Full Name:  Expense_Header_vod__c
   Action:  NO ACTION
   Result:  SUCCESS
   Problem: n/a

   File Name:    objects/Expense_Header_vod__c.object
   Full Name:  Expense_Header_vod__c.All
   Action:  NO ACTION
   Result:  SUCCESS
   Problem: n/a

   File Name:    objects/Expense_Header_vod__c.object
   Full Name:  Expense_Header_vod__c.Payment_Request_Validation
   Action:  NO ACTION
   Result:  SUCCESS
   Problem: n/a

   File Name:    objects/Expense_Header_vod__c.object
   Full Name:  Expense_Header_vod__c.Cannot_Edit_Expense_Header
   Action:  NO ACTION
   Result:  SUCCESS
   Problem: n/a

   File Name:    objects/Expense_Header_vod__c.object
   Full Name:  Expense_Header_vod__c.Cannot_Edit_Expense_Header_after_Payment
   Action:  NO ACTION
   Result:  SUCCESS
   Problem: n/a

   File Name:    objects/Expense_Header_vod__c.object
   Full Name:  Expense_Header_vod__c.Check_Material_Groups_are_Valid
   Action:  NO ACTION
   Result:  SUCCESS
   Problem: n/a

   File Name:    objects/Expense_Header_vod__c.object
   Full Name:  Expense_Header_vod__c.Incurred_Expense_required_for_DOCT
   Action:  NO ACTION
   Result:  SUCCESS
   Problem: n/a

   File Name:    objects/Expense_Header_vod__c.object
   Full Name:  Expense_Header_vod__c.Need_Vendor_to_Request_PO
   Action:  NO ACTION
   Result:  SUCCESS
   Problem: n/a

   File Name:    objects/Expense_Header_vod__c.object
   Full Name:  Expense_Header_vod__c.Need_Vendor_to_Request_PO_Simplified
   Action:  NO ACTION
   Result:  SUCCESS
   Problem: n/a

   File Name:    objects/Expense_Header_vod__c.object
   Full Name:  Expense_Header_vod__c.No_PO_Request_for_Manual_Payment
   Action:  NO ACTION
   Result:  SUCCESS
   Problem: n/a

   File Name:    objects/Expense_Header_vod__c.object
   Full Name:  Expense_Header_vod__c.PO_Pending_Lock
   Action:  NO ACTION
   Result:  SUCCESS
   Problem: n/a

   File Name:    objects/Expense_Header_vod__c.object
   Full Name:  Expense_Header_vod__c.PO_Requested_Update
   Action:  NO ACTION
   Result:  SUCCESS
   Problem: n/a

   File Name:    objects/Expense_Header_vod__c.object
   Full Name:  Expense_Header_vod__c.Required_to_Request_PO_Simplified
   Action:  NO ACTION
   Result:  SUCCESS
   Problem: n/a

   File Name:    objects/Expense_Header_vod__c.object
   Full Name:  Expense_Header_vod__c.Event_Expense_Header_vod
   Action:  NO ACTION
   Result:  SUCCESS
   Problem: n/a

   File Name:    objects/Expense_Header_vod__c.object
   Full Name:  Expense_Header_vod__c.Simple_Expense_Header
   Action:  UPDATED
   Result:  SUCCESS
   Problem: n/a

   File Name:    objects/Expense_Line_vod__c.object
   Full Name:  Expense_Line_vod__c.Expense_Header_vod__c
   Action:  NO ACTION
   Result:  SUCCESS
   Problem: n/a

   File Name:    objects/Expense_Line_vod__c.object
   Full Name:  Expense_Line_vod__c.Action_HCPTS__c
   Action:  NO ACTION
   Result:  SUCCESS
   Problem: n/a

   File Name:    objects/Expense_Line_vod__c.object
   Full Name:  Expense_Line_vod__c.Actual_Amount_Requested_Currency1_HCPTS__c
   Action:  NO ACTION
   Result:  SUCCESS
   Problem: n/a

   File Name:    objects/Expense_Line_vod__c.object
   Full Name:  Expense_Line_vod__c.Actual_Amount_in_Funding_Currency1_HCPTS__c
   Action:  NO ACTION
   Result:  SUCCESS
   Problem: n/a

   File Name:    objects/Expense_Line_vod__c.object
   Full Name:  Expense_Line_vod__c.Actual_Requested_Currency_HCPTS__c
   Action:  NO ACTION
   Result:  SUCCESS
   Problem: n/a

   File Name:    objects/Expense_Line_vod__c.object
   Full Name:  Expense_Line_vod__c.Actual_vod__c
   Action:  NO ACTION
   Result:  SUCCESS
   Problem: n/a

   File Name:    objects/Expense_Line_vod__c.object
   Full Name:  Expense_Line_vod__c.Check_Number_HCPTS__c
   Action:  NO ACTION
   Result:  SUCCESS
   Problem: n/a

   File Name:    objects/Expense_Line_vod__c.object
   Full Name:  Expense_Line_vod__c.Committed_Amount_Funding_Currency1_HCPTS__c
   Action:  NO ACTION
   Result:  SUCCESS
   Problem: n/a

   File Name:    objects/Expense_Line_vod__c.object
   Full Name:  Expense_Line_vod__c.Committed_Amount_in_Requested_HCPTS__c
   Action:  NO ACTION
   Result:  SUCCESS
   Problem: n/a

   File Name:    objects/Expense_Line_vod__c.object
   Full Name:  Expense_Line_vod__c.Committed_Requested_Currency1_HCPTS__c
   Action:  NO ACTION
   Result:  SUCCESS
   Problem: n/a

   File Name:    objects/Expense_Line_vod__c.object
   Full Name:  Expense_Line_vod__c.Last_Modified_Date_HCPTS__c
   Action:  NO ACTION
   Result:  SUCCESS
   Problem: n/a

   File Name:    objects/Expense_Line_vod__c.object
   Full Name:  Expense_Line_vod__c.MaterialGroup_HCPTS__c
   Action:  NO ACTION
   Result:  SUCCESS
   Problem: n/a

   File Name:    objects/Expense_Line_vod__c.object
   Full Name:  Expense_Line_vod__c.Meeting_Time_Hours_HCPTS__c
   Action:  NO ACTION
   Result:  SUCCESS
   Problem: n/a

   File Name:    objects/Expense_Line_vod__c.object
   Full Name:  Expense_Line_vod__c.Mobile_ID_vod__c
   Action:  NO ACTION
   Result:  SUCCESS
   Problem: n/a

   File Name:    objects/Expense_Line_vod__c.object
   Full Name:  Expense_Line_vod__c.OriginatingSystemLineNumber_HCPTS__c
   Action:  NO ACTION
   Result:  SUCCESS
   Problem: n/a

   File Name:    objects/Expense_Line_vod__c.object
   Full Name:  Expense_Line_vod__c.Override_Lock_vod__c
   Action:  NO ACTION
   Result:  SUCCESS
   Problem: n/a

   File Name:    objects/Expense_Line_vod__c.object
   Full Name:  Expense_Line_vod__c.Parent_Expense_Type_Code_vod__c
   Action:  NO ACTION
   Result:  SUCCESS
   Problem: n/a

   File Name:    objects/Expense_Line_vod__c.object
   Full Name:  Expense_Line_vod__c.Parent_Expense_Type_Name_vod__c
   Action:  NO ACTION
   Result:  SUCCESS
   Problem: n/a

   File Name:    objects/Expense_Line_vod__c.object
   Full Name:  Expense_Line_vod__c.Payment_Date_HCPTS__c
   Action:  NO ACTION
   Result:  SUCCESS
   Problem: n/a

   File Name:    objects/Expense_Line_vod__c.object
   Full Name:  Expense_Line_vod__c.Expense_Line_Number_HCPTS__c
   Action:  NO ACTION
   Result:  SUCCESS
   Problem: n/a

   File Name:    objects/Expense_Line_vod__c.object
   Full Name:  Expense_Line_vod__c.Expense_Type_Code_vod__c
   Action:  NO ACTION
   Result:  SUCCESS
   Problem: n/a

   File Name:    objects/Expense_Line_vod__c.object
   Full Name:  Expense_Line_vod__c.Expense_Type_Name_vod__c
   Action:  NO ACTION
   Result:  SUCCESS
   Problem: n/a

   File Name:    objects/Expense_Line_vod__c.object
   Full Name:  Expense_Line_vod__c.Expense_Type_vod__c
   Action:  NO ACTION
   Result:  SUCCESS
   Problem: n/a

   File Name:    objects/Expense_Line_vod__c.object
   Full Name:  Expense_Line_vod__c.External_ID_vod__c
   Action:  NO ACTION
   Result:  SUCCESS
   Problem: n/a

   File Name:    objects/Expense_Line_vod__c.object
   Full Name:  Expense_Line_vod__c.Funding_Currency_HCPTS__c
   Action:  NO ACTION
   Result:  SUCCESS
   Problem: n/a

   File Name:    objects/Expense_Line_vod__c.object
   Full Name:  Expense_Line_vod__c.Hourly_Rate_HCPTS__c
   Action:  NO ACTION
   Result:  SUCCESS
   Problem: n/a

   File Name:    objects/Expense_Line_vod__c.object
   Full Name:  Expense_Line_vod__c.Last_Modified_By_HCPTS__c
   Action:  NO ACTION
   Result:  SUCCESS
   Problem: n/a

   File Name:    objects/Expense_Line_vod__c.object
   Full Name:  Expense_Line_vod__c.Committed_Requested_Currency_HCPTS__c
   Action:  NO ACTION
   Result:  SUCCESS
   Problem: n/a

   File Name:    objects/Expense_Line_vod__c.object
   Full Name:  Expense_Line_vod__c.Committed_vod__c
   Action:  NO ACTION
   Result:  SUCCESS
   Problem: n/a

   File Name:    objects/Expense_Line_vod__c.object
   Full Name:  Expense_Line_vod__c.Cost_Center_HCPTS__c
   Action:  NO ACTION
   Result:  SUCCESS
   Problem: n/a

   File Name:    objects/Expense_Line_vod__c.object
   Full Name:  Expense_Line_vod__c.Created_By_HCTPS__c
   Action:  NO ACTION
   Result:  SUCCESS
   Problem: n/a

   File Name:    objects/Expense_Line_vod__c.object
   Full Name:  Expense_Line_vod__c.Currency_HCPTS__c
   Action:  NO ACTION
   Result:  SUCCESS
   Problem: n/a

   File Name:    objects/Expense_Line_vod__c.object
   Full Name:  Expense_Line_vod__c.Description_vod__c
   Action:  NO ACTION
   Result:  SUCCESS
   Problem: n/a

   File Name:    objects/Expense_Line_vod__c.object
   Full Name:  Expense_Line_vod__c.Event_Budget_vod__c
   Action:  NO ACTION
   Result:  SUCCESS
   Problem: n/a

   File Name:    objects/Expense_Line_vod__c.object
   Full Name:  Expense_Line_vod__c.Event_vod__c
   Action:  NO ACTION
   Result:  SUCCESS
   Problem: n/a

   File Name:    objects/Expense_Line_vod__c.object
   Full Name:  Expense_Line_vod__c.Expense_Detail_Line_Number_HCPTS__c
   Action:  NO ACTION
   Result:  SUCCESS
   Problem: n/a

   File Name:    objects/Expense_Line_vod__c.object
   Full Name:  Expense_Line_vod__c.Expense_Estimate_vod__c
   Action:  NO ACTION
   Result:  SUCCESS
   Problem: n/a

   File Name:    objects/Expense_Line_vod__c.object
   Full Name:  Expense_Line_vod__c.Payment_Document_Number_HCPTS__c
   Action:  NO ACTION
   Result:  SUCCESS
   Problem: n/a

   File Name:    objects/Expense_Line_vod__c.object
   Full Name:  Expense_Line_vod__c.Payment_Type_HCPTS__c
   Action:  NO ACTION
   Result:  SUCCESS
   Problem: n/a

   File Name:    objects/Expense_Line_vod__c.object
   Full Name:  Expense_Line_vod__c.Post_Work_Hours_HCPTS__c
   Action:  NO ACTION
   Result:  SUCCESS
   Problem: n/a

   File Name:    objects/Expense_Line_vod__c.object
   Full Name:  Expense_Line_vod__c.Pre_Work_Hours_HCPTS__c
   Action:  NO ACTION
   Result:  SUCCESS
   Problem: n/a

   File Name:    objects/Expense_Line_vod__c.object
   Full Name:  Expense_Line_vod__c.SAP_Document_Number_HCPTS__c
   Action:  NO ACTION
   Result:  SUCCESS
   Problem: n/a

   File Name:    objects/Expense_Line_vod__c.object
   Full Name:  Expense_Line_vod__c.SAP_Reference_Number_HCPTS__c
   Action:  NO ACTION
   Result:  SUCCESS
   Problem: n/a

   File Name:    objects/Expense_Line_vod__c.object
   Full Name:  Expense_Line_vod__c.Sign_Indicator_HCPTS__c
   Action:  NO ACTION
   Result:  SUCCESS
   Problem: n/a

   File Name:    objects/Expense_Line_vod__c.object
   Full Name:  Expense_Line_vod__c.Split_Amount_Per_Person_vod__c
   Action:  NO ACTION
   Result:  SUCCESS
   Problem: n/a

   File Name:    objects/Expense_Line_vod__c.object
   Full Name:  Expense_Line_vod__c.Status_HCPTS__c
   Action:  NO ACTION
   Result:  SUCCESS
   Problem: n/a

   File Name:    objects/Expense_Line_vod__c.object
   Full Name:  Expense_Line_vod__c.Text_Line_HCPTS__c
   Action:  NO ACTION
   Result:  SUCCESS
   Problem: n/a

   File Name:    objects/Expense_Line_vod__c.object
   Full Name:  Expense_Line_vod__c.Total_Fixed_Rate_HCPTS__c
   Action:  NO ACTION
   Result:  SUCCESS
   Problem: n/a

   File Name:    objects/Expense_Line_vod__c.object
   Full Name:  Expense_Line_vod__c.Total_Pre_Work_HCPTS__c
   Action:  NO ACTION
   Result:  SUCCESS
   Problem: n/a

   File Name:    objects/Expense_Line_vod__c.object
   Full Name:  Expense_Line_vod__c.WBSElement_HCPTS__c
   Action:  NO ACTION
   Result:  SUCCESS
   Problem: n/a

   File Name:    objects/Expense_Line_vod__c.object
   Full Name:  Expense_Line_vod__c.WBS_Cost_Center_HCPTS__c
   Action:  NO ACTION
   Result:  SUCCESS
   Problem: n/a

   File Name:    objects/Expense_Line_vod__c.object
   Full Name:  Expense_Line_vod__c.zvod_Expense_Type_vod__c
   Action:  NO ACTION
   Result:  SUCCESS
   Problem: n/a

   File Name:    objects/Expense_Line_vod__c.object
   Full Name:  Expense_Line_vod__c.Actual_Amount_Requested_Currency_HCPTS__c
   Action:  NO ACTION
   Result:  SUCCESS
   Problem: n/a

   File Name:    objects/Expense_Line_vod__c.object
   Full Name:  Expense_Line_vod__c.Count_of_SAP_Lines_HCPTS__c
   Action:  NO ACTION
   Result:  SUCCESS
   Problem: n/a

   File Name:    objects/Expense_Line_vod__c.object
   Full Name:  Expense_Line_vod__c.Number_Of_People_vod__c
   Action:  NO ACTION
   Result:  SUCCESS
   Problem: n/a

   File Name:    objects/Expense_Line_vod__c.object
   Full Name:  Expense_Line_vod__c
   Action:  NO ACTION
   Result:  SUCCESS
   Problem: n/a

   File Name:    objects/Expense_Line_vod__c.object
   Full Name:  Expense_Line_vod__c.Cannot_Edit_Expense_Lines_Simple_HCPTS
   Action:  NO ACTION
   Result:  SUCCESS
   Problem: n/a

   File Name:    objects/Expense_Line_vod__c.object
   Full Name:  Expense_Line_vod__c.Committed_Greater_than_0_to_request_PO
   Action:  NO ACTION
   Result:  SUCCESS
   Problem: n/a

   File Name:    objects/Expense_Line_vod__c.object
   Full Name:  Expense_Line_vod__c.Only_Enter_Actuals_for_Manual_Payment
   Action:  NO ACTION
   Result:  SUCCESS
   Problem: n/a

   File Name:    objects/Expense_Line_vod__c.object
   Full Name:  Expense_Line_vod__c.Event_Expense_Line_vod
   Action:  NO ACTION
   Result:  SUCCESS
   Problem: n/a

   File Name:    package.xml
   Full Name:  package.xml
   Action:  UPDATED
   Result:  SUCCESS
   Problem: n/a

   File Name:    permissionsets/EM_V3_Basic.permissionset
   Full Name:  EM_V3_Basic
   Action:  UPDATED
   Result:  SUCCESS
   Problem: n/a

   File Name:    permissionsets/EMv2_BMS_Field_User.permissionset
   Full Name:  EMv2_BMS_Field_User
   Action:  UPDATED
   Result:  SUCCESS
   Problem: n/a

   File Name:    permissionsets/EMv2_BMS_Field_User_ReadOnly.permissionset
   Full Name:  EMv2_BMS_Field_User_ReadOnly
   Action:  UPDATED
   Result:  SUCCESS
   Problem: n/a

   File Name:    tabs/EM_Speaker_Qualification_vod__c.tab
   Full Name:  EM_Speaker_Qualification_vod__c
   Action:  NO ACTION
   Result:  SUCCESS
   Problem: n/a

   File Name:    tabs/EM_Vendor_vod__c.tab
   Full Name:  EM_Vendor_vod__c
   Action:  NO ACTION
   Result:  SUCCESS
   Problem: n/a

   File Name:    workflows/EM_Budget_vod__c.workflow
   Full Name:  EM_Budget_vod__c
   Action:  NO ACTION
   Result:  SUCCESS
   Problem: n/a

   File Name:    workflows/EM_Budget_vod__c.workflow
   Full Name:  EM_Budget_vod__c.Approval_Status_Business_Approved
   Action:  NO ACTION
   Result:  SUCCESS
   Problem: n/a

   File Name:    workflows/EM_Budget_vod__c.workflow
   Full Name:  EM_Budget_vod__c.Approval_Status_to_Draft
   Action:  NO ACTION
   Result:  SUCCESS
   Problem: n/a

   File Name:    workflows/EM_Budget_vod__c.workflow
   Full Name:  EM_Budget_vod__c.Availability_Status_to_Draft
   Action:  NO ACTION
   Result:  SUCCESS
   Problem: n/a

   File Name:    workflows/EM_Budget_vod__c.workflow
   Full Name:  EM_Budget_vod__c.In_Activation
   Action:  NO ACTION
   Result:  SUCCESS
   Problem: n/a

   File Name:    workflows/EM_Budget_vod__c.workflow
   Full Name:  EM_Budget_vod__c.Increase_Version_0_1
   Action:  NO ACTION
   Result:  SUCCESS
   Problem: n/a

   File Name:    workflows/EM_Budget_vod__c.workflow
   Full Name:  EM_Budget_vod__c.Increase_Version_1
   Action:  NO ACTION
   Result:  SUCCESS
   Problem: n/a

   File Name:    workflows/EM_Budget_vod__c.workflow
   Full Name:  EM_Budget_vod__c.Need_Update_Approval_Status_Review_Appr
   Action:  NO ACTION
   Result:  SUCCESS
   Problem: n/a

   File Name:    workflows/EM_Budget_vod__c.workflow
   Full Name:  EM_Budget_vod__c.Need_Update_to_In_Activiation
   Action:  NO ACTION
   Result:  SUCCESS
   Problem: n/a

   File Name:    workflows/EM_Budget_vod__c.workflow
   Full Name:  EM_Budget_vod__c.Need_Sent_for_Approval
   Action:  NO ACTION
   Result:  SUCCESS
   Problem: n/a

   File Name:    workflows/EM_Budget_vod__c.workflow
   Full Name:  EM_Budget_vod__c.Rec_Type_to_Serial_Need
   Action:  NO ACTION
   Result:  SUCCESS
   Problem: n/a

   File Name:    workflows/EM_Budget_vod__c.workflow
   Full Name:  EM_Budget_vod__c.Update_Approval_Status_To_Approved
   Action:  NO ACTION
   Result:  SUCCESS
   Problem: n/a

   File Name:    workflows/EM_Budget_vod__c.workflow
   Full Name:  EM_Budget_vod__c.Update_Approval_Status_to_Draft
   Action:  NO ACTION
   Result:  SUCCESS
   Problem: n/a

   File Name:    workflows/EM_Budget_vod__c.workflow
   Full Name:  EM_Budget_vod__c.Update_Budget_Identifier_for_Simple_Need
   Action:  NO ACTION
   Result:  SUCCESS
   Problem: n/a

   File Name:    workflows/EM_Budget_vod__c.workflow
   Full Name:  EM_Budget_vod__c.Update_Budget_Identifier_to_NEED_ID
   Action:  NO ACTION
   Result:  SUCCESS
   Problem: n/a

   File Name:    workflows/EM_Budget_vod__c.workflow
   Full Name:  EM_Budget_vod__c.Update_Budget_Status_to_Expired
   Action:  NO ACTION
   Result:  SUCCESS
   Problem: n/a

   File Name:    workflows/EM_Budget_vod__c.workflow
   Full Name:  EM_Budget_vod__c.Update_Budget_Status_vod_to_Available
   Action:  NO ACTION
   Result:  SUCCESS
   Problem: n/a

   File Name:    workflows/EM_Budget_vod__c.workflow
   Full Name:  EM_Budget_vod__c.Update_Recordtype_to_Partial_Lock
   Action:  NO ACTION
   Result:  SUCCESS
   Problem: n/a

   File Name:    workflows/EM_Budget_vod__c.workflow
   Full Name:  EM_Budget_vod__c.Update_Rectype_to_Serial_Open
   Action:  NO ACTION
   Result:  SUCCESS
   Problem: n/a

   File Name:    workflows/EM_Budget_vod__c.workflow
   Full Name:  EM_Budget_vod__c.Update_Status_to_Rejected
   Action:  NO ACTION
   Result:  SUCCESS
   Problem: n/a

   File Name:    workflows/EM_Budget_vod__c.workflow
   Full Name:  EM_Budget_vod__c.Update_Status_to_Rejected_By_Certifier
   Action:  NO ACTION
   Result:  SUCCESS
   Problem: n/a

   File Name:    workflows/EM_Budget_vod__c.workflow
   Full Name:  EM_Budget_vod__c.Update_Status_to_Rejected_By_Reviewer
   Action:  NO ACTION
   Result:  SUCCESS
   Problem: n/a

   File Name:    workflows/EM_Budget_vod__c.workflow
   Full Name:  EM_Budget_vod__c.Update_Status_to_Review_Completed
   Action:  NO ACTION
   Result:  SUCCESS
   Problem: n/a

   File Name:    workflows/EM_Budget_vod__c.workflow
   Full Name:  EM_Budget_vod__c.Update_Status_vod_to_Draft
   Action:  NO ACTION
   Result:  SUCCESS
   Problem: n/a

   File Name:    workflows/EM_Budget_vod__c.workflow
   Full Name:  EM_Budget_vod__c.Need_Approved_Email
   Action:  NO ACTION
   Result:  SUCCESS
   Problem: n/a

   File Name:    workflows/EM_Budget_vod__c.workflow
   Full Name:  EM_Budget_vod__c.Need_Rejected_Email
   Action:  NO ACTION
   Result:  SUCCESS
   Problem: n/a

   File Name:    workflows/EM_Budget_vod__c.workflow
   Full Name:  EM_Budget_vod__c.Processor_Notification_for_Assignment_of_Need_Budget
   Action:  NO ACTION
   Result:  SUCCESS
   Problem: n/a

   File Name:    workflows/EM_Budget_vod__c.workflow
   Full Name:  EM_Budget_vod__c.Expire Simple Budget after End Date
   Action:  NO ACTION
   Result:  SUCCESS
   Problem: n/a

   File Name:    workflows/EM_Budget_vod__c.workflow
   Full Name:  EM_Budget_vod__c.In Activation Field Update
   Action:  NO ACTION
   Result:  SUCCESS
   Problem: n/a

   File Name:    workflows/EM_Budget_vod__c.workflow
   Full Name:  EM_Budget_vod__c.Update Budget Identifier to SIMPLE NeedID Format
   Action:  NO ACTION
   Result:  SUCCESS
   Problem: n/a

   File Name:    workflows/EM_Budget_vod__c.workflow
   Full Name:  EM_Budget_vod__c.Notify Processor of Need Assignment
   Action:  NO ACTION
   Result:  SUCCESS
   Problem: n/a

   File Name:    workflows/EM_Budget_vod__c.workflow
   Full Name:  EM_Budget_vod__c.Update Budget Identifier to NeedID Format
   Action:  NO ACTION
   Result:  SUCCESS
   Problem: n/a

# Test Results:
   n/a

n/a