*** Deployment Log ***
Result: SUCCESS
Date: June 9, 2017 8:48:22 AM EDT

# Deployed From:
   Project name: zEUFULL-PRODMigration-MetadataWithoutProfilesXLation
   Username: murugesh.naidu@bms.eu.eufull
   Endpoint: test.salesforce.com

# Deployed To:
   Username: murugesh.naidu@bms.eu
   Endpoint: login.salesforce.com

# Deploy Results:
   File Name:    email/unfiled$public/EM_7_Days_Post_Event.email
   Full Name:  unfiled$public/EM_7_Days_Post_Event
   Action:  UPDATED
   Result:  SUCCESS
   Problem: n/a

   File Name:    email/unfiled$public/EM_Activity_Canceled.email
   Full Name:  unfiled$public/EM_Activity_Canceled
   Action:  UPDATED
   Result:  SUCCESS
   Problem: n/a

   File Name:    email/unfiled$public/Event_Status_Update.email
   Full Name:  unfiled$public/Event_Status_Update
   Action:  UPDATED
   Result:  SUCCESS
   Problem: n/a

   File Name:    email/unfiled$public/Event_Team_Member_Template_2_0.email
   Full Name:  unfiled$public/Event_Team_Member_Template_2_0
   Action:  UPDATED
   Result:  SUCCESS
   Problem: n/a

   File Name:    email/unfiled$public/Veeva_Task_Assignment_Notification.email
   Full Name:  unfiled$public/Veeva_Task_Assignment_Notification
   Action:  UPDATED
   Result:  SUCCESS
   Problem: n/a

   File Name:    labels/CustomLabels.labels
   Full Name:  CustomLabels
   Action:  NO ACTION
   Result:  SUCCESS
   Problem: n/a

   File Name:    labels/CustomLabels.labels
   Full Name:  Audience_Provider_Type_Contact
   Action:  UPDATED
   Result:  SUCCESS
   Problem: n/a

   File Name:    labels/CustomLabels.labels
   Full Name:  Audience_Provider_Type_Employee
   Action:  UPDATED
   Result:  SUCCESS
   Problem: n/a

   File Name:    labels/CustomLabels.labels
   Full Name:  Audience_Provider_Type_HCO
   Action:  UPDATED
   Result:  SUCCESS
   Problem: n/a

   File Name:    labels/CustomLabels.labels
   Full Name:  Audience_Provider_Type_HCP
   Action:  UPDATED
   Result:  SUCCESS
   Problem: n/a

   File Name:    labels/CustomLabels.labels
   Full Name:  EM_EVENT_VOD_OBJ_ID
   Action:  UPDATED
   Result:  SUCCESS
   Problem: n/a

   File Name:    labels/CustomLabels.labels
   Full Name:  Prevent_Role_Overwrite
   Action:  UPDATED
   Result:  SUCCESS
   Problem: n/a

   File Name:    labels/CustomLabels.labels
   Full Name:  View_Standard_Detail_Page
   Action:  UPDATED
   Result:  SUCCESS
   Problem: n/a

   File Name:    layouts/EM_Attendee_vod__c-BMS_HCPTS_Attendee_Layout.layout
   Full Name:  EM_Attendee_vod__c-BMS_HCPTS_Attendee_Layout
   Action:  UPDATED
   Result:  SUCCESS
   Problem: n/a

   File Name:    layouts/EM_Attendee_vod__c-BMS_HCPTS_Simple_Attendee_Layout.layout
   Full Name:  EM_Attendee_vod__c-BMS_HCPTS_Simple_Attendee_Layout
   Action:  UPDATED
   Result:  SUCCESS
   Problem: n/a

   File Name:    layouts/EM_Attendee_vod__c-Sponsored Account Layout.layout
   Full Name:  EM_Attendee_vod__c-Sponsored Account Layout
   Action:  UPDATED
   Result:  SUCCESS
   Problem: n/a

   File Name:    layouts/EM_Attendee_vod__c-Sponsored Contact Layout.layout
   Full Name:  EM_Attendee_vod__c-Sponsored Contact Layout
   Action:  UPDATED
   Result:  SUCCESS
   Problem: n/a

   File Name:    layouts/EM_Attendee_vod__c-Sponsored User Layout.layout
   Full Name:  EM_Attendee_vod__c-Sponsored User Layout
   Action:  UPDATED
   Result:  SUCCESS
   Problem: n/a

   File Name:    layouts/EM_Budget_vod__c-Simple Need Layout.layout
   Full Name:  EM_Budget_vod__c-Simple Need Layout
   Action:  UPDATED
   Result:  SUCCESS
   Problem: n/a

   File Name:    layouts/EM_Event_Budget_vod__c-Simple WBSCC Budget Layout.layout
   Full Name:  EM_Event_Budget_vod__c-Simple WBSCC Budget Layout
   Action:  UPDATED
   Result:  SUCCESS
   Problem: n/a

   File Name:    layouts/EM_Event_Configuration_vod__c-Event Configuration Layout.layout
   Full Name:  EM_Event_Configuration_vod__c-Event Configuration Layout
   Action:  UPDATED
   Result:  SUCCESS
   Problem: n/a

   File Name:    layouts/EM_Event_History_vod__c-Event History Layout.layout
   Full Name:  EM_Event_History_vod__c-Event History Layout
   Action:  UPDATED
   Result:  SUCCESS
   Problem: n/a

   File Name:    layouts/EM_Event_Layout_vod__c-Event Layout Layout.layout
   Full Name:  EM_Event_Layout_vod__c-Event Layout Layout
   Action:  UPDATED
   Result:  SUCCESS
   Problem: n/a

   File Name:    layouts/EM_Event_Material_vod__c-Simple Material.layout
   Full Name:  EM_Event_Material_vod__c-Simple Material
   Action:  UPDATED
   Result:  SUCCESS
   Problem: n/a

   File Name:    layouts/EM_Event_Rule_vod__c-Attendee Fields Layout.layout
   Full Name:  EM_Event_Rule_vod__c-Attendee Fields Layout
   Action:  UPDATED
   Result:  SUCCESS
   Problem: n/a

   File Name:    layouts/EM_Event_Rule_vod__c-Speaker Fields Layout.layout
   Full Name:  EM_Event_Rule_vod__c-Speaker Fields Layout
   Action:  UPDATED
   Result:  SUCCESS
   Problem: n/a

   File Name:    layouts/EM_Event_Rule_vod__c-Speaker Qualification Layout.layout
   Full Name:  EM_Event_Rule_vod__c-Speaker Qualification Layout
   Action:  UPDATED
   Result:  SUCCESS
   Problem: n/a

   File Name:    layouts/EM_Event_Rule_vod__c-Walk-in Fields.layout
   Full Name:  EM_Event_Rule_vod__c-Walk-in Fields
   Action:  UPDATED
   Result:  SUCCESS
   Problem: n/a

   File Name:    layouts/EM_Event_Speaker_vod__c-BMS Events Event Speaker Layout.layout
   Full Name:  EM_Event_Speaker_vod__c-BMS Events Event Speaker Layout
   Action:  UPDATED
   Result:  SUCCESS
   Problem: n/a

   File Name:    layouts/EM_Event_Speaker_vod__c-BMS Services Event Speaker Layout.layout
   Full Name:  EM_Event_Speaker_vod__c-BMS Services Event Speaker Layout
   Action:  UPDATED
   Result:  SUCCESS
   Problem: n/a

   File Name:    layouts/EM_Event_Speaker_vod__c-BMS Services Simplified Event Speaker Layout.layout
   Full Name:  EM_Event_Speaker_vod__c-BMS Services Simplified Event Speaker Layout
   Action:  UPDATED
   Result:  SUCCESS
   Problem: n/a

   File Name:    layouts/EM_Event_Team_Member_vod__c-Simple Activity Team Member Layout.layout
   Full Name:  EM_Event_Team_Member_vod__c-Simple Activity Team Member Layout
   Action:  UPDATED
   Result:  SUCCESS
   Problem: n/a

   File Name:    layouts/EM_Event_vod__c-Approval_Layout.layout
   Full Name:  EM_Event_vod__c-Approval_Layout
   Action:  UPDATED
   Result:  SUCCESS
   Problem: n/a

   File Name:    layouts/EM_Event_vod__c-Approved_Team_Member_Layout.layout
   Full Name:  EM_Event_vod__c-Approved_Team_Member_Layout
   Action:  UPDATED
   Result:  SUCCESS
   Problem: n/a

   File Name:    layouts/EM_Event_vod__c-Approved_Team_Member_Layout_US.layout
   Full Name:  EM_Event_vod__c-Approved_Team_Member_Layout_US
   Action:  UPDATED
   Result:  SUCCESS
   Problem: n/a

   File Name:    layouts/EM_Event_vod__c-Approved_Vendor_Layout_US.layout
   Full Name:  EM_Event_vod__c-Approved_Vendor_Layout_US
   Action:  UPDATED
   Result:  SUCCESS
   Problem: n/a

   File Name:    layouts/EM_Event_vod__c-BMS_Adboard_Approved.layout
   Full Name:  EM_Event_vod__c-BMS_Adboard_Approved
   Action:  UPDATED
   Result:  SUCCESS
   Problem: n/a

   File Name:    layouts/EM_Event_vod__c-BMS_Adboard_Closeout.layout
   Full Name:  EM_Event_vod__c-BMS_Adboard_Closeout
   Action:  UPDATED
   Result:  SUCCESS
   Problem: n/a

   File Name:    layouts/EM_Event_vod__c-BMS_Adboard_Draft.layout
   Full Name:  EM_Event_vod__c-BMS_Adboard_Draft
   Action:  UPDATED
   Result:  SUCCESS
   Problem: n/a

   File Name:    layouts/EM_Event_vod__c-BMS_Adboard_Pending_Approval.layout
   Full Name:  EM_Event_vod__c-BMS_Adboard_Pending_Approval
   Action:  UPDATED
   Result:  SUCCESS
   Problem: n/a

   File Name:    layouts/EM_Event_vod__c-BMS_Adboard_Processor_Review.layout
   Full Name:  EM_Event_vod__c-BMS_Adboard_Processor_Review
   Action:  UPDATED
   Result:  SUCCESS
   Problem: n/a

   File Name:    layouts/EM_Event_vod__c-BMS_Adboard_Read_Only.layout
   Full Name:  EM_Event_vod__c-BMS_Adboard_Read_Only
   Action:  UPDATED
   Result:  SUCCESS
   Problem: n/a

   File Name:    layouts/EM_Event_vod__c-BMS_Cross_Border.layout
   Full Name:  EM_Event_vod__c-BMS_Cross_Border
   Action:  UPDATED
   Result:  SUCCESS
   Problem: n/a

   File Name:    layouts/EM_Event_vod__c-BMS_Cross_Border_Read_Only.layout
   Full Name:  EM_Event_vod__c-BMS_Cross_Border_Read_Only
   Action:  UPDATED
   Result:  SUCCESS
   Problem: n/a

   File Name:    layouts/EM_Event_vod__c-BMS_Exhibits_Approved.layout
   Full Name:  EM_Event_vod__c-BMS_Exhibits_Approved
   Action:  UPDATED
   Result:  SUCCESS
   Problem: n/a

   File Name:    layouts/EM_Event_vod__c-BMS_Exhibits_Closeout.layout
   Full Name:  EM_Event_vod__c-BMS_Exhibits_Closeout
   Action:  UPDATED
   Result:  SUCCESS
   Problem: n/a

   File Name:    layouts/EM_Event_vod__c-BMS_Exhibits_Draft.layout
   Full Name:  EM_Event_vod__c-BMS_Exhibits_Draft
   Action:  UPDATED
   Result:  SUCCESS
   Problem: n/a

   File Name:    layouts/EM_Event_vod__c-BMS_Exhibits_Pending_Approval.layout
   Full Name:  EM_Event_vod__c-BMS_Exhibits_Pending_Approval
   Action:  UPDATED
   Result:  SUCCESS
   Problem: n/a

   File Name:    layouts/EM_Event_vod__c-BMS_Exhibits_Processor_Review.layout
   Full Name:  EM_Event_vod__c-BMS_Exhibits_Processor_Review
   Action:  UPDATED
   Result:  SUCCESS
   Problem: n/a

   File Name:    layouts/EM_Event_vod__c-BMS_Exhibits_Read_Only.layout
   Full Name:  EM_Event_vod__c-BMS_Exhibits_Read_Only
   Action:  UPDATED
   Result:  SUCCESS
   Problem: n/a

   File Name:    layouts/EM_Event_vod__c-BMS_Internal_Speaking_Approved.layout
   Full Name:  EM_Event_vod__c-BMS_Internal_Speaking_Approved
   Action:  UPDATED
   Result:  SUCCESS
   Problem: n/a

   File Name:    layouts/EM_Event_vod__c-BMS_Internal_Speaking_Closeout.layout
   Full Name:  EM_Event_vod__c-BMS_Internal_Speaking_Closeout
   Action:  UPDATED
   Result:  SUCCESS
   Problem: n/a

   File Name:    layouts/EM_Event_vod__c-BMS_Internal_Speaking_Draft.layout
   Full Name:  EM_Event_vod__c-BMS_Internal_Speaking_Draft
   Action:  UPDATED
   Result:  SUCCESS
   Problem: n/a

   File Name:    layouts/EM_Event_vod__c-BMS_Internal_Speaking_Pending_Approval.layout
   Full Name:  EM_Event_vod__c-BMS_Internal_Speaking_Pending_Approval
   Action:  UPDATED
   Result:  SUCCESS
   Problem: n/a

   File Name:    layouts/EM_Event_vod__c-BMS_Internal_Speaking_Processor_Review.layout
   Full Name:  EM_Event_vod__c-BMS_Internal_Speaking_Processor_Review
   Action:  UPDATED
   Result:  SUCCESS
   Problem: n/a

   File Name:    layouts/EM_Event_vod__c-BMS_Internal_Speaking_Read_Only.layout
   Full Name:  EM_Event_vod__c-BMS_Internal_Speaking_Read_Only
   Action:  UPDATED
   Result:  SUCCESS
   Problem: n/a

   File Name:    layouts/EM_Event_vod__c-BMS_Other_Consulting_Approved.layout
   Full Name:  EM_Event_vod__c-BMS_Other_Consulting_Approved
   Action:  UPDATED
   Result:  SUCCESS
   Problem: n/a

   File Name:    layouts/EM_Event_vod__c-BMS_Other_Consulting_Closeout.layout
   Full Name:  EM_Event_vod__c-BMS_Other_Consulting_Closeout
   Action:  UPDATED
   Result:  SUCCESS
   Problem: n/a

   File Name:    layouts/EM_Event_vod__c-BMS_Other_Consulting_Draft.layout
   Full Name:  EM_Event_vod__c-BMS_Other_Consulting_Draft
   Action:  UPDATED
   Result:  SUCCESS
   Problem: n/a

   File Name:    layouts/EM_Event_vod__c-BMS_Other_Consulting_Pending_Approval.layout
   Full Name:  EM_Event_vod__c-BMS_Other_Consulting_Pending_Approval
   Action:  UPDATED
   Result:  SUCCESS
   Problem: n/a

   File Name:    layouts/EM_Event_vod__c-BMS_Other_Consulting_Processor_Review.layout
   Full Name:  EM_Event_vod__c-BMS_Other_Consulting_Processor_Review
   Action:  UPDATED
   Result:  SUCCESS
   Problem: n/a

   File Name:    layouts/EM_Event_vod__c-BMS_Other_Consulting_Read_Only.layout
   Full Name:  EM_Event_vod__c-BMS_Other_Consulting_Read_Only
   Action:  UPDATED
   Result:  SUCCESS
   Problem: n/a

   File Name:    layouts/EM_Event_vod__c-BMS_Preceptorship_Approved.layout
   Full Name:  EM_Event_vod__c-BMS_Preceptorship_Approved
   Action:  UPDATED
   Result:  SUCCESS
   Problem: n/a

   File Name:    layouts/EM_Event_vod__c-BMS_Preceptorship_Closeout.layout
   Full Name:  EM_Event_vod__c-BMS_Preceptorship_Closeout
   Action:  UPDATED
   Result:  SUCCESS
   Problem: n/a

   File Name:    layouts/EM_Event_vod__c-BMS_Preceptorship_Draft.layout
   Full Name:  EM_Event_vod__c-BMS_Preceptorship_Draft
   Action:  UPDATED
   Result:  SUCCESS
   Problem: n/a

   File Name:    layouts/EM_Event_vod__c-BMS_Preceptorship_Pending_Approval.layout
   Full Name:  EM_Event_vod__c-BMS_Preceptorship_Pending_Approval
   Action:  UPDATED
   Result:  SUCCESS
   Problem: n/a

   File Name:    layouts/EM_Event_vod__c-BMS_Preceptorship_Processor_Review.layout
   Full Name:  EM_Event_vod__c-BMS_Preceptorship_Processor_Review
   Action:  UPDATED
   Result:  SUCCESS
   Problem: n/a

   File Name:    layouts/EM_Event_vod__c-BMS_Preceptorship_Read_Only.layout
   Full Name:  EM_Event_vod__c-BMS_Preceptorship_Read_Only
   Action:  UPDATED
   Result:  SUCCESS
   Problem: n/a

   File Name:    layouts/EM_Event_vod__c-BMS_RD_Committee_Approved.layout
   Full Name:  EM_Event_vod__c-BMS_RD_Committee_Approved
   Action:  UPDATED
   Result:  SUCCESS
   Problem: n/a

   File Name:    layouts/EM_Event_vod__c-BMS_RD_Committee_Closeout.layout
   Full Name:  EM_Event_vod__c-BMS_RD_Committee_Closeout
   Action:  UPDATED
   Result:  SUCCESS
   Problem: n/a

   File Name:    layouts/EM_Event_vod__c-BMS_RD_Committee_Draft.layout
   Full Name:  EM_Event_vod__c-BMS_RD_Committee_Draft
   Action:  UPDATED
   Result:  SUCCESS
   Problem: n/a

   File Name:    layouts/EM_Event_vod__c-BMS_RD_Committee_Pending_Approval.layout
   Full Name:  EM_Event_vod__c-BMS_RD_Committee_Pending_Approval
   Action:  UPDATED
   Result:  SUCCESS
   Problem: n/a

   File Name:    layouts/EM_Event_vod__c-BMS_RD_Committee_Processor_Review.layout
   Full Name:  EM_Event_vod__c-BMS_RD_Committee_Processor_Review
   Action:  UPDATED
   Result:  SUCCESS
   Problem: n/a

   File Name:    layouts/EM_Event_vod__c-BMS_RD_Committee_Read_Only.layout
   Full Name:  EM_Event_vod__c-BMS_RD_Committee_Read_Only
   Action:  UPDATED
   Result:  SUCCESS
   Problem: n/a

   File Name:    layouts/EM_Event_vod__c-BMS_SRP_Closeout.layout
   Full Name:  EM_Event_vod__c-BMS_SRP_Closeout
   Action:  UPDATED
   Result:  SUCCESS
   Problem: n/a

   File Name:    layouts/EM_Event_vod__c-BMS_SRP_Draft.layout
   Full Name:  EM_Event_vod__c-BMS_SRP_Draft
   Action:  UPDATED
   Result:  SUCCESS
   Problem: n/a

   File Name:    layouts/EM_Event_vod__c-BMS_SRP_Draft_DE.layout
   Full Name:  EM_Event_vod__c-BMS_SRP_Draft_DE
   Action:  UPDATED
   Result:  SUCCESS
   Problem: n/a

   File Name:    layouts/EM_Event_vod__c-BMS_SRP_Read_Only.layout
   Full Name:  EM_Event_vod__c-BMS_SRP_Read_Only
   Action:  UPDATED
   Result:  SUCCESS
   Problem: n/a

   File Name:    layouts/EM_Event_vod__c-BMS_Simple_ApprovedPostEvent.layout
   Full Name:  EM_Event_vod__c-BMS_Simple_ApprovedPostEvent
   Action:  UPDATED
   Result:  SUCCESS
   Problem: n/a

   File Name:    layouts/EM_Event_vod__c-BMS_Simple_Pending_Approval.layout
   Full Name:  EM_Event_vod__c-BMS_Simple_Pending_Approval
   Action:  UPDATED
   Result:  SUCCESS
   Problem: n/a

   File Name:    layouts/EM_Event_vod__c-BMS_Simple_PrePostEvent.layout
   Full Name:  EM_Event_vod__c-BMS_Simple_PrePostEvent
   Action:  UPDATED
   Result:  SUCCESS
   Problem: n/a

   File Name:    layouts/EM_Event_vod__c-BMS_Simple_Read_Only.layout
   Full Name:  EM_Event_vod__c-BMS_Simple_Read_Only
   Action:  UPDATED
   Result:  SUCCESS
   Problem: n/a

   File Name:    layouts/EM_Event_vod__c-BMS_Simple_Read_Only_Restricted.layout
   Full Name:  EM_Event_vod__c-BMS_Simple_Read_Only_Restricted
   Action:  UPDATED
   Result:  SUCCESS
   Problem: n/a

   File Name:    layouts/EM_Event_vod__c-BMS_Simple_SysAdmin.layout
   Full Name:  EM_Event_vod__c-BMS_Simple_SysAdmin
   Action:  UPDATED
   Result:  SUCCESS
   Problem: n/a

   File Name:    layouts/EM_Event_vod__c-BMS_Speaker_Meeting_Approved.layout
   Full Name:  EM_Event_vod__c-BMS_Speaker_Meeting_Approved
   Action:  UPDATED
   Result:  SUCCESS
   Problem: n/a

   File Name:    layouts/EM_Event_vod__c-BMS_Speaker_Meeting_Closeout.layout
   Full Name:  EM_Event_vod__c-BMS_Speaker_Meeting_Closeout
   Action:  UPDATED
   Result:  SUCCESS
   Problem: n/a

   File Name:    layouts/EM_Event_vod__c-BMS_Speaker_Meeting_Draft.layout
   Full Name:  EM_Event_vod__c-BMS_Speaker_Meeting_Draft
   Action:  UPDATED
   Result:  SUCCESS
   Problem: n/a

   File Name:    layouts/EM_Event_vod__c-BMS_Speaker_Meeting_Pending_Approval.layout
   Full Name:  EM_Event_vod__c-BMS_Speaker_Meeting_Pending_Approval
   Action:  UPDATED
   Result:  SUCCESS
   Problem: n/a

   File Name:    layouts/EM_Event_vod__c-BMS_Speaker_Meeting_Processor_Review.layout
   Full Name:  EM_Event_vod__c-BMS_Speaker_Meeting_Processor_Review
   Action:  UPDATED
   Result:  SUCCESS
   Problem: n/a

   File Name:    layouts/EM_Event_vod__c-BMS_Speaker_Meeting_Read_Only.layout
   Full Name:  EM_Event_vod__c-BMS_Speaker_Meeting_Read_Only
   Action:  UPDATED
   Result:  SUCCESS
   Problem: n/a

   File Name:    layouts/EM_Event_vod__c-BMS_Speaker_Training_Approved.layout
   Full Name:  EM_Event_vod__c-BMS_Speaker_Training_Approved
   Action:  UPDATED
   Result:  SUCCESS
   Problem: n/a

   File Name:    layouts/EM_Event_vod__c-BMS_Speaker_Training_Closeout.layout
   Full Name:  EM_Event_vod__c-BMS_Speaker_Training_Closeout
   Action:  UPDATED
   Result:  SUCCESS
   Problem: n/a

   File Name:    layouts/EM_Event_vod__c-BMS_Speaker_Training_Draft.layout
   Full Name:  EM_Event_vod__c-BMS_Speaker_Training_Draft
   Action:  UPDATED
   Result:  SUCCESS
   Problem: n/a

   File Name:    layouts/EM_Event_vod__c-BMS_Speaker_Training_Pending_Approval.layout
   Full Name:  EM_Event_vod__c-BMS_Speaker_Training_Pending_Approval
   Action:  UPDATED
   Result:  SUCCESS
   Problem: n/a

   File Name:    layouts/EM_Event_vod__c-BMS_Speaker_Training_Processor_Review.layout
   Full Name:  EM_Event_vod__c-BMS_Speaker_Training_Processor_Review
   Action:  UPDATED
   Result:  SUCCESS
   Problem: n/a

   File Name:    layouts/EM_Event_vod__c-BMS_Speaker_Training_Read_Only.layout
   Full Name:  EM_Event_vod__c-BMS_Speaker_Training_Read_Only
   Action:  UPDATED
   Result:  SUCCESS
   Problem: n/a

   File Name:    layouts/EM_Event_vod__c-BMS_Sponsorship_Approved_Layout.layout
   Full Name:  EM_Event_vod__c-BMS_Sponsorship_Approved_Layout
   Action:  UPDATED
   Result:  SUCCESS
   Problem: n/a

   File Name:    layouts/EM_Event_vod__c-BMS_Sponsorship_Closeout.layout
   Full Name:  EM_Event_vod__c-BMS_Sponsorship_Closeout
   Action:  UPDATED
   Result:  SUCCESS
   Problem: n/a

   File Name:    layouts/EM_Event_vod__c-BMS_Sponsorship_Draft_Layout.layout
   Full Name:  EM_Event_vod__c-BMS_Sponsorship_Draft_Layout
   Action:  UPDATED
   Result:  SUCCESS
   Problem: n/a

   File Name:    layouts/EM_Event_vod__c-BMS_Sponsorship_In_Process_Review.layout
   Full Name:  EM_Event_vod__c-BMS_Sponsorship_In_Process_Review
   Action:  UPDATED
   Result:  SUCCESS
   Problem: n/a

   File Name:    layouts/EM_Event_vod__c-BMS_Sponsorship_Pending_Approval.layout
   Full Name:  EM_Event_vod__c-BMS_Sponsorship_Pending_Approval
   Action:  UPDATED
   Result:  SUCCESS
   Problem: n/a

   File Name:    layouts/EM_Event_vod__c-BMS_Sponsorship_Read_Only_Layout.layout
   Full Name:  EM_Event_vod__c-BMS_Sponsorship_Read_Only_Layout
   Action:  UPDATED
   Result:  SUCCESS
   Problem: n/a

   File Name:    layouts/EM_Event_vod__c-Base_Approved_Layout.layout
   Full Name:  EM_Event_vod__c-Base_Approved_Layout
   Action:  UPDATED
   Result:  SUCCESS
   Problem: n/a

   File Name:    layouts/EM_Event_vod__c-Base_Approved_Layout_US.layout
   Full Name:  EM_Event_vod__c-Base_Approved_Layout_US
   Action:  UPDATED
   Result:  SUCCESS
   Problem: n/a

   File Name:    layouts/EM_Event_vod__c-Base_Closed_Layout.layout
   Full Name:  EM_Event_vod__c-Base_Closed_Layout
   Action:  UPDATED
   Result:  SUCCESS
   Problem: n/a

   File Name:    layouts/EM_Event_vod__c-Base_Pending_Layout.layout
   Full Name:  EM_Event_vod__c-Base_Pending_Layout
   Action:  UPDATED
   Result:  SUCCESS
   Problem: n/a

   File Name:    layouts/EM_Event_vod__c-Canceled_Layout_Vendor.layout
   Full Name:  EM_Event_vod__c-Canceled_Layout_Vendor
   Action:  UPDATED
   Result:  SUCCESS
   Problem: n/a

   File Name:    layouts/EM_Event_vod__c-Event Layout.layout
   Full Name:  EM_Event_vod__c-Event Layout
   Action:  UPDATED
   Result:  SUCCESS
   Problem: n/a

   File Name:    layouts/EM_Event_vod__c-Manager_Request_Layout.layout
   Full Name:  EM_Event_vod__c-Manager_Request_Layout
   Action:  UPDATED
   Result:  SUCCESS
   Problem: n/a

   File Name:    layouts/EM_Event_vod__c-Organizer_Request_Layout.layout
   Full Name:  EM_Event_vod__c-Organizer_Request_Layout
   Action:  UPDATED
   Result:  SUCCESS
   Problem: n/a

   File Name:    layouts/EM_Event_vod__c-Organizer_Request_Layout_SC.layout
   Full Name:  EM_Event_vod__c-Organizer_Request_Layout_SC
   Action:  UPDATED
   Result:  SUCCESS
   Problem: n/a

   File Name:    layouts/EM_Event_vod__c-QA Layout.layout
   Full Name:  EM_Event_vod__c-QA Layout
   Action:  UPDATED
   Result:  SUCCESS
   Problem: n/a

   File Name:    layouts/EM_Event_vod__c-Unlock_Layout.layout
   Full Name:  EM_Event_vod__c-Unlock_Layout
   Action:  UPDATED
   Result:  SUCCESS
   Problem: n/a

   File Name:    layouts/EM_Event_vod__c-zBMS_SRP_Approved DELETE.layout
   Full Name:  EM_Event_vod__c-zBMS_SRP_Approved DELETE
   Action:  UPDATED
   Result:  SUCCESS
   Problem: n/a

   File Name:    layouts/EM_Expense_Estimate_vod__c-BMS Expense Estimate Simple Read Only.layout
   Full Name:  EM_Expense_Estimate_vod__c-BMS Expense Estimate Simple Read Only
   Action:  UPDATED
   Result:  SUCCESS
   Problem: n/a

   File Name:    layouts/EM_Expense_Estimate_vod__c-BMS Expense Estimate Simple.layout
   Full Name:  EM_Expense_Estimate_vod__c-BMS Expense Estimate Simple
   Action:  UPDATED
   Result:  SUCCESS
   Problem: n/a

   File Name:    layouts/EM_Expense_Estimate_vod__c-Expense Estimate Layout.layout
   Full Name:  EM_Expense_Estimate_vod__c-Expense Estimate Layout
   Action:  UPDATED
   Result:  SUCCESS
   Problem: n/a

   File Name:    layouts/EM_Speaker_Qualification_vod__c-Speaker Service Layout.layout
   Full Name:  EM_Speaker_Qualification_vod__c-Speaker Service Layout
   Action:  UPDATED
   Result:  SUCCESS
   Problem: n/a

   File Name:    layouts/EM_Speaker_Qualification_vod__c-Speaker Training Layout.layout
   Full Name:  EM_Speaker_Qualification_vod__c-Speaker Training Layout
   Action:  UPDATED
   Result:  SUCCESS
   Problem: n/a

   File Name:    layouts/EM_Speaker_vod__c-BMS Simplified Speaker Layout.layout
   Full Name:  EM_Speaker_vod__c-BMS Simplified Speaker Layout
   Action:  UPDATED
   Result:  SUCCESS
   Problem: n/a

   File Name:    layouts/EM_Speaker_vod__c-BMS Speaker Layout.layout
   Full Name:  EM_Speaker_vod__c-BMS Speaker Layout
   Action:  UPDATED
   Result:  SUCCESS
   Problem: n/a

   File Name:    layouts/EM_Vendor_vod__c-BMS Simple Payee Layout.layout
   Full Name:  EM_Vendor_vod__c-BMS Simple Payee Layout
   Action:  UPDATED
   Result:  SUCCESS
   Problem: n/a

   File Name:    layouts/Expense_Header_vod__c-BMS Simple Expense Header Layout.layout
   Full Name:  Expense_Header_vod__c-BMS Simple Expense Header Layout
   Action:  UPDATED
   Result:  SUCCESS
   Problem: n/a

   File Name:    layouts/Expense_Header_vod__c-BMS Simple Expense Header ReadOnly Layout.layout
   Full Name:  Expense_Header_vod__c-BMS Simple Expense Header ReadOnly Layout
   Action:  UPDATED
   Result:  SUCCESS
   Problem: n/a

   File Name:    layouts/Expense_Line_vod__c-BMS Simple Expense Line Layout.layout
   Full Name:  Expense_Line_vod__c-BMS Simple Expense Line Layout
   Action:  UPDATED
   Result:  SUCCESS
   Problem: n/a

   File Name:    layouts/Expense_Line_vod__c-BMS Simple Expense Line Readonly Layout.layout
   Full Name:  Expense_Line_vod__c-BMS Simple Expense Line Readonly Layout
   Action:  UPDATED
   Result:  SUCCESS
   Problem: n/a

   File Name:    layouts/Expense_Line_vod__c-Event Expense Line Layout.layout
   Full Name:  Expense_Line_vod__c-Event Expense Line Layout
   Action:  UPDATED
   Result:  SUCCESS
   Problem: n/a

   File Name:    objects/EM_Attendee_vod__c.object
   Full Name:  EM_Attendee_vod__c.Ariba_SOW_Number_HCPTS__c
   Action:  UPDATED
   Result:  SUCCESS
   Problem: n/a

   File Name:    objects/EM_Attendee_vod__c.object
   Full Name:  EM_Attendee_vod__c.Attendee_Type_vod__c
   Action:  UPDATED
   Result:  SUCCESS
   Problem: n/a

   File Name:    objects/EM_Attendee_vod__c.object
   Full Name:  EM_Attendee_vod__c.Audience_Type_HCPTS__c
   Action:  UPDATED
   Result:  SUCCESS
   Problem: n/a

   File Name:    objects/EM_Attendee_vod__c.object
   Full Name:  EM_Attendee_vod__c.Audience_Type_Simple_Formula_HCPTS__c
   Action:  UPDATED
   Result:  SUCCESS
   Problem: n/a

   File Name:    objects/EM_Attendee_vod__c.object
   Full Name:  EM_Attendee_vod__c.Country_ref_HCPTS__c
   Action:  UPDATED
   Result:  SUCCESS
   Problem: n/a

   File Name:    objects/EM_Attendee_vod__c.object
   Full Name:  EM_Attendee_vod__c.Employer_Consent_Required_HCPTS__c
   Action:  UPDATED
   Result:  SUCCESS
   Problem: n/a

   File Name:    objects/EM_Attendee_vod__c.object
   Full Name:  EM_Attendee_vod__c.Employer_Consent_Status_HCPTS__c
   Action:  NO ACTION
   Result:  SUCCESS
   Problem: n/a

   File Name:    objects/EM_Attendee_vod__c.object
   Full Name:  EM_Attendee_vod__c.Event_vod__c
   Action:  UPDATED
   Result:  SUCCESS
   Problem: n/a

   File Name:    objects/EM_Attendee_vod__c.object
   Full Name:  EM_Attendee_vod__c.Registration_Status_HCPTS__c
   Action:  UPDATED
   Result:  SUCCESS
   Problem: n/a

   File Name:    objects/EM_Attendee_vod__c.object
   Full Name:  EM_Attendee_vod__c.Status_vod__c
   Action:  UPDATED
   Result:  SUCCESS
   Problem: n/a

   File Name:    objects/EM_Attendee_vod__c.object
   Full Name:  EM_Attendee_vod__c.View_Online_HCPTS__c
   Action:  UPDATED
   Result:  SUCCESS
   Problem: n/a

   File Name:    objects/EM_Attendee_vod__c.object
   Full Name:  EM_Attendee_vod__c.Simple_Attendee_HCPTS
   Action:  UPDATED
   Result:  SUCCESS
   Problem: n/a

   File Name:    objects/EM_Budget_vod__c.object
   Full Name:  EM_Budget_vod__c.WBS_Number_HCPTS__c
   Action:  UPDATED
   Result:  SUCCESS
   Problem: n/a

   File Name:    objects/EM_Budget_vod__c.object
   Full Name:  EM_Budget_vod__c.Activity_Type_HCPTS__c
   Action:  UPDATED
   Result:  SUCCESS
   Problem: n/a

   File Name:    objects/EM_Budget_vod__c.object
   Full Name:  EM_Budget_vod__c.Budget_Identifier_vod__c
   Action:  UPDATED
   Result:  SUCCESS
   Problem: n/a

   File Name:    objects/EM_Budget_vod__c.object
   Full Name:  EM_Budget_vod__c.Cybergrant_ID_HCPTS__c
   Action:  UPDATED
   Result:  SUCCESS
   Problem: n/a

   File Name:    objects/EM_Budget_vod__c.object
   Full Name:  EM_Budget_vod__c.Estimated_Number_of_Activities_HCPTS__c
   Action:  UPDATED
   Result:  SUCCESS
   Problem: n/a

   File Name:    objects/EM_Budget_vod__c.object
   Full Name:  EM_Budget_vod__c.Parent_Budget_vod__c
   Action:  UPDATED
   Result:  SUCCESS
   Problem: n/a

   File Name:    objects/EM_Budget_vod__c.object
   Full Name:  EM_Budget_vod__c.Status_vod__c
   Action:  UPDATED
   Result:  SUCCESS
   Problem: n/a

   File Name:    objects/EM_Budget_vod__c.object
   Full Name:  EM_Budget_vod__c.Need_Owner_HCPTS__c
   Action:  NO ACTION
   Result:  SUCCESS
   Problem: n/a

   File Name:    objects/EM_Budget_vod__c.object
   Full Name:  EM_Budget_vod__c.All
   Action:  NO ACTION
   Result:  SUCCESS
   Problem: n/a

   File Name:    objects/EM_Budget_vod__c.object
   Full Name:  EM_Budget_vod__c.All_Needs
   Action:  UPDATED
   Result:  SUCCESS
   Problem: n/a

   File Name:    objects/EM_Budget_vod__c.object
   Full Name:  EM_Budget_vod__c.All_Needs_DE
   Action:  UPDATED
   Result:  SUCCESS
   Problem: n/a

   File Name:    objects/EM_Budget_vod__c.object
   Full Name:  EM_Budget_vod__c.My_Needs
   Action:  UPDATED
   Result:  SUCCESS
   Problem: n/a

   File Name:    objects/EM_Budget_vod__c.object
   Full Name:  EM_Budget_vod__c.My_Needs_DE
   Action:  UPDATED
   Result:  SUCCESS
   Problem: n/a

   File Name:    objects/EM_Budget_vod__c.object
   Full Name:  EM_Budget_vod__c.Company_Cd_Required_for_Available_Budget
   Action:  UPDATED
   Result:  SUCCESS
   Problem: n/a

   File Name:    objects/EM_Budget_vod__c.object
   Full Name:  EM_Budget_vod__c.Must_Have_Company_Code
   Action:  UPDATED
   Result:  SUCCESS
   Problem: n/a

   File Name:    objects/EM_Budget_vod__c.object
   Full Name:  EM_Budget_vod__c.Budget_vod
   Action:  UPDATED
   Result:  SUCCESS
   Problem: n/a

   File Name:    objects/EM_Event_Budget_vod__c.object
   Full Name:  EM_Event_Budget_vod__c.Budget_vod__c
   Action:  UPDATED
   Result:  SUCCESS
   Problem: n/a

   File Name:    objects/EM_Event_Budget_vod__c.object
   Full Name:  EM_Event_Budget_vod__c.Event_Canceled_vod__c
   Action:  UPDATED
   Result:  SUCCESS
   Problem: n/a

   File Name:    objects/EM_Event_Budget_vod__c.object
   Full Name:  EM_Event_Budget_vod__c.Event_vod__c
   Action:  UPDATED
   Result:  SUCCESS
   Problem: n/a

   File Name:    objects/EM_Event_Budget_vod__c.object
   Full Name:  EM_Event_Budget_vod__c.Need_End_Date_After_Atvty_Start_Date
   Action:  UPDATED
   Result:  SUCCESS
   Problem: n/a

   File Name:    objects/EM_Event_Budget_vod__c.object
   Full Name:  EM_Event_Budget_vod__c.WBS_CC_Simple_HCPTS
   Action:  UPDATED
   Result:  SUCCESS
   Problem: n/a

   File Name:    objects/EM_Event_Budget_vod__c.object
   Full Name:  EM_Event_Budget_vod__c.Need_Start_Date_Before_Atvty_Start_Date
   Action:  UPDATED
   Result:  SUCCESS
   Problem: n/a

   File Name:    objects/EM_Event_History_vod__c.object
   Full Name:  EM_Event_History_vod__c.Activity_ID_HCPTS__c
   Action:  UPDATED
   Result:  SUCCESS
   Problem: n/a

   File Name:    objects/EM_Event_History_vod__c.object
   Full Name:  EM_Event_History_vod__c.Activity_Name_HCPTS__c
   Action:  UPDATED
   Result:  SUCCESS
   Problem: n/a

   File Name:    objects/EM_Event_History_vod__c.object
   Full Name:  EM_Event_History_vod__c.Ending_Status_Simple_HCPTS__c
   Action:  UPDATED
   Result:  SUCCESS
   Problem: n/a

   File Name:    objects/EM_Event_History_vod__c.object
   Full Name:  EM_Event_History_vod__c.Event_vod__c
   Action:  UPDATED
   Result:  SUCCESS
   Problem: n/a

   File Name:    objects/EM_Event_History_vod__c.object
   Full Name:  EM_Event_History_vod__c.Starting_Status_Simple_HCPTS__c
   Action:  UPDATED
   Result:  SUCCESS
   Problem: n/a

   File Name:    objects/EM_Event_Material_vod__c.object
   Full Name:  EM_Event_Material_vod__c.Applicable_Activity_Status_HCPTS__c
   Action:  UPDATED
   Result:  SUCCESS
   Problem: n/a

   File Name:    objects/EM_Event_Material_vod__c.object
   Full Name:  EM_Event_Material_vod__c.Event_vod__c
   Action:  UPDATED
   Result:  SUCCESS
   Problem: n/a

   File Name:    objects/EM_Event_Material_vod__c.object
   Full Name:  EM_Event_Material_vod__c.Item_Id_HCPTS__c
   Action:  UPDATED
   Result:  SUCCESS
   Problem: n/a

   File Name:    objects/EM_Event_Material_vod__c.object
   Full Name:  EM_Event_Material_vod__c.Item_Type__c
   Action:  UPDATED
   Result:  SUCCESS
   Problem: n/a

   File Name:    objects/EM_Event_Material_vod__c.object
   Full Name:  EM_Event_Material_vod__c.Name_vod__c
   Action:  UPDATED
   Result:  SUCCESS
   Problem: n/a

   File Name:    objects/EM_Event_Material_vod__c.object
   Full Name:  EM_Event_Material_vod__c.Simple_Material_HCPTS
   Action:  UPDATED
   Result:  SUCCESS
   Problem: n/a

   File Name:    objects/EM_Event_Speaker_vod__c.object
   Full Name:  EM_Event_Speaker_vod__c.Ariba_SOW_Number_HCPTS__c
   Action:  UPDATED
   Result:  SUCCESS
   Problem: n/a

   File Name:    objects/EM_Event_Speaker_vod__c.object
   Full Name:  EM_Event_Speaker_vod__c.Employer_Consent_Required_HCPTS__c
   Action:  UPDATED
   Result:  SUCCESS
   Problem: n/a

   File Name:    objects/EM_Event_Speaker_vod__c.object
   Full Name:  EM_Event_Speaker_vod__c.Employer_Consent_Status_HCPTS__c
   Action:  UPDATED
   Result:  SUCCESS
   Problem: n/a

   File Name:    objects/EM_Event_Speaker_vod__c.object
   Full Name:  EM_Event_Speaker_vod__c.Event_vod__c
   Action:  UPDATED
   Result:  SUCCESS
   Problem: n/a

   File Name:    objects/EM_Event_Speaker_vod__c.object
   Full Name:  EM_Event_Speaker_vod__c.Provider_Type_Formula_HCPTS__c
   Action:  UPDATED
   Result:  SUCCESS
   Problem: n/a

   File Name:    objects/EM_Event_Speaker_vod__c.object
   Full Name:  EM_Event_Speaker_vod__c.Provider_Type_HCPTS__c
   Action:  UPDATED
   Result:  SUCCESS
   Problem: n/a

   File Name:    objects/EM_Event_Speaker_vod__c.object
   Full Name:  EM_Event_Speaker_vod__c.Provider_Type_Simple_HCPTS__c
   Action:  UPDATED
   Result:  SUCCESS
   Problem: n/a

   File Name:    objects/EM_Event_Speaker_vod__c.object
   Full Name:  EM_Event_Speaker_vod__c.Registration_Status_HCPTS__c
   Action:  UPDATED
   Result:  SUCCESS
   Problem: n/a

   File Name:    objects/EM_Event_Speaker_vod__c.object
   Full Name:  EM_Event_Speaker_vod__c.Status_vod__c
   Action:  UPDATED
   Result:  SUCCESS
   Problem: n/a

   File Name:    objects/EM_Event_Speaker_vod__c.object
   Full Name:  EM_Event_Speaker_vod__c.View_Online_HCPTS__c
   Action:  UPDATED
   Result:  SUCCESS
   Problem: n/a

   File Name:    objects/EM_Event_Speaker_vod__c.object
   Full Name:  EM_Event_Speaker_vod__c.Simplified_Event_Speaker_HCPTS
   Action:  UPDATED
   Result:  SUCCESS
   Problem: n/a

   File Name:    objects/EM_Event_Team_Member_vod__c.object
   Full Name:  EM_Event_Team_Member_vod__c.Event_vod__c
   Action:  UPDATED
   Result:  SUCCESS
   Problem: n/a

   File Name:    objects/EM_Event_Team_Member_vod__c.object
   Full Name:  EM_Event_Team_Member_vod__c.Email_HCPTS__c
   Action:  NO ACTION
   Result:  SUCCESS
   Problem: n/a

   File Name:    objects/EM_Event_Team_Member_vod__c.object
   Full Name:  EM_Event_Team_Member_vod__c.Role_vod__c
   Action:  UPDATED
   Result:  SUCCESS
   Problem: n/a

   File Name:    objects/EM_Event_Team_Member_vod__c.object
   Full Name:  EM_Event_Team_Member_vod__c.Team_Member_vod__c
   Action:  UPDATED
   Result:  SUCCESS
   Problem: n/a

   File Name:    objects/EM_Event_Team_Member_vod__c.object
   Full Name:  EM_Event_Team_Member_vod__c.Activity_Team_Member_Simple_HCPTS
   Action:  UPDATED
   Result:  SUCCESS
   Problem: n/a

   File Name:    objects/EM_Event_Team_Member_vod__c.object
   Full Name:  EM_Event_Team_Member_vod__c.Prevent_Role_Updates_to_existing_records
   Action:  UPDATED
   Result:  SUCCESS
   Problem: n/a

   File Name:    objects/EM_Event_vod__c.object
   Full Name:  EM_Event_vod__c.Status_vod__c
   Action:  UPDATED
   Result:  SUCCESS
   Problem: n/a

   File Name:    objects/EM_Event_vod__c.object
   Full Name:  EM_Event_vod__c.Activity_Format_HCPTS__c
   Action:  UPDATED
   Result:  SUCCESS
   Problem: n/a

   File Name:    objects/EM_Event_vod__c.object
   Full Name:  EM_Event_vod__c.Activity_ID_2_HCPTS__c
   Action:  UPDATED
   Result:  SUCCESS
   Problem: n/a

   File Name:    objects/EM_Event_vod__c.object
   Full Name:  EM_Event_vod__c.Activity_Id_HCPTS__c
   Action:  NO ACTION
   Result:  SUCCESS
   Problem: n/a

   File Name:    objects/EM_Event_vod__c.object
   Full Name:  EM_Event_vod__c.Activity_Status_HCPTS__c
   Action:  UPDATED
   Result:  SUCCESS
   Problem: n/a

   File Name:    objects/EM_Event_vod__c.object
   Full Name:  EM_Event_vod__c.Activity_Type_Formula_HCPTS__c
   Action:  UPDATED
   Result:  SUCCESS
   Problem: n/a

   File Name:    objects/EM_Event_vod__c.object
   Full Name:  EM_Event_vod__c.Activity_Type_Simple_HCPTS__c
   Action:  UPDATED
   Result:  SUCCESS
   Problem: n/a

   File Name:    objects/EM_Event_vod__c.object
   Full Name:  EM_Event_vod__c.Audio_Visual_Support_HCPTS__c
   Action:  UPDATED
   Result:  SUCCESS
   Problem: n/a

   File Name:    objects/EM_Event_vod__c.object
   Full Name:  EM_Event_vod__c.Before_during_or_after_a_Congress__c
   Action:  UPDATED
   Result:  SUCCESS
   Problem: n/a

   File Name:    objects/EM_Event_vod__c.object
   Full Name:  EM_Event_vod__c.City_Confirmed_HCPTS__c
   Action:  UPDATED
   Result:  SUCCESS
   Problem: n/a

   File Name:    objects/EM_Event_vod__c.object
   Full Name:  EM_Event_vod__c.City_vod__c
   Action:  NO ACTION
   Result:  SUCCESS
   Problem: n/a

   File Name:    objects/EM_Event_vod__c.object
   Full Name:  EM_Event_vod__c.Confirmed_Venue_Postal_Code_HCPTS__c
   Action:  UPDATED
   Result:  SUCCESS
   Problem: n/a

   File Name:    objects/EM_Event_vod__c.object
   Full Name:  EM_Event_vod__c.Congress_Names_HCPTS__c
   Action:  UPDATED
   Result:  SUCCESS
   Problem: n/a

   File Name:    objects/EM_Event_vod__c.object
   Full Name:  EM_Event_vod__c.Country_Confirmed_HCPTS__c
   Action:  UPDATED
   Result:  SUCCESS
   Problem: n/a

   File Name:    objects/EM_Event_vod__c.object
   Full Name:  EM_Event_vod__c.Cybergrant_ID_HCPTS__c
   Action:  UPDATED
   Result:  SUCCESS
   Problem: n/a

   File Name:    objects/EM_Event_vod__c.object
   Full Name:  EM_Event_vod__c.Food_and_Beverage_HCPTS__c
   Action:  UPDATED
   Result:  SUCCESS
   Problem: n/a

   File Name:    objects/EM_Event_vod__c.object
   Full Name:  EM_Event_vod__c.Full_Location_HCPTS__c
   Action:  UPDATED
   Result:  SUCCESS
   Problem: n/a

   File Name:    objects/EM_Event_vod__c.object
   Full Name:  EM_Event_vod__c.Ground_Transportation_HCPTS__c
   Action:  UPDATED
   Result:  SUCCESS
   Problem: n/a

   File Name:    objects/EM_Event_vod__c.object
   Full Name:  EM_Event_vod__c.Inherited_Budget_Need_HCPTS__c
   Action:  UPDATED
   Result:  SUCCESS
   Problem: n/a

   File Name:    objects/EM_Event_vod__c.object
   Full Name:  EM_Event_vod__c.Location_Address_Confirmed_HCPTS__c
   Action:  UPDATED
   Result:  SUCCESS
   Problem: n/a

   File Name:    objects/EM_Event_vod__c.object
   Full Name:  EM_Event_vod__c.Location_Address_Line_2_Confirmed_HCPTS__c
   Action:  UPDATED
   Result:  SUCCESS
   Problem: n/a

   File Name:    objects/EM_Event_vod__c.object
   Full Name:  EM_Event_vod__c.Location_Address_Line_2_vod__c
   Action:  NO ACTION
   Result:  SUCCESS
   Problem: n/a

   File Name:    objects/EM_Event_vod__c.object
   Full Name:  EM_Event_vod__c.Location_Address_vod__c
   Action:  NO ACTION
   Result:  SUCCESS
   Problem: n/a

   File Name:    objects/EM_Event_vod__c.object
   Full Name:  EM_Event_vod__c.Location_vod_HCPTS__c
   Action:  UPDATED
   Result:  SUCCESS
   Problem: n/a

   File Name:    objects/EM_Event_vod__c.object
   Full Name:  EM_Event_vod__c.Location_vod__c
   Action:  UPDATED
   Result:  SUCCESS
   Problem: n/a

   File Name:    objects/EM_Event_vod__c.object
   Full Name:  EM_Event_vod__c.Meeting_Rooms_HCPTS__c
   Action:  UPDATED
   Result:  SUCCESS
   Problem: n/a

   File Name:    objects/EM_Event_vod__c.object
   Full Name:  EM_Event_vod__c.Need_Definition_HCPTS__c
   Action:  UPDATED
   Result:  SUCCESS
   Problem: n/a

   File Name:    objects/EM_Event_vod__c.object
   Full Name:  EM_Event_vod__c.Need_ID__c
   Action:  UPDATED
   Result:  SUCCESS
   Problem: n/a

   File Name:    objects/EM_Event_vod__c.object
   Full Name:  EM_Event_vod__c.Parent_Event_vod__c
   Action:  UPDATED
   Result:  SUCCESS
   Problem: n/a

   File Name:    objects/EM_Event_vod__c.object
   Full Name:  EM_Event_vod__c.Secondary_Product_TA_Simplified__c
   Action:  UPDATED
   Result:  SUCCESS
   Problem: n/a

   File Name:    objects/EM_Event_vod__c.object
   Full Name:  EM_Event_vod__c.Send_Activity_Details_Report_Email__c
   Action:  UPDATED
   Result:  SUCCESS
   Problem: n/a

   File Name:    objects/EM_Event_vod__c.object
   Full Name:  EM_Event_vod__c.Starcite_ID_HCPTS__c
   Action:  UPDATED
   Result:  SUCCESS
   Problem: n/a

   File Name:    objects/EM_Event_vod__c.object
   Full Name:  EM_Event_vod__c.Starcite_Id_2_HCPTS__c
   Action:  UPDATED
   Result:  SUCCESS
   Problem: n/a

   File Name:    objects/EM_Event_vod__c.object
   Full Name:  EM_Event_vod__c.Starcite_Request_Status__c
   Action:  UPDATED
   Result:  SUCCESS
   Problem: n/a

   File Name:    objects/EM_Event_vod__c.object
   Full Name:  EM_Event_vod__c.State_Province_HCPTS__c
   Action:  UPDATED
   Result:  SUCCESS
   Problem: n/a

   File Name:    objects/EM_Event_vod__c.object
   Full Name:  EM_Event_vod__c.Travel_Accomodations_HCPTS__c
   Action:  UPDATED
   Result:  SUCCESS
   Problem: n/a

   File Name:    objects/EM_Event_vod__c.object
   Full Name:  EM_Event_vod__c.WasApproved_HCPTS__c
   Action:  UPDATED
   Result:  SUCCESS
   Problem: n/a

   File Name:    objects/EM_Event_vod__c.object
   Full Name:  EM_Event_vod__c.zvod_Event_Layout_vod__c
   Action:  UPDATED
   Result:  SUCCESS
   Problem: n/a

   File Name:    objects/EM_Event_vod__c.object
   Full Name:  EM_Event_vod__c.Exhibits_Booths_and_Displays
   Action:  UPDATED
   Result:  SUCCESS
   Problem: n/a

   File Name:    objects/EM_Event_vod__c.object
   Full Name:  EM_Event_vod__c.HCP_Sponsorship
   Action:  UPDATED
   Result:  SUCCESS
   Problem: n/a

   File Name:    objects/EM_Event_vod__c.object
   Full Name:  EM_Event_vod__c.Internal_Speaking
   Action:  UPDATED
   Result:  SUCCESS
   Problem: n/a

   File Name:    objects/EM_Event_vod__c.object
   Full Name:  EM_Event_vod__c.Investigator_Meeting_vod
   Action:  NO ACTION
   Result:  SUCCESS
   Problem: n/a

   File Name:    objects/EM_Event_vod__c.object
   Full Name:  EM_Event_vod__c.Other_Consulting
   Action:  UPDATED
   Result:  SUCCESS
   Problem: n/a

   File Name:    objects/EM_Event_vod__c.object
   Full Name:  EM_Event_vod__c.Preceptorship
   Action:  UPDATED
   Result:  SUCCESS
   Problem: n/a

   File Name:    objects/EM_Event_vod__c.object
   Full Name:  EM_Event_vod__c.R_D_Committee
   Action:  UPDATED
   Result:  SUCCESS
   Problem: n/a

   File Name:    objects/EM_Event_vod__c.object
   Full Name:  EM_Event_vod__c.Round_Table_vod
   Action:  NO ACTION
   Result:  SUCCESS
   Problem: n/a

   File Name:    objects/EM_Event_vod__c.object
   Full Name:  EM_Event_vod__c.Simple_Activity_HCPTS
   Action:  UPDATED
   Result:  SUCCESS
   Problem: n/a

   File Name:    objects/EM_Event_vod__c.object
   Full Name:  EM_Event_vod__c.Speaker_Meeting
   Action:  UPDATED
   Result:  SUCCESS
   Problem: n/a

   File Name:    objects/EM_Event_vod__c.object
   Full Name:  EM_Event_vod__c.Speaker_Program_vod
   Action:  NO ACTION
   Result:  SUCCESS
   Problem: n/a

   File Name:    objects/EM_Event_vod__c.object
   Full Name:  EM_Event_vod__c.Speaker_Series
   Action:  NO ACTION
   Result:  SUCCESS
   Problem: n/a

   File Name:    objects/EM_Event_vod__c.object
   Full Name:  EM_Event_vod__c.Speaker_Training
   Action:  UPDATED
   Result:  SUCCESS
   Problem: n/a

   File Name:    objects/EM_Event_vod__c.object
   Full Name:  EM_Event_vod__c.Standard_Rep_Presentation
   Action:  UPDATED
   Result:  SUCCESS
   Problem: n/a

   File Name:    objects/EM_Event_vod__c.object
   Full Name:  EM_Event_vod__c.Advisory_Board
   Action:  UPDATED
   Result:  SUCCESS
   Problem: n/a

   File Name:    objects/EM_Event_vod__c.object
   Full Name:  EM_Event_vod__c.Congress_vod
   Action:  NO ACTION
   Result:  SUCCESS
   Problem: n/a

   File Name:    objects/EM_Event_vod__c.object
   Full Name:  EM_Event_vod__c.Cross_Org
   Action:  UPDATED
   Result:  SUCCESS
   Problem: n/a

   File Name:    objects/EM_Event_vod__c.object
   Full Name:  EM_Event_vod__c.Event_Purchase
   Action:  UPDATED
   Result:  SUCCESS
   Problem: n/a

   File Name:    objects/EM_Event_vod__c.object
   Full Name:  EM_Event_vod__c.Must_Provider_Venue_Country
   Action:  UPDATED
   Result:  SUCCESS
   Problem: n/a

   File Name:    objects/EM_Event_vod__c.object
   Full Name:  EM_Event_vod__c.Must_fill_Congress_Info
   Action:  UPDATED
   Result:  SUCCESS
   Problem: n/a

   File Name:    objects/EM_Event_vod__c.object
   Full Name:  EM_Event_vod__c.Must_fill_Congress_Info_2
   Action:  UPDATED
   Result:  SUCCESS
   Problem: n/a

   File Name:    objects/EM_Event_vod__c.object
   Full Name:  EM_Event_vod__c.Must_have_a_Primary_Assigned_Need
   Action:  UPDATED
   Result:  SUCCESS
   Problem: n/a

   File Name:    objects/EM_Expense_Estimate_vod__c.object
   Full Name:  EM_Expense_Estimate_vod__c.Event_Budget_vod__c
   Action:  UPDATED
   Result:  SUCCESS
   Problem: n/a

   File Name:    objects/EM_Expense_Estimate_vod__c.object
   Full Name:  EM_Expense_Estimate_vod__c.Event_Canceled_vod__c
   Action:  UPDATED
   Result:  SUCCESS
   Problem: n/a

   File Name:    objects/EM_Expense_Estimate_vod__c.object
   Full Name:  EM_Expense_Estimate_vod__c.Event_vod__c
   Action:  UPDATED
   Result:  SUCCESS
   Problem: n/a

   File Name:    objects/EM_Expense_Estimate_vod__c.object
   Full Name:  EM_Expense_Estimate_vod__c.Expense_Estimate_Simple
   Action:  UPDATED
   Result:  SUCCESS
   Problem: n/a

   File Name:    objects/EM_Speaker_vod__c.object
   Full Name:  EM_Speaker_vod__c.Hourly_Rate_HCPTS__c
   Action:  UPDATED
   Result:  SUCCESS
   Problem: n/a

   File Name:    objects/EM_Speaker_vod__c.object
   Full Name:  EM_Speaker_vod__c.Provider_Type_Simple_Formula_HCPTS__c
   Action:  UPDATED
   Result:  SUCCESS
   Problem: n/a

   File Name:    objects/EM_Speaker_vod__c.object
   Full Name:  EM_Speaker_vod__c.Rate_Type_HCPTS__c
   Action:  UPDATED
   Result:  SUCCESS
   Problem: n/a

   File Name:    objects/EM_Speaker_vod__c.object
   Full Name:  EM_Speaker_vod__c.Status_vod__c
   Action:  UPDATED
   Result:  SUCCESS
   Problem: n/a

   File Name:    objects/EM_Speaker_vod__c.object
   Full Name:  EM_Speaker_vod__c.Year_to_Date_Utilization_vod__c
   Action:  UPDATED
   Result:  SUCCESS
   Problem: n/a

   File Name:    objects/EM_Speaker_vod__c.object
   Full Name:  EM_Speaker_vod__c.Service_Provider_Simple_HCPTS
   Action:  UPDATED
   Result:  SUCCESS
   Problem: n/a

   File Name:    objects/EM_Vendor_vod__c.object
   Full Name:  EM_Vendor_vod__c.Account_Number_HCPTS__c
   Action:  UPDATED
   Result:  SUCCESS
   Problem: n/a

   File Name:    objects/EM_Vendor_vod__c.object
   Full Name:  EM_Vendor_vod__c.Contract_Party_Address_Line_2_HCPTS__c
   Action:  UPDATED
   Result:  SUCCESS
   Problem: n/a

   File Name:    objects/EM_Vendor_vod__c.object
   Full Name:  EM_Vendor_vod__c.Contract_Party_District_HCPTS__c
   Action:  UPDATED
   Result:  SUCCESS
   Problem: n/a

   File Name:    objects/EM_Vendor_vod__c.object
   Full Name:  EM_Vendor_vod__c.Contract_Party_Type_HCPTS__c
   Action:  UPDATED
   Result:  SUCCESS
   Problem: n/a

   File Name:    objects/EM_Vendor_vod__c.object
   Full Name:  EM_Vendor_vod__c.Contract_Party_is_HCP_HCPTS__c
   Action:  UPDATED
   Result:  SUCCESS
   Problem: n/a

   File Name:    objects/EM_Vendor_vod__c.object
   Full Name:  EM_Vendor_vod__c.Contract_State_HCPTS__c
   Action:  UPDATED
   Result:  SUCCESS
   Problem: n/a

   File Name:    objects/EM_Vendor_vod__c.object
   Full Name:  EM_Vendor_vod__c.Contract_Tax_ID_HCPTS__c
   Action:  UPDATED
   Result:  SUCCESS
   Problem: n/a

   File Name:    objects/EM_Vendor_vod__c.object
   Full Name:  EM_Vendor_vod__c.ERS_Simple_HCPTS__c
   Action:  UPDATED
   Result:  SUCCESS
   Problem: n/a

   File Name:    objects/EM_Vendor_vod__c.object
   Full Name:  EM_Vendor_vod__c.Industry_Code_HCPTS__c
   Action:  UPDATED
   Result:  SUCCESS
   Problem: n/a

   File Name:    objects/EM_Vendor_vod__c.object
   Full Name:  EM_Vendor_vod__c.PII_Data_HCPTS__c
   Action:  UPDATED
   Result:  SUCCESS
   Problem: n/a

   File Name:    objects/EM_Vendor_vod__c.object
   Full Name:  EM_Vendor_vod__c.Primary_Material_Group_HCPTS__c
   Action:  UPDATED
   Result:  SUCCESS
   Problem: n/a

   File Name:    objects/EM_Vendor_vod__c.object
   Full Name:  EM_Vendor_vod__c.Service_Provider_Reference_HCPTS__c
   Action:  UPDATED
   Result:  SUCCESS
   Problem: n/a

   File Name:    objects/EM_Vendor_vod__c.object
   Full Name:  EM_Vendor_vod__c.Status_vod__c
   Action:  UPDATED
   Result:  SUCCESS
   Problem: n/a

   File Name:    objects/EM_Vendor_vod__c.object
   Full Name:  EM_Vendor_vod__c.VAT_Registration_ID_HCPTS__c
   Action:  UPDATED
   Result:  SUCCESS
   Problem: n/a

   File Name:    objects/EM_Vendor_vod__c.object
   Full Name:  EM_Vendor_vod__c.Vendor_Mat_Group_Concat_HCPTS__c
   Action:  UPDATED
   Result:  SUCCESS
   Problem: n/a

   File Name:    objects/EM_Vendor_vod__c.object
   Full Name:  EM_Vendor_vod__c.Payee_Simple_HCPTS
   Action:  UPDATED
   Result:  SUCCESS
   Problem: n/a

   File Name:    objects/EM_Vendor_vod__c.object
   Full Name:  EM_Vendor_vod__c.Vendor_vod
   Action:  NO ACTION
   Result:  SUCCESS
   Problem: n/a

   File Name:    objects/EM_Vendor_vod__c.object
   Full Name:  EM_Vendor_vod__c.BMS_EMEA_EM_Vendor_ID_Must_be_ten_digits
   Action:  UPDATED
   Result:  SUCCESS
   Problem: n/a

   File Name:    objects/Event_Attendee_vod__c.object
   Full Name:  Event_Attendee_vod__c.Status_vod__c
   Action:  UPDATED
   Result:  SUCCESS
   Problem: n/a

   File Name:    objects/Event_Attendee_vod__c.object
   Full Name:  Event_Attendee_vod__c.Simple_Attendee_HCPTS
   Action:  UPDATED
   Result:  SUCCESS
   Problem: n/a

   File Name:    objects/Expense_Header_vod__c.object
   Full Name:  Expense_Header_vod__c.Contract_Party_Name_2_HCPTS__c
   Action:  UPDATED
   Result:  SUCCESS
   Problem: n/a

   File Name:    objects/Expense_Header_vod__c.object
   Full Name:  Expense_Header_vod__c.Event_Canceled_vod__c
   Action:  UPDATED
   Result:  SUCCESS
   Problem: n/a

   File Name:    objects/Expense_Header_vod__c.object
   Full Name:  Expense_Header_vod__c.Event_Recordtype_Dev_Name_Simple_HCPTS__c
   Action:  UPDATED
   Result:  SUCCESS
   Problem: n/a

   File Name:    objects/Expense_Header_vod__c.object
   Full Name:  Expense_Header_vod__c.Event_vod__c
   Action:  UPDATED
   Result:  SUCCESS
   Problem: n/a

   File Name:    objects/Expense_Header_vod__c.object
   Full Name:  Expense_Header_vod__c.Incurred_Expense_vod__c
   Action:  UPDATED
   Result:  SUCCESS
   Problem: n/a

   File Name:    objects/Expense_Header_vod__c.object
   Full Name:  Expense_Header_vod__c.Invoice_Simple_Formula_HCPTS__c
   Action:  UPDATED
   Result:  SUCCESS
   Problem: n/a

   File Name:    objects/Expense_Header_vod__c.object
   Full Name:  Expense_Header_vod__c.Payee_Vendor_vod__c
   Action:  UPDATED
   Result:  SUCCESS
   Problem: n/a

   File Name:    objects/Expense_Header_vod__c.object
   Full Name:  Expense_Header_vod__c.Payment_Status_HCPTS_S1__c
   Action:  UPDATED
   Result:  SUCCESS
   Problem: n/a

   File Name:    objects/Expense_Header_vod__c.object
   Full Name:  Expense_Header_vod__c.Purchase_Order_Number__c
   Action:  UPDATED
   Result:  SUCCESS
   Problem: n/a

   File Name:    objects/Expense_Header_vod__c.object
   Full Name:  Expense_Header_vod__c.Tax_Code_HCPTS__c
   Action:  UPDATED
   Result:  SUCCESS
   Problem: n/a

   File Name:    objects/Expense_Header_vod__c.object
   Full Name:  Expense_Header_vod__c.Tax_Market_HCPTS__c
   Action:  UPDATED
   Result:  SUCCESS
   Problem: n/a

   File Name:    objects/Expense_Header_vod__c.object
   Full Name:  Expense_Header_vod__c.VAT_Liable_Simple_HCPTS__c
   Action:  UPDATED
   Result:  SUCCESS
   Problem: n/a

   File Name:    objects/Expense_Header_vod__c.object
   Full Name:  Expense_Header_vod__c.Vendor_Mat_Group_Concat_HCPTS__c
   Action:  UPDATED
   Result:  SUCCESS
   Problem: n/a

   File Name:    objects/Expense_Header_vod__c.object
   Full Name:  Expense_Header_vod__c.Committed_vod__c
   Action:  UPDATED
   Result:  SUCCESS
   Problem: n/a

   File Name:    objects/Expense_Header_vod__c.object
   Full Name:  Expense_Header_vod__c.Actual_vod__c
   Action:  UPDATED
   Result:  SUCCESS
   Problem: n/a

   File Name:    objects/Expense_Header_vod__c.object
   Full Name:  Expense_Header_vod__c.No_PO_Request_for_Manual_Payment
   Action:  UPDATED
   Result:  SUCCESS
   Problem: n/a

   File Name:    objects/Expense_Header_vod__c.object
   Full Name:  Expense_Header_vod__c.PO_Pending_Lock
   Action:  NO ACTION
   Result:  SUCCESS
   Problem: n/a

   File Name:    objects/Expense_Header_vod__c.object
   Full Name:  Expense_Header_vod__c.PO_Requested_Update
   Action:  UPDATED
   Result:  SUCCESS
   Problem: n/a

   File Name:    objects/Expense_Header_vod__c.object
   Full Name:  Expense_Header_vod__c.Payment_Request_Validation
   Action:  UPDATED
   Result:  SUCCESS
   Problem: n/a

   File Name:    objects/Expense_Header_vod__c.object
   Full Name:  Expense_Header_vod__c.Required_to_Request_PO_Simplified
   Action:  UPDATED
   Result:  SUCCESS
   Problem: n/a

   File Name:    objects/Expense_Header_vod__c.object
   Full Name:  Expense_Header_vod__c.Event_Expense_Header_vod
   Action:  UPDATED
   Result:  SUCCESS
   Problem: n/a

   File Name:    objects/Expense_Header_vod__c.object
   Full Name:  Expense_Header_vod__c.Simple_Expense_Header
   Action:  UPDATED
   Result:  SUCCESS
   Problem: n/a

   File Name:    objects/Expense_Header_vod__c.object
   Full Name:  Expense_Header_vod__c.Cannot_Edit_Expense_Header
   Action:  UPDATED
   Result:  SUCCESS
   Problem: n/a

   File Name:    objects/Expense_Header_vod__c.object
   Full Name:  Expense_Header_vod__c.Cannot_Edit_Expense_Header_after_Payment
   Action:  UPDATED
   Result:  SUCCESS
   Problem: n/a

   File Name:    objects/Expense_Header_vod__c.object
   Full Name:  Expense_Header_vod__c.Check_Material_Groups_are_Valid
   Action:  UPDATED
   Result:  SUCCESS
   Problem: n/a

   File Name:    objects/Expense_Header_vod__c.object
   Full Name:  Expense_Header_vod__c.Incurred_Expense_required_for_DOCT
   Action:  UPDATED
   Result:  SUCCESS
   Problem: n/a

   File Name:    objects/Expense_Header_vod__c.object
   Full Name:  Expense_Header_vod__c.Need_Vendor_to_Request_PO
   Action:  NO ACTION
   Result:  SUCCESS
   Problem: n/a

   File Name:    objects/Expense_Header_vod__c.object
   Full Name:  Expense_Header_vod__c.Need_Vendor_to_Request_PO_Simplified
   Action:  UPDATED
   Result:  SUCCESS
   Problem: n/a

   File Name:    objects/Expense_Line_vod__c.object
   Full Name:  Expense_Line_vod__c.Actual_vod__c
   Action:  UPDATED
   Result:  SUCCESS
   Problem: n/a

   File Name:    objects/Expense_Line_vod__c.object
   Full Name:  Expense_Line_vod__c.Committed_vod__c
   Action:  UPDATED
   Result:  SUCCESS
   Problem: n/a

   File Name:    objects/Expense_Line_vod__c.object
   Full Name:  Expense_Line_vod__c.Event_Budget_vod__c
   Action:  UPDATED
   Result:  SUCCESS
   Problem: n/a

   File Name:    objects/Expense_Line_vod__c.object
   Full Name:  Expense_Line_vod__c.Event_vod__c
   Action:  UPDATED
   Result:  SUCCESS
   Problem: n/a

   File Name:    objects/Expense_Line_vod__c.object
   Full Name:  Expense_Line_vod__c.Funding_Currency_HCPTS__c
   Action:  UPDATED
   Result:  SUCCESS
   Problem: n/a

   File Name:    objects/Expense_Line_vod__c.object
   Full Name:  Expense_Line_vod__c.Cannot_Edit_Expense_Lines_Simple_HCPTS
   Action:  UPDATED
   Result:  SUCCESS
   Problem: n/a

   File Name:    objects/Expense_Line_vod__c.object
   Full Name:  Expense_Line_vod__c.Committed_Greater_than_0_to_request_PO
   Action:  UPDATED
   Result:  SUCCESS
   Problem: n/a

   File Name:    objects/Expense_Line_vod__c.object
   Full Name:  Expense_Line_vod__c.Only_Enter_Actuals_for_Manual_Payment
   Action:  UPDATED
   Result:  SUCCESS
   Problem: n/a

   File Name:    objects/Expense_Line_vod__c.object
   Full Name:  Expense_Line_vod__c.Event_Expense_Line_vod
   Action:  NO ACTION
   Result:  SUCCESS
   Problem: n/a

   File Name:    objects/Medical_Event_vod__c.object
   Full Name:  Medical_Event_vod__c.Status_vod__c
   Action:  NO ACTION
   Result:  SUCCESS
   Problem: n/a

   File Name:    objects/Medical_Event_vod__c.object
   Full Name:  Medical_Event_vod__c.Simple_Activity_HCPTS
   Action:  UPDATED
   Result:  SUCCESS
   Problem: n/a

   File Name:    objects/Task.object
   Full Name:  Task.RecurrenceInterval
   Action:  NO ACTION
   Result:  SUCCESS
   Problem: n/a

   File Name:    objects/Task.object
   Full Name:  Task.Priority
   Action:  NO ACTION
   Result:  SUCCESS
   Problem: n/a

   File Name:    objects/Task.object
   Full Name:  Task.Phone
   Action:  NO ACTION
   Result:  SUCCESS
   Problem: n/a

   File Name:    objects/Task.object
   Full Name:  Task.OwnerId
   Action:  NO ACTION
   Result:  SUCCESS
   Problem: n/a

   File Name:    objects/Task.object
   Full Name:  Task.IsVisibleInSelfService
   Action:  NO ACTION
   Result:  SUCCESS
   Problem: n/a

   File Name:    objects/Task.object
   Full Name:  Task.IsRecurrence
   Action:  NO ACTION
   Result:  SUCCESS
   Problem: n/a

   File Name:    objects/Task.object
   Full Name:  Task.Email
   Action:  NO ACTION
   Result:  SUCCESS
   Problem: n/a

   File Name:    objects/Task.object
   Full Name:  Task.Description
   Action:  NO ACTION
   Result:  SUCCESS
   Problem: n/a

   File Name:    objects/Task.object
   Full Name:  Task.ActivityDate
   Action:  NO ACTION
   Result:  SUCCESS
   Problem: n/a

   File Name:    objects/Task.object
   Full Name:  Task.CallDisposition
   Action:  NO ACTION
   Result:  SUCCESS
   Problem: n/a

   File Name:    objects/Task.object
   Full Name:  Task.CallDurationInSeconds
   Action:  NO ACTION
   Result:  SUCCESS
   Problem: n/a

   File Name:    objects/Task.object
   Full Name:  Task.CallObject
   Action:  NO ACTION
   Result:  SUCCESS
   Problem: n/a

   File Name:    objects/Task.object
   Full Name:  Task.CallType
   Action:  NO ACTION
   Result:  SUCCESS
   Problem: n/a

   File Name:    objects/Task.object
   Full Name:  Task.TaskSubtype
   Action:  NO ACTION
   Result:  SUCCESS
   Problem: n/a

   File Name:    objects/Task.object
   Full Name:  Task.Subject
   Action:  NO ACTION
   Result:  SUCCESS
   Problem: n/a

   File Name:    objects/Task.object
   Full Name:  Task.Status
   Action:  UPDATED
   Result:  SUCCESS
   Problem: n/a

   File Name:    objects/Task.object
   Full Name:  Task.RecurrenceRegeneratedType
   Action:  NO ACTION
   Result:  SUCCESS
   Problem: n/a

   File Name:    objects/Task.object
   Full Name:  Task.WhoId
   Action:  NO ACTION
   Result:  SUCCESS
   Problem: n/a

   File Name:    objects/Task.object
   Full Name:  Task.WhatId
   Action:  NO ACTION
   Result:  SUCCESS
   Problem: n/a

   File Name:    objects/Task.object
   Full Name:  Task.Type
   Action:  NO ACTION
   Result:  SUCCESS
   Problem: n/a

   File Name:    objects/Task.object
   Full Name:  Task
   Action:  NO ACTION
   Result:  SUCCESS
   Problem: n/a

   File Name:    package.xml
   Full Name:  package.xml
   Action:  UPDATED
   Result:  SUCCESS
   Problem: n/a

   File Name:    triggers/MaterialGroupValidation.trigger
   Full Name:  MaterialGroupValidation
   Action:  UPDATED
   Result:  SUCCESS
   Problem: n/a

   File Name:    triggers/VPROF_AutoAssignRecordTypeBeforeInsert.trigger
   Full Name:  VPROF_AutoAssignRecordTypeBeforeInsert
   Action:  UPDATED
   Result:  SUCCESS
   Problem: n/a

   File Name:    triggers/VPROF_EMAttendeeBeforeInsert.trigger
   Full Name:  VPROF_EMAttendeeBeforeInsert
   Action:  UPDATED
   Result:  SUCCESS
   Problem: n/a

   File Name:    triggers/VPROF_EventHistoryBeforeIns.trigger
   Full Name:  VPROF_EventHistoryBeforeIns
   Action:  UPDATED
   Result:  SUCCESS
   Problem: n/a

   File Name:    triggers/VPROF_ExpenseLine_BeforeInsert_BeforeUpdate.trigger
   Full Name:  VPROF_ExpenseLine_BeforeInsert_BeforeUpdate
   Action:  UPDATED
   Result:  SUCCESS
   Problem: n/a

   File Name:    triggers/VPROF_Workflows.trigger
   Full Name:  VPROF_Workflows
   Action:  UPDATED
   Result:  SUCCESS
   Problem: n/a

   File Name:    workflows/EM_Budget_vod__c.workflow
   Full Name:  EM_Budget_vod__c
   Action:  UPDATED
   Result:  SUCCESS
   Problem: n/a

   File Name:    workflows/EM_Budget_vod__c.workflow
   Full Name:  EM_Budget_vod__c.Expire Simple Budget after End Date
   Action:  UPDATED
   Result:  SUCCESS
   Problem: n/a

   File Name:    workflows/EM_Budget_vod__c.workflow
   Full Name:  EM_Budget_vod__c.In Activation Field Update
   Action:  NO ACTION
   Result:  SUCCESS
   Problem: n/a

   File Name:    workflows/EM_Budget_vod__c.workflow
   Full Name:  EM_Budget_vod__c.Notify Processor of Need Assignment
   Action:  NO ACTION
   Result:  SUCCESS
   Problem: n/a

   File Name:    workflows/EM_Budget_vod__c.workflow
   Full Name:  EM_Budget_vod__c.Update Budget Identifier to NeedID Format
   Action:  UPDATED
   Result:  SUCCESS
   Problem: n/a

   File Name:    workflows/EM_Budget_vod__c.workflow
   Full Name:  EM_Budget_vod__c.Update Budget Identifier to SIMPLE NeedID Format
   Action:  UPDATED
   Result:  SUCCESS
   Problem: n/a

   File Name:    workflows/EM_Budget_vod__c.workflow
   Full Name:  EM_Budget_vod__c.Approval_Status_Business_Approved
   Action:  NO ACTION
   Result:  SUCCESS
   Problem: n/a

   File Name:    workflows/EM_Budget_vod__c.workflow
   Full Name:  EM_Budget_vod__c.Approval_Status_to_Draft
   Action:  NO ACTION
   Result:  SUCCESS
   Problem: n/a

   File Name:    workflows/EM_Budget_vod__c.workflow
   Full Name:  EM_Budget_vod__c.Availability_Status_to_Draft
   Action:  NO ACTION
   Result:  SUCCESS
   Problem: n/a

   File Name:    workflows/EM_Budget_vod__c.workflow
   Full Name:  EM_Budget_vod__c.In_Activation
   Action:  NO ACTION
   Result:  SUCCESS
   Problem: n/a

   File Name:    workflows/EM_Budget_vod__c.workflow
   Full Name:  EM_Budget_vod__c.Increase_Version_0_1
   Action:  NO ACTION
   Result:  SUCCESS
   Problem: n/a

   File Name:    workflows/EM_Budget_vod__c.workflow
   Full Name:  EM_Budget_vod__c.Increase_Version_1
   Action:  NO ACTION
   Result:  SUCCESS
   Problem: n/a

   File Name:    workflows/EM_Budget_vod__c.workflow
   Full Name:  EM_Budget_vod__c.Need_Sent_for_Approval
   Action:  NO ACTION
   Result:  SUCCESS
   Problem: n/a

   File Name:    workflows/EM_Budget_vod__c.workflow
   Full Name:  EM_Budget_vod__c.Need_Update_Approval_Status_Review_Appr
   Action:  NO ACTION
   Result:  SUCCESS
   Problem: n/a

   File Name:    workflows/EM_Budget_vod__c.workflow
   Full Name:  EM_Budget_vod__c.Need_Update_to_In_Activiation
   Action:  NO ACTION
   Result:  SUCCESS
   Problem: n/a

   File Name:    workflows/EM_Budget_vod__c.workflow
   Full Name:  EM_Budget_vod__c.Rec_Type_to_Serial_Need
   Action:  NO ACTION
   Result:  SUCCESS
   Problem: n/a

   File Name:    workflows/EM_Budget_vod__c.workflow
   Full Name:  EM_Budget_vod__c.Update_Approval_Status_To_Approved
   Action:  NO ACTION
   Result:  SUCCESS
   Problem: n/a

   File Name:    workflows/EM_Budget_vod__c.workflow
   Full Name:  EM_Budget_vod__c.Update_Approval_Status_to_Draft
   Action:  NO ACTION
   Result:  SUCCESS
   Problem: n/a

   File Name:    workflows/EM_Budget_vod__c.workflow
   Full Name:  EM_Budget_vod__c.Update_Budget_Identifier_for_Simple_Need
   Action:  UPDATED
   Result:  SUCCESS
   Problem: n/a

   File Name:    workflows/EM_Budget_vod__c.workflow
   Full Name:  EM_Budget_vod__c.Update_Budget_Identifier_to_NEED_ID
   Action:  NO ACTION
   Result:  SUCCESS
   Problem: n/a

   File Name:    workflows/EM_Budget_vod__c.workflow
   Full Name:  EM_Budget_vod__c.Update_Budget_Status_to_Expired
   Action:  UPDATED
   Result:  SUCCESS
   Problem: n/a

   File Name:    workflows/EM_Budget_vod__c.workflow
   Full Name:  EM_Budget_vod__c.Update_Budget_Status_vod_to_Available
   Action:  NO ACTION
   Result:  SUCCESS
   Problem: n/a

   File Name:    workflows/EM_Budget_vod__c.workflow
   Full Name:  EM_Budget_vod__c.Update_Recordtype_to_Partial_Lock
   Action:  NO ACTION
   Result:  SUCCESS
   Problem: n/a

   File Name:    workflows/EM_Budget_vod__c.workflow
   Full Name:  EM_Budget_vod__c.Update_Rectype_to_Serial_Open
   Action:  NO ACTION
   Result:  SUCCESS
   Problem: n/a

   File Name:    workflows/EM_Budget_vod__c.workflow
   Full Name:  EM_Budget_vod__c.Update_Status_to_Rejected
   Action:  NO ACTION
   Result:  SUCCESS
   Problem: n/a

   File Name:    workflows/EM_Budget_vod__c.workflow
   Full Name:  EM_Budget_vod__c.Update_Status_to_Rejected_By_Certifier
   Action:  NO ACTION
   Result:  SUCCESS
   Problem: n/a

   File Name:    workflows/EM_Budget_vod__c.workflow
   Full Name:  EM_Budget_vod__c.Update_Status_to_Rejected_By_Reviewer
   Action:  NO ACTION
   Result:  SUCCESS
   Problem: n/a

   File Name:    workflows/EM_Budget_vod__c.workflow
   Full Name:  EM_Budget_vod__c.Update_Status_to_Review_Completed
   Action:  NO ACTION
   Result:  SUCCESS
   Problem: n/a

   File Name:    workflows/EM_Budget_vod__c.workflow
   Full Name:  EM_Budget_vod__c.Update_Status_vod_to_Draft
   Action:  NO ACTION
   Result:  SUCCESS
   Problem: n/a

   File Name:    workflows/EM_Event_History_vod__c.workflow
   Full Name:  EM_Event_History_vod__c.Notify Approver of Activity
   Action:  UPDATED
   Result:  SUCCESS
   Problem: n/a

   File Name:    workflows/EM_Event_History_vod__c.workflow
   Full Name:  EM_Event_History_vod__c.Notify PO and SC Activity Approved
   Action:  NO ACTION
   Result:  SUCCESS
   Problem: n/a

   File Name:    workflows/EM_Event_History_vod__c.workflow
   Full Name:  EM_Event_History_vod__c.Notify PO and SC Activity Rejected
   Action:  NO ACTION
   Result:  SUCCESS
   Problem: n/a

   File Name:    workflows/EM_Event_History_vod__c.workflow
   Full Name:  EM_Event_History_vod__c.EM_Activity_Rejected_Email
   Action:  NO ACTION
   Result:  SUCCESS
   Problem: n/a

   File Name:    workflows/EM_Event_History_vod__c.workflow
   Full Name:  EM_Event_History_vod__c.Notify_Approver_of_Activity
   Action:  NO ACTION
   Result:  SUCCESS
   Problem: n/a

   File Name:    workflows/EM_Event_History_vod__c.workflow
   Full Name:  EM_Event_History_vod__c.Notify_PO_and_SC_Activity_Approved
   Action:  NO ACTION
   Result:  SUCCESS
   Problem: n/a

   File Name:    workflows/EM_Event_History_vod__c.workflow
   Full Name:  EM_Event_History_vod__c.Notify_PO_and_SC_Activity_Rejected
   Action:  NO ACTION
   Result:  SUCCESS
   Problem: n/a

   File Name:    workflows/EM_Event_History_vod__c.workflow
   Full Name:  EM_Event_History_vod__c
   Action:  NO ACTION
   Result:  SUCCESS
   Problem: n/a

   File Name:    workflows/EM_Event_Team_Member_vod__c.workflow
   Full Name:  EM_Event_Team_Member_vod__c.Activity%3A Update Approver ID
   Action:  NO ACTION
   Result:  SUCCESS
   Problem: n/a

   File Name:    workflows/EM_Event_Team_Member_vod__c.workflow
   Full Name:  EM_Event_Team_Member_vod__c.Alert Team Member
   Action:  UPDATED
   Result:  SUCCESS
   Problem: n/a

   File Name:    workflows/EM_Event_Team_Member_vod__c.workflow
   Full Name:  EM_Event_Team_Member_vod__c.Alert Team Member 2%2E0 %28Simple%29
   Action:  UPDATED
   Result:  SUCCESS
   Problem: n/a

   File Name:    workflows/EM_Event_Team_Member_vod__c.workflow
   Full Name:  EM_Event_Team_Member_vod__c.Change Status to Processor Review
   Action:  NO ACTION
   Result:  SUCCESS
   Problem: n/a

   File Name:    workflows/EM_Event_Team_Member_vod__c.workflow
   Full Name:  EM_Event_Team_Member_vod__c.EM Service Coordinator Update Activity
   Action:  NO ACTION
   Result:  SUCCESS
   Problem: n/a

   File Name:    workflows/EM_Event_Team_Member_vod__c.workflow
   Full Name:  EM_Event_Team_Member_vod__c.Set Approver Email on Activity
   Action:  NO ACTION
   Result:  SUCCESS
   Problem: n/a

   File Name:    workflows/EM_Event_Team_Member_vod__c.workflow
   Full Name:  EM_Event_Team_Member_vod__c.Notify_EM_2_0_User_of_addition_to_team
   Action:  UPDATED
   Result:  SUCCESS
   Problem: n/a

   File Name:    workflows/EM_Event_Team_Member_vod__c.workflow
   Full Name:  EM_Event_Team_Member_vod__c.Activity_BMS_Employee_ID
   Action:  NO ACTION
   Result:  SUCCESS
   Problem: n/a

   File Name:    workflows/EM_Event_Team_Member_vod__c.workflow
   Full Name:  EM_Event_Team_Member_vod__c.EM_Activity_Approver_Email_Unique_Na
   Action:  NO ACTION
   Result:  SUCCESS
   Problem: n/a

   File Name:    workflows/EM_Event_Team_Member_vod__c.workflow
   Full Name:  EM_Event_Team_Member_vod__c.EM_Status_Processor_Review
   Action:  NO ACTION
   Result:  SUCCESS
   Problem: n/a

   File Name:    workflows/EM_Event_Team_Member_vod__c.workflow
   Full Name:  EM_Event_Team_Member_vod__c.Processor_Country
   Action:  NO ACTION
   Result:  SUCCESS
   Problem: n/a

   File Name:    workflows/EM_Event_Team_Member_vod__c.workflow
   Full Name:  EM_Event_Team_Member_vod__c.Processor_Email
   Action:  NO ACTION
   Result:  SUCCESS
   Problem: n/a

   File Name:    workflows/EM_Event_Team_Member_vod__c.workflow
   Full Name:  EM_Event_Team_Member_vod__c.Processor_Email_HCPTS
   Action:  NO ACTION
   Result:  SUCCESS
   Problem: n/a

   File Name:    workflows/EM_Event_Team_Member_vod__c.workflow
   Full Name:  EM_Event_Team_Member_vod__c.Processor_Name
   Action:  NO ACTION
   Result:  SUCCESS
   Problem: n/a

   File Name:    workflows/EM_Event_Team_Member_vod__c.workflow
   Full Name:  EM_Event_Team_Member_vod__c.Processor_Phone
   Action:  NO ACTION
   Result:  SUCCESS
   Problem: n/a

   File Name:    workflows/EM_Event_Team_Member_vod__c.workflow
   Full Name:  EM_Event_Team_Member_vod__c.Processor_Review_Email
   Action:  NO ACTION
   Result:  SUCCESS
   Problem: n/a

   File Name:    workflows/EM_Event_Team_Member_vod__c.workflow
   Full Name:  EM_Event_Team_Member_vod__c.Send_Email_Alert_To_Support_Member
   Action:  NO ACTION
   Result:  SUCCESS
   Problem: n/a

   File Name:    workflows/EM_Event_Team_Member_vod__c.workflow
   Full Name:  EM_Event_Team_Member_vod__c
   Action:  UPDATED
   Result:  SUCCESS
   Problem: n/a

   File Name:    workflows/EM_Event_Team_Member_vod__c.workflow
   Full Name:  EM_Event_Team_Member_vod__c.Update_Approver_Email_on_Activity
   Action:  NO ACTION
   Result:  SUCCESS
   Problem: n/a

   File Name:    workflows/EM_Event_Team_Member_vod__c.workflow
   Full Name:  EM_Event_Team_Member_vod__c.Update_Certifier_on_Activity
   Action:  NO ACTION
   Result:  SUCCESS
   Problem: n/a

   File Name:    workflows/EM_Event_vod__c.workflow
   Full Name:  EM_Event_vod__c.Notify_EM_User_of_Status_Change
   Action:  UPDATED
   Result:  SUCCESS
   Problem: n/a

   File Name:    workflows/EM_Event_vod__c.workflow
   Full Name:  EM_Event_vod__c.Notify_Activity_Approver_when_Budget_Exceeded_Estimates
   Action:  NO ACTION
   Result:  SUCCESS
   Problem: n/a

   File Name:    workflows/EM_Event_vod__c.workflow
   Full Name:  EM_Event_vod__c.EM Activity - Email to Creator on Close
   Action:  UPDATED
   Result:  SUCCESS
   Problem: n/a

   File Name:    workflows/EM_Event_vod__c.workflow
   Full Name:  EM_Event_vod__c.EM Activity Canceled
   Action:  UPDATED
   Result:  SUCCESS
   Problem: n/a

   File Name:    workflows/EM_Event_vod__c.workflow
   Full Name:  EM_Event_vod__c.Notify Approver if Actual Cost %3E Estimated Cost
   Action:  NO ACTION
   Result:  SUCCESS
   Problem: n/a

   File Name:    workflows/EM_Event_vod__c.workflow
   Full Name:  EM_Event_vod__c.Notify EM Owner and SC of Status Change
   Action:  UPDATED
   Result:  SUCCESS
   Problem: n/a

   File Name:    workflows/EM_Event_vod__c.workflow
   Full Name:  EM_Event_vod__c.Notify Owner 7 Days after Event
   Action:  UPDATED
   Result:  SUCCESS
   Problem: n/a

   File Name:    workflows/EM_Event_vod__c.workflow
   Full Name:  EM_Event_vod__c.Update Activity ID
   Action:  NO ACTION
   Result:  SUCCESS
   Problem: n/a

   File Name:    workflows/EM_Event_vod__c.workflow
   Full Name:  EM_Event_vod__c.Update PostEvent to PostEventPostApproval
   Action:  UPDATED
   Result:  SUCCESS
   Problem: n/a

   File Name:    workflows/EM_Event_vod__c.workflow
   Full Name:  EM_Event_vod__c.EM_7_Day_after_end_date_notification
   Action:  UPDATED
   Result:  SUCCESS
   Problem: n/a

   File Name:    workflows/EM_Event_vod__c.workflow
   Full Name:  EM_Event_vod__c.EM_Email_Creator_Activity_is_Closed
   Action:  NO ACTION
   Result:  SUCCESS
   Problem: n/a

   File Name:    workflows/EM_Event_vod__c.workflow
   Full Name:  EM_Event_vod__c.Em_Activity_Canceled_HCPTS
   Action:  UPDATED
   Result:  SUCCESS
   Problem: n/a

   File Name:    workflows/EM_Event_vod__c.workflow
   Full Name:  EM_Event_vod__c
   Action:  UPDATED
   Result:  SUCCESS
   Problem: n/a

   File Name:    workflows/EM_Event_vod__c.workflow
   Full Name:  EM_Event_vod__c.Activity_Updated_Logistics_Support
   Action:  NO ACTION
   Result:  SUCCESS
   Problem: n/a

   File Name:    workflows/EM_Event_vod__c.workflow
   Full Name:  EM_Event_vod__c.Null_Approver_Email
   Action:  NO ACTION
   Result:  SUCCESS
   Problem: n/a

   File Name:    workflows/EM_Event_vod__c.workflow
   Full Name:  EM_Event_vod__c.Populate_Date_Put_In_Processor_Review
   Action:  NO ACTION
   Result:  SUCCESS
   Problem: n/a

   File Name:    workflows/EM_Event_vod__c.workflow
   Full Name:  EM_Event_vod__c.UpdateEventStatusPostEventApproval
   Action:  UPDATED
   Result:  SUCCESS
   Problem: n/a

   File Name:    workflows/EM_Event_vod__c.workflow
   Full Name:  EM_Event_vod__c.Update_Activity_ID
   Action:  NO ACTION
   Result:  SUCCESS
   Problem: n/a

   File Name:    workflows/EM_Event_vod__c.workflow
   Full Name:  EM_Event_vod__c.Update_Activity_Name
   Action:  NO ACTION
   Result:  SUCCESS
   Problem: n/a

   File Name:    workflows/EM_Event_vod__c.workflow
   Full Name:  EM_Event_vod__c.Update_Event_to_Approved
   Action:  UPDATED
   Result:  SUCCESS
   Problem: n/a

   File Name:    workflows/EM_Event_vod__c.workflow
   Full Name:  EM_Event_vod__c.Update_Event_to_Pending_Approval
   Action:  UPDATED
   Result:  SUCCESS
   Problem: n/a

   File Name:    workflows/EM_Event_vod__c.workflow
   Full Name:  EM_Event_vod__c.Update_Event_to_Pre_Event
   Action:  UPDATED
   Result:  SUCCESS
   Problem: n/a

   File Name:    workflows/EM_Event_vod__c.workflow
   Full Name:  EM_Event_vod__c.Update_WasApproved_to_True
   Action:  UPDATED
   Result:  SUCCESS
   Problem: n/a

# Test Results:
   n/a

n/a