*** Deployment Log ***
Result: SUCCESS
Date: June 9, 2017 9:32:44 AM EDT

# Deployed From:
   Project name: zEUFULL-PRODMigration-MetadataWithPermsXLation
   Username: murugesh.naidu@bms.eu.eufull
   Endpoint: test.salesforce.com

# Deployed To:
   Username: murugesh.naidu@bms.eu
   Endpoint: login.salesforce.com

# Deploy Results:
   File Name:    objectTranslations/Contract_Party_Company_Code__c-en_US.objectTranslation
   Full Name:  Contract_Party_Company_Code__c-en_US
   Action:  UPDATED
   Result:  SUCCESS
   Problem: n/a

   File Name:    objectTranslations/Contract_Party_Purchase_Org_HCPTS__c-en_US.objectTranslation
   Full Name:  Contract_Party_Purchase_Org_HCPTS__c-en_US
   Action:  UPDATED
   Result:  SUCCESS
   Problem: n/a

   File Name:    objectTranslations/EM_Attendee_vod__c-en_US.objectTranslation
   Full Name:  EM_Attendee_vod__c-en_US
   Action:  NO ACTION
   Result:  SUCCESS
   Problem: Invalid picklist value: Did Not Attend in field: EM_Attendee_vod__c.Status_vod__c

   File Name:    objectTranslations/EM_Attendee_vod__c-en_US.objectTranslation
   Full Name:  EM_Attendee_vod__c-en_US
   Action:  UPDATED
   Result:  SUCCESS
   Problem: n/a

   File Name:    objectTranslations/EM_Budget_vod__c-en_US.objectTranslation
   Full Name:  EM_Budget_vod__c-en_US
   Action:  UPDATED
   Result:  SUCCESS
   Problem: n/a

   File Name:    objectTranslations/EM_Catalog_vod__c-en_US.objectTranslation
   Full Name:  EM_Catalog_vod__c-en_US
   Action:  UPDATED
   Result:  SUCCESS
   Problem: n/a

   File Name:    objectTranslations/EM_Event_Action_vod__c-en_US.objectTranslation
   Full Name:  EM_Event_Action_vod__c-en_US
   Action:  UPDATED
   Result:  SUCCESS
   Problem: n/a

   File Name:    objectTranslations/EM_Event_Budget_vod__c-en_US.objectTranslation
   Full Name:  EM_Event_Budget_vod__c-en_US
   Action:  UPDATED
   Result:  SUCCESS
   Problem: n/a

   File Name:    objectTranslations/EM_Event_Configuration_Country_vod__c-en_US.objectTranslation
   Full Name:  EM_Event_Configuration_Country_vod__c-en_US
   Action:  UPDATED
   Result:  SUCCESS
   Problem: n/a

   File Name:    objectTranslations/EM_Event_Configuration_vod__c-en_US.objectTranslation
   Full Name:  EM_Event_Configuration_vod__c-en_US
   Action:  UPDATED
   Result:  SUCCESS
   Problem: n/a

   File Name:    objectTranslations/EM_Event_History_vod__c-en_US.objectTranslation
   Full Name:  EM_Event_History_vod__c-en_US
   Action:  UPDATED
   Result:  SUCCESS
   Problem: n/a

   File Name:    objectTranslations/EM_Event_Layout_vod__c-en_US.objectTranslation
   Full Name:  EM_Event_Layout_vod__c-en_US
   Action:  UPDATED
   Result:  SUCCESS
   Problem: n/a

   File Name:    objectTranslations/EM_Event_Material_vod__c-en_US.objectTranslation
   Full Name:  EM_Event_Material_vod__c-en_US
   Action:  UPDATED
   Result:  SUCCESS
   Problem: n/a

   File Name:    objectTranslations/EM_Event_Rule_vod__c-en_US.objectTranslation
   Full Name:  EM_Event_Rule_vod__c-en_US
   Action:  UPDATED
   Result:  SUCCESS
   Problem: n/a

   File Name:    objectTranslations/EM_Event_Session_Attendee_vod__c-en_US.objectTranslation
   Full Name:  EM_Event_Session_Attendee_vod__c-en_US
   Action:  UPDATED
   Result:  SUCCESS
   Problem: n/a

   File Name:    objectTranslations/EM_Event_Session_vod__c-en_US.objectTranslation
   Full Name:  EM_Event_Session_vod__c-en_US
   Action:  UPDATED
   Result:  SUCCESS
   Problem: n/a

   File Name:    objectTranslations/EM_Event_Speaker_vod__c-en_US.objectTranslation
   Full Name:  EM_Event_Speaker_vod__c-en_US
   Action:  UPDATED
   Result:  SUCCESS
   Problem: n/a

   File Name:    objectTranslations/EM_Event_Team_Member_vod__c-en_US.objectTranslation
   Full Name:  EM_Event_Team_Member_vod__c-en_US
   Action:  UPDATED
   Result:  SUCCESS
   Problem: n/a

   File Name:    objectTranslations/EM_Event_vod__c-en_US.objectTranslation
   Full Name:  EM_Event_vod__c-en_US
   Action:  NO ACTION
   Result:  SUCCESS
   Problem: In field: name - no WebLink named EM_Event_vod__c.PostEventPostApproval found

   File Name:    objectTranslations/EM_Event_vod__c-en_US.objectTranslation
   Full Name:  EM_Event_vod__c-en_US
   Action:  UPDATED
   Result:  SUCCESS
   Problem: n/a

   File Name:    objectTranslations/EM_Expense_Estimate_vod__c-en_US.objectTranslation
   Full Name:  EM_Expense_Estimate_vod__c-en_US
   Action:  UPDATED
   Result:  SUCCESS
   Problem: n/a

   File Name:    objectTranslations/EM_Speaker_Qualification_vod__c-en_US.objectTranslation
   Full Name:  EM_Speaker_Qualification_vod__c-en_US
   Action:  UPDATED
   Result:  SUCCESS
   Problem: n/a

   File Name:    objectTranslations/EM_Speaker_vod__c-en_US.objectTranslation
   Full Name:  EM_Speaker_vod__c-en_US
   Action:  UPDATED
   Result:  SUCCESS
   Problem: n/a

   File Name:    objectTranslations/EM_Topic_Material_vod__c-en_US.objectTranslation
   Full Name:  EM_Topic_Material_vod__c-en_US
   Action:  UPDATED
   Result:  SUCCESS
   Problem: n/a

   File Name:    objectTranslations/EM_Vendor_vod__c-en_US.objectTranslation
   Full Name:  EM_Vendor_vod__c-en_US
   Action:  NO ACTION
   Result:  SUCCESS
   Problem: Invalid picklist value: Others in field: EM_Vendor_vod__c.Account_Group_HCPTS__c

   File Name:    objectTranslations/EM_Vendor_vod__c-en_US.objectTranslation
   Full Name:  EM_Vendor_vod__c-en_US
   Action:  UPDATED
   Result:  SUCCESS
   Problem: n/a

   File Name:    objectTranslations/EM_Venue_vod__c-en_US.objectTranslation
   Full Name:  EM_Venue_vod__c-en_US
   Action:  UPDATED
   Result:  SUCCESS
   Problem: n/a

   File Name:    objectTranslations/Event_Attendee_vod__c-en_US.objectTranslation
   Full Name:  Event_Attendee_vod__c-en_US
   Action:  UPDATED
   Result:  SUCCESS
   Problem: n/a

   File Name:    objectTranslations/Events_Management_Settings_vod__c-en_US.objectTranslation
   Full Name:  Events_Management_Settings_vod__c-en_US
   Action:  UPDATED
   Result:  SUCCESS
   Problem: n/a

   File Name:    objectTranslations/Expense_Attribution_vod__c-en_US.objectTranslation
   Full Name:  Expense_Attribution_vod__c-en_US
   Action:  UPDATED
   Result:  SUCCESS
   Problem: n/a

   File Name:    objectTranslations/Expense_Header_vod__c-en_US.objectTranslation
   Full Name:  Expense_Header_vod__c-en_US
   Action:  NO ACTION
   Result:  SUCCESS
   Problem: Invalid picklist value: BA - BE - Input Tax Standard Rate 21% in field: Expense_Header_vod__c.Tax_Code_HCPTS__c

   File Name:    objectTranslations/Expense_Header_vod__c-en_US.objectTranslation
   Full Name:  Expense_Header_vod__c-en_US
   Action:  NO ACTION
   Result:  SUCCESS
   Problem: Invalid picklist value: BE - BE - Input Tax 0% Exempt (according article) in field: Expense_Header_vod__c.Tax_Code_HCPTS__c

   File Name:    objectTranslations/Expense_Header_vod__c-en_US.objectTranslation
   Full Name:  Expense_Header_vod__c-en_US
   Action:  NO ACTION
   Result:  SUCCESS
   Problem: Invalid picklist value: BQ - BE - Input 0% Acquisition Tax-Services in field: Expense_Header_vod__c.Tax_Code_HCPTS__c

   File Name:    objectTranslations/Expense_Header_vod__c-en_US.objectTranslation
   Full Name:  Expense_Header_vod__c-en_US
   Action:  NO ACTION
   Result:  SUCCESS
   Problem: Invalid picklist value: BR - BE - Input 0% Reverse Charge-Services in field: Expense_Header_vod__c.Tax_Code_HCPTS__c

   File Name:    objectTranslations/Expense_Header_vod__c-en_US.objectTranslation
   Full Name:  Expense_Header_vod__c-en_US
   Action:  NO ACTION
   Result:  SUCCESS
   Problem: Invalid picklist value: BZ - BE - Input Tax 0% Zero Rate (e.g. Charities) in field: Expense_Header_vod__c.Tax_Code_HCPTS__c

   File Name:    objectTranslations/Expense_Header_vod__c-en_US.objectTranslation
   Full Name:  Expense_Header_vod__c-en_US
   Action:  NO ACTION
   Result:  SUCCESS
   Problem: Invalid picklist value: DR - IE - 0% EC rev charge in field: Expense_Header_vod__c.Tax_Code_HCPTS__c

   File Name:    objectTranslations/Expense_Header_vod__c-en_US.objectTranslation
   Full Name:  Expense_Header_vod__c-en_US
   Action:  NO ACTION
   Result:  SUCCESS
   Problem: Invalid picklist value: EA - NL - Input VAT 21% in field: Expense_Header_vod__c.Tax_Code_HCPTS__c

   File Name:    objectTranslations/Expense_Header_vod__c-en_US.objectTranslation
   Full Name:  Expense_Header_vod__c-en_US
   Action:  NO ACTION
   Result:  SUCCESS
   Problem: Invalid picklist value: EZ - ES - 0% Domestic in field: Expense_Header_vod__c.Tax_Code_HCPTS__c

   File Name:    objectTranslations/Expense_Header_vod__c-en_US.objectTranslation
   Full Name:  Expense_Header_vod__c-en_US
   Action:  NO ACTION
   Result:  SUCCESS
   Problem: Invalid picklist value: FR - NL - Input Tax Non EU 21% in field: Expense_Header_vod__c.Tax_Code_HCPTS__c

   File Name:    objectTranslations/Expense_Header_vod__c-en_US.objectTranslation
   Full Name:  Expense_Header_vod__c-en_US
   Action:  NO ACTION
   Result:  SUCCESS
   Problem: Invalid picklist value: FT - NL - Input Tax EU 21% in field: Expense_Header_vod__c.Tax_Code_HCPTS__c

   File Name:    objectTranslations/Expense_Header_vod__c-en_US.objectTranslation
   Full Name:  Expense_Header_vod__c-en_US
   Action:  NO ACTION
   Result:  SUCCESS
   Problem: Invalid picklist value: FZ - FR - 0% Domestic in field: Expense_Header_vod__c.Tax_Code_HCPTS__c

   File Name:    objectTranslations/Expense_Header_vod__c-en_US.objectTranslation
   Full Name:  Expense_Header_vod__c-en_US
   Action:  NO ACTION
   Result:  SUCCESS
   Problem: Invalid picklist value: IL - IE - 23% Input VAT in field: Expense_Header_vod__c.Tax_Code_HCPTS__c

   File Name:    objectTranslations/Expense_Header_vod__c-en_US.objectTranslation
   Full Name:  Expense_Header_vod__c-en_US
   Action:  NO ACTION
   Result:  SUCCESS
   Problem: Invalid picklist value: IE - IE - Input 0.0% Exempt Rate in field: Expense_Header_vod__c.Tax_Code_HCPTS__c

   File Name:    objectTranslations/Expense_Header_vod__c-en_US.objectTranslation
   Full Name:  Expense_Header_vod__c-en_US
   Action:  NO ACTION
   Result:  SUCCESS
   Problem: Invalid picklist value: IW - IT - 0% Domestic in field: Expense_Header_vod__c.Tax_Code_HCPTS__c

   File Name:    objectTranslations/Expense_Header_vod__c-en_US.objectTranslation
   Full Name:  Expense_Header_vod__c-en_US
   Action:  NO ACTION
   Result:  SUCCESS
   Problem: Invalid picklist value: NZ - NL - Input Tax 0% Zero Rated in field: Expense_Header_vod__c.Tax_Code_HCPTS__c

   File Name:    objectTranslations/Expense_Header_vod__c-en_US.objectTranslation
   Full Name:  Expense_Header_vod__c-en_US
   Action:  NO ACTION
   Result:  SUCCESS
   Problem: Invalid picklist value: PA - ES - 21% in field: Expense_Header_vod__c.Tax_Code_HCPTS__c

   File Name:    objectTranslations/Expense_Header_vod__c-en_US.objectTranslation
   Full Name:  Expense_Header_vod__c-en_US
   Action:  NO ACTION
   Result:  SUCCESS
   Problem: Invalid picklist value: PA - FR - 20% in field: Expense_Header_vod__c.Tax_Code_HCPTS__c

   File Name:    objectTranslations/Expense_Header_vod__c-en_US.objectTranslation
   Full Name:  Expense_Header_vod__c-en_US
   Action:  NO ACTION
   Result:  SUCCESS
   Problem: Invalid picklist value: PA - IT - 22% in field: Expense_Header_vod__c.Tax_Code_HCPTS__c

   File Name:    objectTranslations/Expense_Header_vod__c-en_US.objectTranslation
   Full Name:  Expense_Header_vod__c-en_US
   Action:  NO ACTION
   Result:  SUCCESS
   Problem: Invalid picklist value: PE - UK - 0% in field: Expense_Header_vod__c.Tax_Code_HCPTS__c

   File Name:    objectTranslations/Expense_Header_vod__c-en_US.objectTranslation
   Full Name:  Expense_Header_vod__c-en_US
   Action:  NO ACTION
   Result:  SUCCESS
   Problem: Invalid picklist value: PG - UK - 20% in field: Expense_Header_vod__c.Tax_Code_HCPTS__c

   File Name:    objectTranslations/Expense_Header_vod__c-en_US.objectTranslation
   Full Name:  Expense_Header_vod__c-en_US
   Action:  NO ACTION
   Result:  SUCCESS
   Problem: Invalid picklist value: QA - ES - 21% EU Reverse Charge in field: Expense_Header_vod__c.Tax_Code_HCPTS__c

   File Name:    objectTranslations/Expense_Header_vod__c-en_US.objectTranslation
   Full Name:  Expense_Header_vod__c-en_US
   Action:  NO ACTION
   Result:  SUCCESS
   Problem: Invalid picklist value: QB - ES - 21% Non-EU Reverse Charge in field: Expense_Header_vod__c.Tax_Code_HCPTS__c

   File Name:    objectTranslations/Expense_Header_vod__c-en_US.objectTranslation
   Full Name:  Expense_Header_vod__c-en_US
   Action:  NO ACTION
   Result:  SUCCESS
   Problem: Invalid picklist value: RA - FR - 20% EU Reverse Charge in field: Expense_Header_vod__c.Tax_Code_HCPTS__c

   File Name:    objectTranslations/Expense_Header_vod__c-en_US.objectTranslation
   Full Name:  Expense_Header_vod__c-en_US
   Action:  NO ACTION
   Result:  SUCCESS
   Problem: Invalid picklist value: RA - IT - 21% EU Reverse Charge in field: Expense_Header_vod__c.Tax_Code_HCPTS__c

   File Name:    objectTranslations/Expense_Header_vod__c-en_US.objectTranslation
   Full Name:  Expense_Header_vod__c-en_US
   Action:  NO ACTION
   Result:  SUCCESS
   Problem: Invalid picklist value: RD - UK - 0% in field: Expense_Header_vod__c.Tax_Code_HCPTS__c

   File Name:    objectTranslations/Expense_Header_vod__c-en_US.objectTranslation
   Full Name:  Expense_Header_vod__c-en_US
   Action:  NO ACTION
   Result:  SUCCESS
   Problem: Invalid picklist value: SA - FR - 20% Non-EU Reverse Charge in field: Expense_Header_vod__c.Tax_Code_HCPTS__c

   File Name:    objectTranslations/Expense_Header_vod__c-en_US.objectTranslation
   Full Name:  Expense_Header_vod__c-en_US
   Action:  NO ACTION
   Result:  SUCCESS
   Problem: Invalid picklist value: SA - IT - 22% Non-EU Reverse Charge in field: Expense_Header_vod__c.Tax_Code_HCPTS__c

   File Name:    objectTranslations/Expense_Header_vod__c-en_US.objectTranslation
   Full Name:  Expense_Header_vod__c-en_US
   Action:  NO ACTION
   Result:  SUCCESS
   Problem: Invalid picklist value: SB - UK - 0% in field: Expense_Header_vod__c.Tax_Code_HCPTS__c

   File Name:    objectTranslations/Expense_Header_vod__c-en_US.objectTranslation
   Full Name:  Expense_Header_vod__c-en_US
   Action:  NO ACTION
   Result:  SUCCESS
   Problem: Invalid picklist value: YA - FR - 20% Claim at payment in field: Expense_Header_vod__c.Tax_Code_HCPTS__c

   File Name:    objectTranslations/Expense_Header_vod__c-en_US.objectTranslation
   Full Name:  Expense_Header_vod__c-en_US
   Action:  UPDATED
   Result:  SUCCESS
   Problem: n/a

   File Name:    objectTranslations/Expense_Line_vod__c-en_US.objectTranslation
   Full Name:  Expense_Line_vod__c-en_US
   Action:  UPDATED
   Result:  SUCCESS
   Problem: n/a

   File Name:    objectTranslations/Expense_Type_vod__c-en_US.objectTranslation
   Full Name:  Expense_Type_vod__c-en_US
   Action:  UPDATED
   Result:  SUCCESS
   Problem: n/a

   File Name:    objectTranslations/Medical_Event_vod__c-en_US.objectTranslation
   Full Name:  Medical_Event_vod__c-en_US
   Action:  UPDATED
   Result:  SUCCESS
   Problem: n/a

   File Name:    objectTranslations/Metadata_Definition_vod__c-en_US.objectTranslation
   Full Name:  Metadata_Definition_vod__c-en_US
   Action:  UPDATED
   Result:  SUCCESS
   Problem: n/a

   File Name:    objectTranslations/Metadata_Translation_vod__c-en_US.objectTranslation
   Full Name:  Metadata_Translation_vod__c-en_US
   Action:  UPDATED
   Result:  SUCCESS
   Problem: n/a

   File Name:    objectTranslations/PII_Data_HCPTS__c-en_US.objectTranslation
   Full Name:  PII_Data_HCPTS__c-en_US
   Action:  UPDATED
   Result:  SUCCESS
   Problem: n/a

   File Name:    objectTranslations/Preferences_vod__c-en_US.objectTranslation
   Full Name:  Preferences_vod__c-en_US
   Action:  UPDATED
   Result:  SUCCESS
   Problem: n/a

   File Name:    objectTranslations/Product_vod__c-en_US.objectTranslation
   Full Name:  Product_vod__c-en_US
   Action:  UPDATED
   Result:  SUCCESS
   Problem: n/a

   File Name:    objectTranslations/Purchase_Org_Details_HCPTS__c-en_US.objectTranslation
   Full Name:  Purchase_Org_Details_HCPTS__c-en_US
   Action:  UPDATED
   Result:  SUCCESS
   Problem: n/a

   File Name:    objectTranslations/SAP_Expense_Line_HCPTS__c-en_US.objectTranslation
   Full Name:  SAP_Expense_Line_HCPTS__c-en_US
   Action:  UPDATED
   Result:  SUCCESS
   Problem: n/a

   File Name:    objectTranslations/WBS_Details_HCPTS__c-en_US.objectTranslation
   Full Name:  WBS_Details_HCPTS__c-en_US
   Action:  UPDATED
   Result:  SUCCESS
   Problem: n/a

   File Name:    package.xml
   Full Name:  package.xml
   Action:  UPDATED
   Result:  SUCCESS
   Problem: n/a

   File Name:    permissionsets/EM_V3_Add_On_to_Basic_Level_1.permissionset
   Full Name:  EM_V3_Add_On_to_Basic_Level_1
   Action:  UPDATED
   Result:  SUCCESS
   Problem: n/a

   File Name:    permissionsets/EM_V3_Basic.permissionset
   Full Name:  EM_V3_Basic
   Action:  UPDATED
   Result:  SUCCESS
   Problem: n/a

   File Name:    permissionsets/EM_V3_Basic_Read_Only.permissionset
   Full Name:  EM_V3_Basic_Read_Only
   Action:  UPDATED
   Result:  SUCCESS
   Problem: n/a

   File Name:    permissionsets/EMv2_BMS_Field_User.permissionset
   Full Name:  EMv2_BMS_Field_User
   Action:  UPDATED
   Result:  SUCCESS
   Problem: n/a

   File Name:    permissionsets/EMv2_BMS_Field_User_ReadOnly.permissionset
   Full Name:  EMv2_BMS_Field_User_ReadOnly
   Action:  UPDATED
   Result:  SUCCESS
   Problem: n/a

   File Name:    permissionsets/EMv2_BMS_Integration_User.permissionset
   Full Name:  EMv2_BMS_Integration_User
   Action:  UPDATED
   Result:  SUCCESS
   Problem: n/a

   File Name:    permissionsets/EMv2_BMS_Power_User.permissionset
   Full Name:  EMv2_BMS_Power_User
   Action:  UPDATED
   Result:  SUCCESS
   Problem: n/a

   File Name:    permissionsets/EMv2_BMS_Super_User.permissionset
   Full Name:  EMv2_BMS_Super_User
   Action:  UPDATED
   Result:  SUCCESS
   Problem: n/a

   File Name:    profiles/Admin.profile
   Full Name:  Admin
   Action:  UPDATED
   Result:  SUCCESS
   Problem: n/a

# Test Results:
   n/a

n/a